#
# A fatal error has been detected by the Java Runtime Environment:
#
#  EXCEPTION_ACCESS_VIOLATION (0xc0000005) at pc=0x5e9b9ab1, pid=5184, tid=0x00004530
#
# JRE version: Java(TM) SE Runtime Environment (8.0_144-b01) (build 1.8.0_144-b01)
# Java VM: Java HotSpot(TM) Client VM (25.144-b01 mixed mode windows-x86 )
# Problematic frame:
# C  [awt.dll+0xa9ab1]
#
# Failed to write core dump. Minidumps are not enabled by default on client versions of Windows
#
# If you would like to submit a bug report, please visit:
#   http://bugreport.java.com/bugreport/crash.jsp
# The crash happened outside the Java Virtual Machine in native code.
# See problematic frame for where to report the bug.
#

---------------  T H R E A D  ---------------

Current thread (0x2d835000):  JavaThread "AWT-EventQueue-0" [_thread_in_native, id=17712, stack(0x29d10000,0x29d60000)]

siginfo: ExceptionCode=0xc0000005, reading address 0x00000004

Registers:
EAX=0x0000000d, EBX=0x910117e8, ECX=0x00000000, EDX=0x03243dc0
ESP=0x29d5dd08, EBP=0x73c56870, ESI=0x2db57b28, EDI=0x2dbce020
EIP=0x5e9b9ab1, EFLAGS=0x00010217

Top of Stack: (sp=0x29d5dd08)
0x29d5dd08:   5e93e936 910117e8 2dbce020 2d835140
0x29d5dd18:   29d5ddd8 29d5e2d0 5e96b333 2d835140
0x29d5dd28:   2dbce020 29d5e2d0 5e96b34a 00000001
0x29d5dd38:   00000000 00000000 5e93bb85 2d835140
0x29d5dd48:   29d5e2d0 2d835000 29c25620 29c25620
0x29d5dd58:   5eac04f9 04c8ad5a 00000000 2de56af8
0x29d5dd68:   29d5e2cc 2d835140 5ebb95e3 04d928d4
0x29d5dd78:   00000001 00000000 29d5dda8 5ec597ca 

Instructions: (pc=0x5e9b9ab1)
0x5e9b9a91:   00 00 c3 8b 41 04 8b 80 0c 0c 00 00 c3 8b 01 83
0x5e9b9aa1:   78 04 08 7e 03 33 c0 c3 8b 49 04 e9 e4 eb fe ff
0x5e9b9ab1:   8b 49 04 85 c9 74 05 e9 f2 e9 fe ff 33 c0 c2 04
0x5e9b9ac1:   00 8b 49 04 85 c9 74 05 e9 07 ea fe ff c2 04 00 


Register to memory mapping:

EAX=0x0000000d is an unknown value
EBX=0x910117e8 is an unknown value
ECX=0x00000000 is an unknown value
EDX=0x03243dc0 is an unknown value
ESP=0x29d5dd08 is pointing into the stack for thread: 0x2d835000
EBP=0x73c56870 is an unknown value
ESI=0x2db57b28 is an unknown value
EDI=0x2dbce020 is an unknown value


Stack: [0x29d10000,0x29d60000],  sp=0x29d5dd08,  free space=311k
Native frames: (J=compiled Java code, j=interpreted, Vv=VM code, C=native code)
C  [awt.dll+0xa9ab1]

Java frames: (J=compiled Java code, j=interpreted, Vv=VM code)
j  sun.java2d.windows.GDIBlitLoops.nativeBlit(Lsun/java2d/SurfaceData;Lsun/java2d/SurfaceData;Lsun/java2d/pipe/Region;IIIIIIIIIZ)V+0
j  sun.java2d.windows.GDIBlitLoops.Blit(Lsun/java2d/SurfaceData;Lsun/java2d/SurfaceData;Ljava/awt/Composite;Lsun/java2d/pipe/Region;IIIIII)V+33
J 2379 C1 sun.java2d.pipe.DrawImage.blitSurfaceData(Lsun/java2d/SunGraphics2D;Lsun/java2d/pipe/Region;Lsun/java2d/SurfaceData;Lsun/java2d/SurfaceData;Lsun/java2d/loops/SurfaceType;Lsun/java2d/loops/SurfaceType;IIIIIILjava/awt/Color;)V (145 bytes) @ 0x05049500 [0x050492e0+0x220]
J 2378 C1 sun.java2d.pipe.DrawImage.renderImageCopy(Lsun/java2d/SunGraphics2D;Ljava/awt/Image;Ljava/awt/Color;IIIIII)Z (147 bytes) @ 0x05048bdc [0x05048ac0+0x11c]
J 2381 C1 sun.java2d.pipe.DrawImage.copyImage(Lsun/java2d/SunGraphics2D;Ljava/awt/Image;IILjava/awt/Color;)Z (105 bytes) @ 0x0504a070 [0x05049e90+0x1e0]
J 2366 C1 sun.java2d.pipe.DrawImage.copyImage(Lsun/java2d/SunGraphics2D;Ljava/awt/Image;IILjava/awt/Color;Ljava/awt/image/ImageObserver;)Z (60 bytes) @ 0x05046ae8 [0x05046980+0x168]
j  sun.java2d.pipe.ValidatePipe.copyImage(Lsun/java2d/SunGraphics2D;Ljava/awt/Image;IILjava/awt/Color;Ljava/awt/image/ImageObserver;)Z+21
J 2461 C1 sun.java2d.SunGraphics2D.drawImage(Ljava/awt/Image;IILjava/awt/Color;Ljava/awt/image/ImageObserver;)Z (145 bytes) @ 0x0507344c [0x05073250+0x1fc]
J 2466 C1 sun.java2d.SunGraphics2D.drawImage(Ljava/awt/Image;IILjava/awt/image/ImageObserver;)Z (11 bytes) @ 0x05075e00 [0x05075dc0+0x40]
J 2454 C1 javax.swing.RepaintManager$PaintManager.paintDoubleBuffered(Ljavax/swing/JComponent;Ljava/awt/Image;Ljava/awt/Graphics;IIII)V (294 bytes) @ 0x05070e48 [0x05070ca0+0x1a8]
J 2554 C1 javax.swing.RepaintManager$PaintManager.paint(Ljavax/swing/JComponent;Ljavax/swing/JComponent;Ljava/awt/Graphics;IIII)Z (189 bytes) @ 0x05096b4c [0x05096910+0x23c]
j  javax.swing.RepaintManager.paint(Ljavax/swing/JComponent;Ljavax/swing/JComponent;Ljava/awt/Graphics;IIII)V+51
J 2632 C1 javax.swing.JComponent.paint(Ljava/awt/Graphics;)V (409 bytes) @ 0x050bc7f4 [0x050bc490+0x364]
j  java.awt.GraphicsCallback$PaintCallback.run(Ljava/awt/Component;Ljava/awt/Graphics;)V+2
j  sun.awt.SunGraphicsCallback.runOneComponent(Ljava/awt/Component;Ljava/awt/Rectangle;Ljava/awt/Graphics;Ljava/awt/Shape;I)V+155
j  sun.awt.SunGraphicsCallback.runComponents([Ljava/awt/Component;Ljava/awt/Graphics;I)V+194
j  java.awt.Container.paint(Ljava/awt/Graphics;)V+58
j  java.awt.Window.paint(Ljava/awt/Graphics;)V+68
j  javax.swing.RepaintManager$4.run()Ljava/lang/Void;+142
j  javax.swing.RepaintManager$4.run()Ljava/lang/Object;+1
v  ~StubRoutines::call_stub
J 2200  java.security.AccessController.doPrivileged(Ljava/security/PrivilegedAction;Ljava/security/AccessControlContext;)Ljava/lang/Object; (0 bytes) @ 0x0500bb07 [0x0500baa0+0x67]
J 2530 C1 javax.swing.RepaintManager.paintDirtyRegions(Ljava/util/Map;)V (196 bytes) @ 0x0508cf3c [0x0508cb60+0x3dc]
j  javax.swing.RepaintManager.paintDirtyRegions()V+46
j  javax.swing.RepaintManager.prePaintDirtyRegions()V+73
j  javax.swing.RepaintManager.access$1200(Ljavax/swing/RepaintManager;)V+1
j  javax.swing.RepaintManager$ProcessingRunnable.run()V+37
J 2356 C1 java.awt.event.InvocationEvent.dispatch()V (69 bytes) @ 0x05044cdc [0x05044bf0+0xec]
J 2271 C1 java.awt.EventQueue.dispatchEventImpl(Ljava/awt/AWTEvent;Ljava/lang/Object;)V (149 bytes) @ 0x050273cc [0x05026f10+0x4bc]
J 2333 C1 java.awt.EventQueue$3.run()Ljava/lang/Void; (60 bytes) @ 0x0503e3dc [0x0503e380+0x5c]
J 2332 C1 java.awt.EventQueue$3.run()Ljava/lang/Object; (5 bytes) @ 0x0503e160 [0x0503e140+0x20]
v  ~StubRoutines::call_stub
J 2200  java.security.AccessController.doPrivileged(Ljava/security/PrivilegedAction;Ljava/security/AccessControlContext;)Ljava/lang/Object; (0 bytes) @ 0x0500bb07 [0x0500baa0+0x67]
J 2267 C1 java.awt.EventQueue.dispatchEvent(Ljava/awt/AWTEvent;)V (80 bytes) @ 0x04ea4bc8 [0x04ea49c0+0x208]
J 2168 C1 java.awt.EventDispatchThread.pumpOneEventForFilters(I)V (295 bytes) @ 0x05004590 [0x05003f00+0x690]
j  java.awt.EventDispatchThread.pumpEventsForFilter(ILjava/awt/Conditional;Ljava/awt/EventFilter;)V+35
j  java.awt.EventDispatchThread.pumpEventsForHierarchy(ILjava/awt/Conditional;Ljava/awt/Component;)V+11
j  java.awt.EventDispatchThread.pumpEvents(ILjava/awt/Conditional;)V+4
j  java.awt.EventDispatchThread.pumpEvents(Ljava/awt/Conditional;)V+3
j  java.awt.EventDispatchThread.run()V+9
v  ~StubRoutines::call_stub

---------------  P R O C E S S  ---------------

Java Threads: ( => current thread )
  0x2d831000 JavaThread "DestroyJavaVM" [_thread_blocked, id=19436, stack(0x04840000,0x04890000)]
  0x2d833800 JavaThread "TimerQueue" daemon [_thread_blocked, id=5884, stack(0x2a290000,0x2a2e0000)]
=>0x2d835000 JavaThread "AWT-EventQueue-0" [_thread_in_native, id=17712, stack(0x29d10000,0x29d60000)]
  0x2d830000 JavaThread "AWT-Shutdown" [_thread_blocked, id=15784, stack(0x29c80000,0x29cd0000)]
  0x2d834400 JavaThread "Batik CleanerThread" daemon [_thread_blocked, id=24552, stack(0x29960000,0x299b0000)]
  0x2d833000 JavaThread "Timer-0" [_thread_blocked, id=24272, stack(0x29390000,0x293e0000)]
  0x2d834800 JavaThread "JmDNS(DESKTOP-EICKLEQ-hitronhub-home.local.).State.Timer" daemon [_thread_blocked, id=3956, stack(0x29300000,0x29350000)]
  0x2d833c00 JavaThread "JmDNS(DESKTOP-EICKLEQ-hitronhub-home.local.).Timer" daemon [_thread_blocked, id=15848, stack(0x29270000,0x292c0000)]
  0x2d832400 JavaThread "SocketListener(DESKTOP-EICKLEQ-hitronhub-home.local.)" daemon [_thread_in_native, id=23508, stack(0x29030000,0x29080000)]
  0x2d830400 JavaThread "JmDNS(fd00-fc-8ddb-a9e2-2d49-ff43-a290-9c38.local.).State.Timer" daemon [_thread_blocked, id=8004, stack(0x2e880000,0x2e8d0000)]
  0x2d80e400 JavaThread "JmDNS(fd00-fc-8ddb-a9e2-2d49-ff43-a290-9c38.local.).Timer" daemon [_thread_blocked, id=24120, stack(0x2e7f0000,0x2e840000)]
  0x2d80dc00 JavaThread "SocketListener(fd00-fc-8ddb-a9e2-2d49-ff43-a290-9c38.local.)" daemon [_thread_in_native, id=18348, stack(0x2e760000,0x2e7b0000)]
  0x2d80d400 JavaThread "JmDNS(fd00-fc-8ddb-a9e2-6191-51a8-ad16-5f3e.local.).State.Timer" daemon [_thread_blocked, id=13052, stack(0x2e6d0000,0x2e720000)]
  0x2d80e800 JavaThread "JmDNS(fd00-fc-8ddb-a9e2-6191-51a8-ad16-5f3e.local.).Timer" daemon [_thread_blocked, id=7824, stack(0x2e640000,0x2e690000)]
  0x2d80d000 JavaThread "SocketListener(fd00-fc-8ddb-a9e2-6191-51a8-ad16-5f3e.local.)" daemon [_thread_in_native, id=11064, stack(0x2e5b0000,0x2e600000)]
  0x2d7ff400 JavaThread "JmDNS(fe80-0-0-0-2d49-ff43-a290-9c38-wlan1.local.).State.Timer" daemon [_thread_blocked, id=7980, stack(0x2e390000,0x2e3e0000)]
  0x2d7fec00 JavaThread "JmDNS(fe80-0-0-0-2d49-ff43-a290-9c38-wlan1.local.).Timer" daemon [_thread_blocked, id=5172, stack(0x2e340000,0x2e390000)]
  0x2d7f5000 JavaThread "SocketListener(fe80-0-0-0-2d49-ff43-a290-9c38-wlan1.local.)" daemon [_thread_in_native, id=7052, stack(0x2e260000,0x2e2b0000)]
  0x2d7f4800 JavaThread "Multihomed mDNS.Timer" daemon [_thread_blocked, id=17676, stack(0x2e1a0000,0x2e1f0000)]
  0x2d7e2c00 JavaThread "cc.arduino.packages.discoverers.serial.SerialBoardsLister" [_thread_blocked, id=18496, stack(0x2d470000,0x2d4c0000)]
  0x28bea000 JavaThread "AWT-Windows" daemon [_thread_in_native, id=8012, stack(0x290c0000,0x29110000)]
  0x28be6000 JavaThread "Java2D Disposer" daemon [_thread_blocked, id=2536, stack(0x28fa0000,0x28ff0000)]
  0x27fa2400 JavaThread "Service Thread" daemon [_thread_blocked, id=19140, stack(0x28890000,0x288e0000)]
  0x27facc00 JavaThread "C1 CompilerThread0" daemon [_thread_blocked, id=10072, stack(0x28800000,0x28850000)]
  0x27fab000 JavaThread "Attach Listener" daemon [_thread_blocked, id=20920, stack(0x28770000,0x287c0000)]
  0x27fa9000 JavaThread "Signal Dispatcher" daemon [_thread_blocked, id=14532, stack(0x27350000,0x273a0000)]
  0x27f8bc00 JavaThread "Finalizer" daemon [_thread_blocked, id=17176, stack(0x285d0000,0x28620000)]
  0x27f75c00 JavaThread "Reference Handler" daemon [_thread_blocked, id=18016, stack(0x284b0000,0x28500000)]

Other Threads:
  0x049eec00 VMThread [stack: 0x28170000,0x281c0000] [id=944]
  0x27fa5c00 WatcherThread [stack: 0x28920000,0x28970000] [id=2400]

VM state:not at safepoint (normal execution)

VM Mutex/Monitor currently owned by a thread: None

Heap:
 def new generation   total 39424K, used 16878K [0x06e00000, 0x098c0000, 0x118a0000)
  eden space 35072K,  48% used [0x06e00000, 0x07e76178, 0x09040000)
  from space 4352K,   0% used [0x09480000, 0x09485a30, 0x098c0000)
  to   space 4352K,   0% used [0x09040000, 0x09040000, 0x09480000)
 tenured generation   total 87424K, used 79907K [0x118a0000, 0x16e00000, 0x26e00000)
   the space 87424K,  91% used [0x118a0000, 0x166a8c20, 0x166a8e00, 0x16e00000)
 Metaspace       used 18714K, capacity 19123K, committed 19328K, reserved 19840K

Card table byte_map: [0x06c50000,0x06d60000] byte_map_base: 0x06c19000

Polling page: 0x02fd0000

CodeCache: size=32768Kb used=4142Kb max_used=4558Kb free=28625Kb
 bounds [0x04c50000, 0x050c8000, 0x06c50000]
 total_blobs=2578 nmethods=2297 adapters=209
 compilation: enabled

Compilation events (10 events):
Event: 13396.053 Thread 0x27facc00 2679             java.util.ArrayList$Itr::hasNext (20 bytes)
Event: 13396.053 Thread 0x27facc00 nmethod 2679 0x04d49e88 code [0x04d49f80, 0x04d4a020]
Event: 13396.415 Thread 0x27facc00 2680             javax.swing.RepaintManager::scheduleProcessingRunnable (69 bytes)
Event: 13396.416 Thread 0x27facc00 nmethod 2680 0x04d002c8 code [0x04d00530, 0x04d012b4]
Event: 13396.433 Thread 0x27facc00 2681             java.util.IdentityHashMap::unmaskNull (13 bytes)
Event: 13396.433 Thread 0x27facc00 nmethod 2681 0x04d1aa08 code [0x04d1ab00, 0x04d1ab80]
Event: 13396.480 Thread 0x27facc00 2683             java.lang.ref.Reference::get (5 bytes)
Event: 13396.480 Thread 0x27facc00 nmethod 2683 0x04d1d1c8 code [0x04d1d2c0, 0x04d1d340]
Event: 13398.349 Thread 0x27facc00 2684             java.lang.ref.SoftReference::get (29 bytes)
Event: 13398.349 Thread 0x27facc00 nmethod 2684 0x04d54208 code [0x04d54300, 0x04d543c0]

GC Heap History (10 events):
Event: 13389.200 GC heap before
{Heap before GC invocations=15 (full 2):
 def new generation   total 39424K, used 19419K [0x06e00000, 0x098c0000, 0x118a0000)
  eden space 35072K,  47% used [0x06e00000, 0x07e554d8, 0x09040000)
  from space 4352K,  61% used [0x09040000, 0x092e1b10, 0x09480000)
  to   space 4352K,   0% used [0x09480000, 0x09480000, 0x098c0000)
 tenured generation   total 87424K, used 72597K [0x118a0000, 0x16e00000, 0x26e00000)
   the space 87424K,  83% used [0x118a0000, 0x15f85548, 0x15f85600, 0x16e00000)
 Metaspace       used 18714K, capacity 19123K, committed 19328K, reserved 19840K
Event: 13389.257 GC heap after
Heap after GC invocations=16 (full 3):
 def new generation   total 39424K, used 0K [0x06e00000, 0x098c0000, 0x118a0000)
  eden space 35072K,   0% used [0x06e00000, 0x06e00000, 0x09040000)
  from space 4352K,   0% used [0x09480000, 0x09480000, 0x098c0000)
  to   space 4352K,   0% used [0x09040000, 0x09040000, 0x09480000)
 tenured generation   total 87424K, used 49027K [0x118a0000, 0x16e00000, 0x26e00000)
   the space 87424K,  56% used [0x118a0000, 0x14880d08, 0x14880e00, 0x16e00000)
 Metaspace       used 18714K, capacity 19123K, committed 19328K, reserved 19840K
}
Event: 13389.493 GC heap before
{Heap before GC invocations=16 (full 3):
 def new generation   total 39424K, used 34258K [0x06e00000, 0x098c0000, 0x118a0000)
  eden space 35072K,  97% used [0x06e00000, 0x08f74bb0, 0x09040000)
  from space 4352K,   0% used [0x09480000, 0x09480000, 0x098c0000)
  to   space 4352K,   0% used [0x09040000, 0x09040000, 0x09480000)
 tenured generation   total 87424K, used 49027K [0x118a0000, 0x16e00000, 0x26e00000)
   the space 87424K,  56% used [0x118a0000, 0x14880d08, 0x14880e00, 0x16e00000)
 Metaspace       used 18714K, capacity 19123K, committed 19328K, reserved 19840K
Event: 13389.500 GC heap after
Heap after GC invocations=17 (full 3):
 def new generation   total 39424K, used 326K [0x06e00000, 0x098c0000, 0x118a0000)
  eden space 35072K,   0% used [0x06e00000, 0x06e00000, 0x09040000)
  from space 4352K,   7% used [0x09040000, 0x09091a30, 0x09480000)
  to   space 4352K,   0% used [0x09480000, 0x09480000, 0x098c0000)
 tenured generation   total 87424K, used 82508K [0x118a0000, 0x16e00000, 0x26e00000)
   the space 87424K,  94% used [0x118a0000, 0x169333a8, 0x16933400, 0x16e00000)
 Metaspace       used 18714K, capacity 19123K, committed 19328K, reserved 19840K
}
Event: 13391.911 GC heap before
{Heap before GC invocations=17 (full 3):
 def new generation   total 39424K, used 15958K [0x06e00000, 0x098c0000, 0x118a0000)
  eden space 35072K,  44% used [0x06e00000, 0x07d44028, 0x09040000)
  from space 4352K,   7% used [0x09040000, 0x09091a30, 0x09480000)
  to   space 4352K,   0% used [0x09480000, 0x09480000, 0x098c0000)
 tenured generation   total 87424K, used 82508K [0x118a0000, 0x16e00000, 0x26e00000)
   the space 87424K,  94% used [0x118a0000, 0x169333a8, 0x16933400, 0x16e00000)
 Metaspace       used 18714K, capacity 19123K, committed 19328K, reserved 19840K
Event: 13391.981 GC heap after
Heap after GC invocations=18 (full 4):
 def new generation   total 39424K, used 0K [0x06e00000, 0x098c0000, 0x118a0000)
  eden space 35072K,   0% used [0x06e00000, 0x06e00000, 0x09040000)
  from space 4352K,   0% used [0x09480000, 0x09480000, 0x098c0000)
  to   space 4352K,   0% used [0x09040000, 0x09040000, 0x09480000)
 tenured generation   total 87424K, used 28077K [0x118a0000, 0x16e00000, 0x26e00000)
   the space 87424K,  32% used [0x118a0000, 0x1340b4d8, 0x1340b600, 0x16e00000)
 Metaspace       used 18714K, capacity 19123K, committed 19328K, reserved 19840K
}
Event: 13396.231 GC heap before
{Heap before GC invocations=18 (full 4):
 def new generation   total 39424K, used 28075K [0x06e00000, 0x098c0000, 0x118a0000)
  eden space 35072K,  80% used [0x06e00000, 0x0896ad90, 0x09040000)
  from space 4352K,   0% used [0x09480000, 0x09480000, 0x098c0000)
  to   space 4352K,   0% used [0x09040000, 0x09040000, 0x09480000)
 tenured generation   total 87424K, used 28077K [0x118a0000, 0x16e00000, 0x26e00000)
   the space 87424K,  32% used [0x118a0000, 0x1340b4d8, 0x1340b600, 0x16e00000)
 Metaspace       used 18714K, capacity 19123K, committed 19328K, reserved 19840K
Event: 13396.238 GC heap after
Heap after GC invocations=19 (full 4):
 def new generation   total 39424K, used 2695K [0x06e00000, 0x098c0000, 0x118a0000)
  eden space 35072K,   0% used [0x06e00000, 0x06e00000, 0x09040000)
  from space 4352K,  61% used [0x09040000, 0x092e1db8, 0x09480000)
  to   space 4352K,   0% used [0x09480000, 0x09480000, 0x098c0000)
 tenured generation   total 87424K, used 52654K [0x118a0000, 0x16e00000, 0x26e00000)
   the space 87424K,  60% used [0x118a0000, 0x14c0bbc8, 0x14c0bc00, 0x16e00000)
 Metaspace       used 18714K, capacity 19123K, committed 19328K, reserved 19840K
}
Event: 13398.307 GC heap before
{Heap before GC invocations=19 (full 4):
 def new generation   total 39424K, used 27948K [0x06e00000, 0x098c0000, 0x118a0000)
  eden space 35072K,  72% used [0x06e00000, 0x086a9300, 0x09040000)
  from space 4352K,  61% used [0x09040000, 0x092e1db8, 0x09480000)
  to   space 4352K,   0% used [0x09480000, 0x09480000, 0x098c0000)
 tenured generation   total 87424K, used 52654K [0x118a0000, 0x16e00000, 0x26e00000)
   the space 87424K,  60% used [0x118a0000, 0x14c0bbc8, 0x14c0bc00, 0x16e00000)
 Metaspace       used 18714K, capacity 19123K, committed 19328K, reserved 19840K
Event: 13398.314 GC heap after
Heap after GC invocations=20 (full 4):
 def new generation   total 39424K, used 22K [0x06e00000, 0x098c0000, 0x118a0000)
  eden space 35072K,   0% used [0x06e00000, 0x06e00000, 0x09040000)
  from space 4352K,   0% used [0x09480000, 0x09485a30, 0x098c0000)
  to   space 4352K,   0% used [0x09040000, 0x09040000, 0x09480000)
 tenured generation   total 87424K, used 79907K [0x118a0000, 0x16e00000, 0x26e00000)
   the space 87424K,  91% used [0x118a0000, 0x166a8c20, 0x166a8e00, 0x16e00000)
 Metaspace       used 18714K, capacity 19123K, committed 19328K, reserved 19840K
}

Deoptimization events (0 events):
No events

Internal exceptions (10 events):
Event: 64.858 Thread 0x2d830c00 Exception <a 'sun/nio/fs/WindowsException'> (0x07413aa8) thrown at [C:\workspace\8-2-build-windows-i586-cygwin\jdk8u144\9417\hotspot\src\share\vm\prims\jni.cpp, line 709]
Event: 64.858 Thread 0x2d830c00 Exception <a 'sun/nio/fs/WindowsException'> (0x07414038) thrown at [C:\workspace\8-2-build-windows-i586-cygwin\jdk8u144\9417\hotspot\src\share\vm\prims\jni.cpp, line 709]
Event: 64.859 Thread 0x2d830c00 Exception <a 'sun/nio/fs/WindowsException'> (0x07420e60) thrown at [C:\workspace\8-2-build-windows-i586-cygwin\jdk8u144\9417\hotspot\src\share\vm\prims\jni.cpp, line 709]
Event: 64.859 Thread 0x2d830c00 Exception <a 'sun/nio/fs/WindowsException'> (0x07421430) thrown at [C:\workspace\8-2-build-windows-i586-cygwin\jdk8u144\9417\hotspot\src\share\vm\prims\jni.cpp, line 709]
Event: 64.860 Thread 0x2d830c00 Exception <a 'sun/nio/fs/WindowsException'> (0x0742ffc8) thrown at [C:\workspace\8-2-build-windows-i586-cygwin\jdk8u144\9417\hotspot\src\share\vm\prims\jni.cpp, line 709]
Event: 64.860 Thread 0x2d830c00 Exception <a 'sun/nio/fs/WindowsException'> (0x07430570) thrown at [C:\workspace\8-2-build-windows-i586-cygwin\jdk8u144\9417\hotspot\src\share\vm\prims\jni.cpp, line 709]
Event: 64.862 Thread 0x2d830c00 Exception <a 'sun/nio/fs/WindowsException'> (0x0743d298) thrown at [C:\workspace\8-2-build-windows-i586-cygwin\jdk8u144\9417\hotspot\src\share\vm\prims\jni.cpp, line 709]
Event: 64.862 Thread 0x2d830c00 Exception <a 'sun/nio/fs/WindowsException'> (0x0743d7f0) thrown at [C:\workspace\8-2-build-windows-i586-cygwin\jdk8u144\9417\hotspot\src\share\vm\prims\jni.cpp, line 709]
Event: 64.863 Thread 0x2d830c00 Exception <a 'sun/nio/fs/WindowsException'> (0x0744a730) thrown at [C:\workspace\8-2-build-windows-i586-cygwin\jdk8u144\9417\hotspot\src\share\vm\prims\jni.cpp, line 709]
Event: 64.863 Thread 0x2d830c00 Exception <a 'sun/nio/fs/WindowsException'> (0x0744ac88) thrown at [C:\workspace\8-2-build-windows-i586-cygwin\jdk8u144\9417\hotspot\src\share\vm\prims\jni.cpp, line 709]

Events (10 events):
Event: 13398.349 Thread 0x27facc00 flushing nmethod 0x04d86ec8
Event: 13398.349 Thread 0x27facc00 flushing nmethod 0x04d87588
Event: 13398.349 Thread 0x27facc00 flushing nmethod 0x04d87a88
Event: 13398.349 Thread 0x27facc00 flushing nmethod 0x04d87d08
Event: 13398.349 Thread 0x27facc00 flushing nmethod 0x04d88008
Event: 13398.349 Thread 0x27facc00 flushing nmethod 0x04d886c8
Event: 13398.349 Thread 0x27facc00 flushing nmethod 0x04d89048
Event: 13398.349 Thread 0x27facc00 flushing nmethod 0x04d894c8
Event: 13398.349 Thread 0x27facc00 flushing nmethod 0x04d8a608
Event: 13398.349 Thread 0x27facc00 flushing nmethod 0x04d8aa08


Dynamic libraries:
0x00800000 - 0x00833000 	C:\Program Files (x86)\Arduino\java\bin\javaw.exe
0x77190000 - 0x7731d000 	C:\WINDOWS\SYSTEM32\ntdll.dll
0x73e60000 - 0x73f30000 	C:\WINDOWS\System32\KERNEL32.DLL
0x76130000 - 0x76307000 	C:\WINDOWS\System32\KERNELBASE.dll
0x73bd0000 - 0x73c48000 	C:\WINDOWS\System32\ADVAPI32.dll
0x758a0000 - 0x7595d000 	C:\WINDOWS\System32\msvcrt.dll
0x760e0000 - 0x76123000 	C:\WINDOWS\System32\sechost.dll
0x73f30000 - 0x73fee000 	C:\WINDOWS\System32\RPCRT4.dll
0x73bb0000 - 0x73bd0000 	C:\WINDOWS\System32\SspiCli.dll
0x73ba0000 - 0x73baa000 	C:\WINDOWS\System32\CRYPTBASE.dll
0x77130000 - 0x77187000 	C:\WINDOWS\System32\bcryptPrimitives.dll
0x73ff0000 - 0x74165000 	C:\WINDOWS\System32\USER32.dll
0x75980000 - 0x75996000 	C:\WINDOWS\System32\win32u.dll
0x73c50000 - 0x73c72000 	C:\WINDOWS\System32\GDI32.dll
0x75550000 - 0x756ae000 	C:\WINDOWS\System32\gdi32full.dll
0x76f50000 - 0x76fcc000 	C:\WINDOWS\System32\msvcp_win.dll
0x73cd0000 - 0x73de7000 	C:\WINDOWS\System32\ucrtbase.dll
0x72650000 - 0x72861000 	C:\WINDOWS\WinSxS\x86_microsoft.windows.common-controls_6595b64144ccf1df_6.0.16299.371_none_5d75084fa7e1cb96\COMCTL32.dll
0x764a0000 - 0x766e6000 	C:\WINDOWS\System32\combase.dll
0x767e0000 - 0x76805000 	C:\WINDOWS\System32\IMM32.DLL
0x5ff90000 - 0x6004f000 	C:\Program Files (x86)\Arduino\java\bin\msvcr100.dll
0x5ea60000 - 0x5ee2e000 	C:\Program Files (x86)\Arduino\java\bin\client\jvm.dll
0x77120000 - 0x77126000 	C:\WINDOWS\System32\PSAPI.DLL
0x73b50000 - 0x73b58000 	C:\WINDOWS\SYSTEM32\VERSION.dll
0x72620000 - 0x72644000 	C:\WINDOWS\SYSTEM32\WINMM.dll
0x60140000 - 0x60148000 	C:\WINDOWS\SYSTEM32\WSOCK32.dll
0x75a50000 - 0x75ab6000 	C:\WINDOWS\System32\WS2_32.dll
0x725f0000 - 0x72613000 	C:\WINDOWS\SYSTEM32\winmmbase.dll
0x75860000 - 0x75898000 	C:\WINDOWS\System32\cfgmgr32.dll
0x5ff60000 - 0x5ff90000 	C:\Program Files (x86)\Arduino\java\bin\splashscreen.dll
0x732f0000 - 0x73369000 	C:\WINDOWS\system32\uxtheme.dll
0x5ff50000 - 0x5ff5c000 	C:\Program Files (x86)\Arduino\java\bin\verify.dll
0x5ff20000 - 0x5ff41000 	C:\Program Files (x86)\Arduino\java\bin\java.dll
0x76fd0000 - 0x77114000 	C:\WINDOWS\System32\MSCTF.dll
0x76740000 - 0x767d3000 	C:\WINDOWS\System32\OLEAUT32.dll
0x72d30000 - 0x72db7000 	C:\Program Files (x86)\Common Files\Microsoft Shared\Ink\tiptsf.dll
0x5ff00000 - 0x5ff13000 	C:\Program Files (x86)\Arduino\java\bin\zip.dll
0x75540000 - 0x7554e000 	C:\WINDOWS\System32\kernel.appcore.dll
0x600c0000 - 0x60137000 	C:\WINDOWS\System32\TextInputFramework.dll
0x709a0000 - 0x70a2c000 	C:\WINDOWS\System32\CoreMessaging.dll
0x70760000 - 0x70994000 	C:\WINDOWS\System32\CoreUIComponents.dll
0x76410000 - 0x76498000 	C:\WINDOWS\System32\SHCORE.dll
0x735b0000 - 0x735d8000 	C:\WINDOWS\SYSTEM32\ntmarta.dll
0x70690000 - 0x7075b000 	C:\WINDOWS\SYSTEM32\wintypes.dll
0x73650000 - 0x73673000 	C:\WINDOWS\system32\dwmapi.dll
0x75ac0000 - 0x75b42000 	C:\WINDOWS\System32\clbcatq.dll
0x70ac0000 - 0x70c5e000 	C:\Windows\System32\uiautomationcore.dll
0x70a30000 - 0x70ab6000 	C:\WINDOWS\SYSTEM32\sxs.dll
0x74200000 - 0x75533000 	C:\WINDOWS\System32\SHELL32.dll
0x76810000 - 0x76dd6000 	C:\WINDOWS\System32\windows.storage.dll
0x759a0000 - 0x759e5000 	C:\WINDOWS\System32\shlwapi.dll
0x73c80000 - 0x73cc5000 	C:\WINDOWS\System32\powrprof.dll
0x75840000 - 0x75854000 	C:\WINDOWS\System32\profapi.dll
0x739e0000 - 0x73a36000 	C:\Windows\System32\OLEACC.dll
0x60050000 - 0x600be000 	C:\WINDOWS\SYSTEM32\twinapi.dll
0x68550000 - 0x68684000 	C:\WINDOWS\SYSTEM32\twinapi.appcore.dll
0x68a40000 - 0x68a5a000 	C:\WINDOWS\SYSTEM32\RMCLIENT.dll
0x73990000 - 0x739a9000 	C:\WINDOWS\SYSTEM32\bcrypt.dll
0x61940000 - 0x619b2000 	C:\Program Files (x86)\Arduino\lib\listSerialsj.dll
0x75bc0000 - 0x75fe6000 	C:\WINDOWS\System32\SETUPAPI.dll
0x5fee0000 - 0x5fefd000 	C:\Program Files (x86)\Arduino\lib\jnidispatch-4.2.2-win32-x86.dll
0x76310000 - 0x76407000 	C:\WINDOWS\System32\ole32.dll
0x5fe00000 - 0x5fe16000 	C:\Program Files (x86)\Arduino\java\bin\net.dll
0x735e0000 - 0x73635000 	C:\WINDOWS\system32\mswsock.dll
0x5fdf0000 - 0x5fdff000 	C:\Program Files (x86)\Arduino\java\bin\nio.dll
0x5e910000 - 0x5ea55000 	C:\Program Files (x86)\Arduino\java\bin\awt.dll
0x73ab0000 - 0x73b4a000 	C:\WINDOWS\SYSTEM32\apphelp.dll
0x5fdb0000 - 0x5fde9000 	C:\Program Files (x86)\Arduino\java\bin\fontmanager.dll
0x5fcd0000 - 0x5fdaf000 	C:\WINDOWS\system32\opengl32.dll
0x5e8e0000 - 0x5e905000 	C:\WINDOWS\SYSTEM32\GLU32.dll
0x5e8a0000 - 0x5e8d2000 	C:\Program Files (x86)\Arduino\java\bin\t2k.dll
0x72eb0000 - 0x72ed2000 	C:\WINDOWS\SYSTEM32\DEVOBJ.dll
0x766f0000 - 0x76736000 	C:\WINDOWS\System32\WINTRUST.dll
0x760d0000 - 0x760de000 	C:\WINDOWS\System32\MSASN1.dll
0x756b0000 - 0x75832000 	C:\WINDOWS\System32\CRYPT32.dll
0x739b0000 - 0x739e0000 	C:\WINDOWS\SYSTEM32\IPHLPAPI.DLL
0x75bb0000 - 0x75bb7000 	C:\WINDOWS\System32\NSI.dll
0x73470000 - 0x73483000 	C:\WINDOWS\SYSTEM32\dhcpcsvc6.DLL
0x73450000 - 0x73464000 	C:\WINDOWS\SYSTEM32\dhcpcsvc.DLL
0x72f60000 - 0x72ff4000 	C:\WINDOWS\SYSTEM32\DNSAPI.dll
0x72f30000 - 0x72f51000 	C:\Program Files (x86)\Bonjour\mdnsNSP.dll
0x72dc0000 - 0x72dc8000 	C:\Windows\System32\rasadhlp.dll
0x72ee0000 - 0x72f2e000 	C:\WINDOWS\System32\fwpuclnt.dll
0x5e830000 - 0x5e899000 	C:\Program Files (x86)\Arduino\msvcp100.dll
0x5e770000 - 0x5e82e000 	C:\Program Files (x86)\Arduino\msvcr100.dll
0x297b0000 - 0x297e2000 	C:\Program Files (x86)\Arduino\lib\AStylej.dll
0x5e740000 - 0x5e764000 	C:\Program Files (x86)\Arduino\java\bin\dcpr.dll
0x70ee0000 - 0x7104e000 	C:\WINDOWS\SYSTEM32\WindowsCodecs.dll
0x5e6f0000 - 0x5e738000 	C:\WINDOWS\system32\dataexchange.dll
0x5e3b0000 - 0x5e5ee000 	C:\WINDOWS\system32\d3d11.dll
0x5e5f0000 - 0x5e6ee000 	C:\WINDOWS\system32\dcomp.dll
0x5e310000 - 0x5e3a3000 	C:\WINDOWS\system32\dxgi.dll
0x72910000 - 0x72a91000 	C:\WINDOWS\SYSTEM32\dbghelp.dll

VM Arguments:
jvm_args: -Dsun.java2d.d3d=false -Djna.nosys=true -Djna.nounpack=true -Djna.boot.library.name=jnidispatch-4.2.2-win32-x86 -Djna.boot.library.path=C:\Program Files (x86)\Arduino/lib -Djssc.library.path=C:\Program Files (x86)\Arduino/lib -DAPP_DIR=C:\Program Files (x86)\Arduino -Xms128M -Xmx512M 
java_command: processing.app.Base C:\Users\stuar\Documents\Thanksgiving_Intranet\Arduino_Software\system_monitor\system_monitor.ino
java_class_path (initial): C:\Program Files (x86)\Arduino\lib\apple.jar;C:\Program Files (x86)\Arduino\lib\arduino-core.jar;C:\Program Files (x86)\Arduino\lib\batik-1.8.jar;C:\Program Files (x86)\Arduino\lib\batik-anim-1.8.jar;C:\Program Files (x86)\Arduino\lib\batik-awt-util-1.8.jar;C:\Program Files (x86)\Arduino\lib\batik-bridge-1.8.jar;C:\Program Files (x86)\Arduino\lib\batik-codec-1.8.jar;C:\Program Files (x86)\Arduino\lib\batik-css-1.8.jar;C:\Program Files (x86)\Arduino\lib\batik-dom-1.8.jar;C:\Program Files (x86)\Arduino\lib\batik-ext-1.8.jar;C:\Program Files (x86)\Arduino\lib\batik-gvt-1.8.jar;C:\Program Files (x86)\Arduino\lib\batik-parser-1.8.jar;C:\Program Files (x86)\Arduino\lib\batik-rasterizer-1.8.jar;C:\Program Files (x86)\Arduino\lib\batik-script-1.8.jar;C:\Program Files (x86)\Arduino\lib\batik-squiggle-1.8.jar;C:\Program Files (x86)\Arduino\lib\batik-svg-dom-1.8.jar;C:\Program Files (x86)\Arduino\lib\batik-svgpp-1.8.jar;C:\Program Files (x86)\Arduino\lib\batik-transcoder-1.8.jar;C:\Program Files (x86)\Arduino\lib\batik-util-1.8.jar;C:\Program Files (x86)\Arduino\lib\batik-xml-1.8.jar;C:\Program Files (x86)\Arduino\lib\bcpg-jdk15on-152.jar;C:\Program Files (x86)\Arduino\lib\bcprov-jdk15on-152.jar;C:\Program Files (x86)\Arduino\lib\commons-codec-1.7.jar;C:\Program Files (x86)\Arduino\lib\commons-compress-1.8.jar;C:\Program Files (x86)\Arduino\lib\commons-exec-1.1.jar;C:\Program Files (x86)\Arduino\lib\commons-httpclient-3.1.jar;C:\Program Files (x86)\Arduino\lib\commons-lang3-3.3.2.jar;C:\Program Files (x86)\Arduino\lib\commons-logging-1.0.4.jar;C:\Program Files (x86)\Arduino\lib\commons-net-3.3.jar;C:\Program Files (x86)\Arduino\lib\jackson-annotations-2.6.3.jar;C:\Program Files (x86)\Arduino\lib\jackson-core-2.6.3.jar;C:\Program Files (x86)\Arduino\lib\jackson-databind-2.6.3.jar;C:\Program Files (x86)\Arduino\lib\jackson-module-mrbean-2.6.3.jar;C:\Program Files (x86)\Arduino\lib\java-semver-0.8.0.jar;C:\Program Files (x86)\Arduino\lib\jmdns-3.5.1.j
Launcher Type: SUN_STANDARD

Environment Variables:
PATH=C:\Program Files (x86)\Intel\iCLS Client\;C:\Program Files\Intel\iCLS Client\;C:\windows\system32;C:\windows;C:\windows\System32\Wbem;C:\windows\System32\WindowsPowerShell\v1.0\;C:\Program Files (x86)\Intel\Intel(R) Management Engine Components\DAL;C:\Program Files\Intel\Intel(R) Management Engine Components\DAL;C:\Program Files (x86)\Intel\Intel(R) Management Engine Components\IPT;C:\Program Files\Intel\Intel(R) Management Engine Components\IPT;C:\Program Files (x86)\NVIDIA Corporation\PhysX\Common;C:\WINDOWS\system32;C:\WINDOWS;C:\WINDOWS\System32\Wbem;C:\WINDOWS\System32\WindowsPowerShell\v1.0\;C:\Program Files\Microsoft SQL Server\Client SDK\ODBC\110\Tools\Binn\;C:\Program Files (x86)\Microsoft SQL Server\120\Tools\Binn\;C:\Program Files\Microsoft SQL Server\120\Tools\Binn\;C:\Program Files\Microsoft SQL Server\120\DTS\Binn\;C:\Program Files (x86)\Windows Kits\8.1\Windows Performance Toolkit\;C:\Program Files\Intel\WiFi\bin\;C:\Program Files\Common Files\Intel\WirelessCommon\;C:\Users\stuar\Anaconda3;C:\Users\stuar\Anaconda3\Library\mingw-w64\bin;C:\Users\stuar\Anaconda3\Library\usr\bin;C:\Users\stuar\Anaconda3\Library\bin;C:\Users\stuar\Anaconda3\Scripts;C:\Users\stuar\AppData\Local\Microsoft\WindowsApps;C:\Program Files (x86)\Vim;C:\Program Files (x86)\Arduino\java\bin
USERNAME=stuar
OS=Windows_NT
PROCESSOR_IDENTIFIER=Intel64 Family 6 Model 142 Stepping 9, GenuineIntel



---------------  S Y S T E M  ---------------

OS: Windows 10.0 , 64 bit Build 16299 (10.0.16299.15)

CPU:total 4 (initial active 4) (2 cores per cpu, 2 threads per core) family 6 model 142 stepping 9, cmov, cx8, fxsr, mmx, sse, sse2, sse3, ssse3, sse4.1, sse4.2, popcnt, avx, avx2, aes, clmul, erms, 3dnowpref, lzcnt, ht, tsc, tscinvbit, bmi1, bmi2, adx

Memory: 4k page, physical 16659444k(7256076k free), swap 49427444k(36185252k free)

vm_info: Java HotSpot(TM) Client VM (25.144-b01) for windows-x86 JRE (1.8.0_144-b01), built on Jul 21 2017 21:58:05 by "java_re" with MS VC++ 10.0 (VS2010)

time: Sat Apr 21 14:10:34 2018
elapsed time: 13398 seconds (0d 3h 43m 18s)

