time="2021-10-23 11:46:09" level=info msg="Enabling database foreign keys..."
time="2021-10-23 11:46:09" level=info msg="Ensuring database tables exist..."
time="2021-10-23 11:47:04" level=info msg="Enabling database foreign keys..."
time="2021-10-23 11:47:04" level=info msg="Ensuring database tables exist..."
time="2021-10-23 11:47:04" level=info msg="Broadcasting readings on :3030"
time="2021-10-23 11:49:06" level=info msg="Enabling database foreign keys..."
time="2021-10-23 11:49:06" level=info msg="Ensuring database tables exist..."
time="2021-10-23 11:49:06" level=info msg="Broadcasting readings on :3030"
time="2021-10-23 11:49:06" level=info msg="API started on port :80"
time="2021-10-23 11:49:06" level=debug msg=Opening/dev/ttyACM0
time="2021-10-23 11:49:06" level=info msg="Waking up arduino..."
time="2021-10-23 11:49:06" level=debug msg="Sending command: 0\n"
time="2021-10-23 11:49:06" level=debug msg="Read: ---------------------------"
time="2021-10-23 11:49:06" level=debug msg="Read: 27.00\tinTemp: 19.94\tboxTemp: 20.25\nLoads Connected: TRUE\n----------------------------------------------------------"
time="2021-10-23 11:49:10" level=debug msg="Read: -----------------------"
time="2021-10-23 11:49:10" level=debug msg="Timed out listening for response to command <0>"
time="2021-10-23 11:49:10" level=debug msg="Sending command: 0\n"
time="2021-10-23 11:49:10" level=debug msg="Read: -----------------------------------\nCurrent Filename: 6173e2dd.csv\r\nDEBUG: The time is: 10:48.51 on October 23, 2021\r\nBattV: 11.54\tSolarV: 11.55\nLoadA: -0.13\t BattA: -0.13\tSolarA: 0.00\nloadPWR: -1.47\tsolarPWR: 0.00\thydroPWR: -0.07\noutTemp: -127.00\tinTemp: 19.94\tboxTemp: 20.25\nLoads Connected: TRUE\n----------------------------------------------------------"
time="2021-10-23 11:49:10" level=debug msg="Read: <0>"
time="2021-10-23 11:49:10" level=info msg="Arduino connection established and greetings exchanged"
time="2021-10-23 11:49:10" level=info msg="Downloading historical data..."
time="2021-10-23 11:49:10" level=debug msg="Sending command: 2\n"
time="2021-10-23 11:49:10" level=debug msg="Read: <2>"
time="2021-10-23 11:49:11" level=debug msg="Read files: []"
time="2021-10-23 11:49:11" level=debug msg="Sending command: 4\n"
time="2021-10-23 11:49:11" level=info msg="Monitoring data stream for anomalies"
time="2021-10-23 11:49:11" level=debug msg="Read: <4>"
time="2021-10-23 11:49:11" level=info msg="Arduino data stream instantiated"
time="2021-10-23 11:49:12" level=warning msg="Shutdown signal received"
time="2021-10-23 11:49:16" level=debug msg="Read: -----------------------------"
time="2021-10-23 11:49:16" level=info msg="Data streaming stopped!"
time="2021-10-23 11:49:16" level=info msg="All workers done, shutting down!"
time="2021-10-23 11:49:23" level=info msg="Enabling database foreign keys..."
time="2021-10-23 11:49:23" level=info msg="Ensuring database tables exist..."
time="2021-10-23 11:49:23" level=info msg="Broadcasting readings on :3030"
time="2021-10-23 11:49:23" level=info msg="API started on port :80"
time="2021-10-23 11:49:23" level=debug msg=Opening/dev/ttyACM0
time="2021-10-23 11:49:23" level=info msg="Waking up arduino..."
time="2021-10-23 11:49:23" level=debug msg="Sending command: 0\n"
time="2021-10-23 11:49:23" level=debug msg="Read: -----------------------------\nCurrent Filename:"
time="2021-10-23 11:49:23" level=debug msg="Read: -127.00\tinTemp: 19.94\tboxTemp: 20.25\nLoads Connected: TRUE\n----------------------------------------------------------"
time="2021-10-23 11:50:48" level=info msg="Hello!"
time="2021-10-23 11:50:48" level=info msg="Enabling database foreign keys..."
time="2021-10-23 11:50:48" level=info msg="Ensuring database tables exist..."
time="2021-10-23 11:50:48" level=info msg="Broadcasting readings on :3030"
time="2021-10-23 11:50:48" level=info msg="API started on port :80"
time="2021-10-23 11:50:48" level=debug msg=Opening/dev/ttyACM0
time="2021-10-23 11:50:48" level=info msg="Waking up arduino..."
time="2021-10-23 11:50:48" level=debug msg="Sending command: 0\n"
time="2021-10-23 11:50:48" level=debug msg="Read: ----------utTe"
time="2021-10-23 11:50:48" level=debug msg="Read: mp: -127.00\tinTemp: 19.94\tboxTemp: 20.25\nLoads Connected: TRUE\n----------------------------------------------------------\n\n\nutTe"
time="2021-10-23 11:50:48" level=debug msg="Read: mp: -127.00\tinTemp: 19.94\tboxTemp: 20.25\nLoads Connected: TRUE\n----------------------------------------------------------"
time="2021-10-23 11:50:52" level=debug msg="Read: -------------------------------------------"
time="2021-10-23 11:50:52" level=debug msg="Timed out listening for response to command <0>"
time="2021-10-23 11:50:52" level=debug msg="Sending command: 0\n"
time="2021-10-23 11:50:52" level=debug msg="Read: ---------------\nCurrent Filename: 6173e2dd.csv\r\nDEBUG: The time is: 10:50.33 on October 23, 2021\r\nBattV: 11.60\tSolarV: 11.61\nLoadA: -0.12\t BattA: -0.12\tSolarA: 0.00\nloadPWR: -1.35\tsolarPWR: 0.00\thydroPWR: -0.03\noutTemp: -127.00\tinTemp: 19.94\tboxTemp: 20.25\nLoads Connected: TRUE\n----------------------------------------------------------"
time="2021-10-23 11:50:52" level=debug msg="Read: <0>"
time="2021-10-23 11:50:52" level=info msg="Arduino connection established and greetings exchanged"
time="2021-10-23 11:50:52" level=info msg="Downloading historical data..."
time="2021-10-23 11:50:52" level=debug msg="Sending command: 2\n"
time="2021-10-23 11:50:52" level=debug msg="Read: <2>"
time="2021-10-23 11:50:53" level=debug msg="Read files: []"
time="2021-10-23 11:50:53" level=debug msg="Sending command: 4\n"
time="2021-10-23 11:50:53" level=info msg="Monitoring data stream for anomalies"
time="2021-10-23 11:50:53" level=debug msg="Read: <4>"
time="2021-10-23 11:50:53" level=info msg="Arduino data stream instantiated"
time="2021-10-23 11:50:58" level=debug msg="Read: ---"
time="2021-10-23 11:50:58" level=debug msg="Read: ------------------------------------------------"
time="2021-10-23 11:50:58" level=debug msg="Read: -------\nCurrent Filename: 6173e2dd.csv\r\nDEBUG: T"
time="2021-10-23 11:50:58" level=debug msg="Read: he time is: 10:50.39 on October 23, 2021\r\nBattV:"
time="2021-10-23 11:50:58" level=debug msg="Read: 11.55\tSolarV: 11.56\nLoadA: -0.13\t BattA: -0.13"
time="2021-10-23 11:50:58" level=debug msg="Read: SolarA: 0.00\nloadPWR: -1.46\tsolarPWR: 0.00\thydroP"
time="2021-10-23 11:50:58" level=debug msg="Read: WR: -0.04\noutTemp: -127.00\tinTemp: 19.94\tboxTemp"
time="2021-10-23 11:50:58" level=debug msg="Read: : 20.25\nLoads Connected: TRUE\n------------------"
time="2021-10-23 11:50:58" level=debug msg="Read: ----------------------------------------"
time="2021-10-23 11:50:59" level=debug msg="Read: ------------------------------------------------"
time="2021-10-23 11:50:59" level=debug msg="Read: ----------\nCurrent Filename: 6173e2dd.csv\r\nDEBUG"
time="2021-10-23 11:50:59" level=debug msg="Read: : The time is: 10:50.39 on October 23, 2021\r\nBat"
time="2021-10-23 11:50:59" level=debug msg="Read: tV: 11.54\tSolarV: 11.56\nLoadA: -0.13\t BattA: -0."
time="2021-10-23 11:50:59" level=debug msg="Read: 13\tSolarA: 0.00\nloadPWR: -1.44\tsolarPWR: 0.00\thy"
time="2021-10-23 11:50:59" level=debug msg="Read: droPWR: -0.06\noutTemp: -127.00\tinTemp: 19.94\tboxT"
time="2021-10-23 11:50:59" level=debug msg="Read: emp: 20.25\nLoads Connected: TRUE\n---------------"
time="2021-10-23 11:50:59" level=debug msg="Read: -------------------------------------------"
time="2021-10-23 11:50:59" level=debug msg="Read: <\r\n163498623"
time="2021-10-23 11:50:59" level=debug msg="Read: 8,11.54,11.56,-0.13,-0.13,0.00,-1.44,0.00,-0.06,"
time="2021-10-23 11:50:59" level=debug msg="Read: -127.00,19.94,20.25\n>"
time="2021-10-23 11:50:59" level=error msg="Failed to parse line"
time="2021-10-23 11:50:59" level=error msg="strconv.ParseInt: parsing \"\\r8\": invalid syntax"
time="2021-10-23 11:51:04" level=debug msg="Read: ---------"
time="2021-10-23 11:51:04" level=debug msg="Read: ------------------------------------------------"
time="2021-10-23 11:51:04" level=debug msg="Read: -\nCurrent Filename: 6173e2dd.csv\r\nDEBUG: The tim"
time="2021-10-23 11:51:04" level=debug msg="Read: e is: 10:50.45 on October 23, 2021\r\nBattV: 11.60"
time="2021-10-23 11:51:04" level=debug msg="Read: SolarV: 11.61\nLoadA: -0.12\t BattA: -0.12\tSolarA"
time="2021-10-23 11:51:04" level=debug msg="Read: : 0.00\nloadPWR: -1.35\tsolarPWR: 0.00\thydroPWR: -"
time="2021-10-23 11:51:04" level=debug msg="Read: 0.04\noutTemp: -127.00\tinTemp: 19.94\tboxTemp: 20.2"
time="2021-10-23 11:51:04" level=debug msg="Read: 5\nLoads Connected: TRUE\n------------------------"
time="2021-10-23 11:51:04" level=debug msg="Read: ----------------------------------"
time="2021-10-23 11:51:05" level=debug msg="Read: --------------------------------"
time="2021-10-23 11:51:05" level=debug msg="Read: --------------------------\nCurrent Filename: 617"
time="2021-10-23 11:51:05" level=debug msg="Read: 3e2dd.csv\r\nDEBUG: The time is: 10:50.45 on Octob"
time="2021-10-23 11:51:05" level=debug msg="Read: er 23, 2021\r\nBattV: 11.56\tSolarV: 11.57\nLoadA: -"
time="2021-10-23 11:51:05" level=debug msg="Read: 0.12\t BattA: -0.12\tSolarA: 0.00\nloadPWR: -1.44\ts"
time="2021-10-23 11:51:05" level=debug msg="Read: olarPWR: 0.11\thydroPWR: -0.18\noutTemp: -127.00\tin"
time="2021-10-23 11:51:05" level=debug msg="Read: Temp: 19.94\tboxTemp: 20.25\nLoads Connected: TRUE"
time="2021-10-23 11:51:05" level=debug msg="Read: -----------------------------------------------"
time="2021-10-23 11:51:05" level=debug msg="Read: -----------"
time="2021-10-23 11:51:05" level=debug msg="Read: <\r\n1634986244,11.56,11.57,-0.12,-0.12,0.00,-"
time="2021-10-23 11:51:05" level=debug msg="Read: 1.44,0.11,-0.18,-127.00,19.94,20.25\n>"
time="2021-10-23 11:51:05" level=error msg="Failed to parse line"
time="2021-10-23 11:51:05" level=error msg="strconv.ParseInt: parsing \"\\r\": invalid syntax"
time="2021-10-23 11:51:10" level=debug msg="Read: ----------------------------------------------"
time="2021-10-23 11:51:10" level=debug msg="Read: ------------\nCurrent Filename: 6173e2dd.csv\r\nDEBU"
time="2021-10-23 11:51:10" level=debug msg="Read: G: The time is: 10:50.51 on October 23, 2021\r\nBa"
time="2021-10-23 11:51:10" level=debug msg="Read: ttV: 11.60\tSolarV: 11.61\nLoadA: -0.12\t BattA: -0"
time="2021-10-23 11:51:10" level=debug msg="Read: .12\tSolarA: 0.00\nloadPWR: -1.35\tsolarPWR: 0.00\th"
time="2021-10-23 11:51:10" level=debug msg="Read: ydroPWR: -0.04\noutTemp: -127.00\tinTemp: 19.94\tbo"
time="2021-10-23 11:51:10" level=debug msg="Read: xTemp: 20.25\nLoads Connected: TRUE\n-------------"
time="2021-10-23 11:51:10" level=debug msg="Read: ---------------------------------------------"
time="2021-10-23 11:51:11" level=debug msg="Read: -----------------------"
time="2021-10-23 11:51:11" level=debug msg="Read: -----------------------------------\nCurrent File"
time="2021-10-23 11:51:11" level=debug msg="Read: name: 6173e2dd.csv\r\nDEBUG: The time is: 10:50.51"
time="2021-10-23 11:51:11" level=debug msg="Read: on October 23, 2021\r\nBattV: 11.61\tSolarV: 11.59"
time="2021-10-23 11:51:11" level=debug msg="Read: LoadA: -0.12\t BattA: -0.12\tSolarA: 0.00\nloadPWR:"
time="2021-10-23 11:51:11" level=debug msg="Read: -1.44\tsolarPWR: 0.00\thydroPWR: -0.07\noutTemp: -"
time="2021-10-23 11:51:11" level=debug msg="Read: 127.00\tinTemp: 19.94\tboxTemp: 20.25\nLoads Connec"
time="2021-10-23 11:51:11" level=debug msg="Read: ted: TRUE\n--------------------------------------"
time="2021-10-23 11:51:11" level=debug msg="Read: --------------------"
time="2021-10-23 11:51:11" level=debug msg="Read: <\r\n1634986250,11.61,11.59,-0.12,-0."
time="2021-10-23 11:51:11" level=debug msg="Read: 12,0.00,-1.44,0.00,-0.07,-127.00,19.94,20.25\n>"
time="2021-10-23 11:51:11" level=error msg="Failed to parse line"
time="2021-10-23 11:51:11" level=error msg="strconv.ParseInt: parsing \"\\r\": invalid syntax"
time="2021-10-23 11:51:16" level=debug msg="Read: ------------"
time="2021-10-23 11:51:16" level=debug msg="Read: ----------------------------------------------\nC"
time="2021-10-23 11:51:16" level=debug msg="Read: urrent Filename: 6173e2dd.csv\r\nDEBUG: The time is"
time="2021-10-23 11:51:16" level=debug msg="Read: : 10:50.57 on October 23, 2021\r\nBattV: 11.60\tSol"
time="2021-10-23 11:51:16" level=debug msg="Read: arV: 11.61\nLoadA: -0.12\t BattA: -0.12\tSolarA: 0."
time="2021-10-23 11:51:16" level=debug msg="Read: 00\nloadPWR: -1.35\tsolarPWR: 0.00\thydroPWR: -0.04"
time="2021-10-23 11:51:16" level=debug msg="Read: outTemp: -127.00\tinTemp: 19.94\tboxTemp: 20.25\nL"
time="2021-10-23 11:51:16" level=debug msg="Read: oads Connected: TRUE\n---------------------------"
time="2021-10-23 11:51:16" level=debug msg="Read: -------------------------------"
time="2021-10-23 11:51:17" level=debug msg="Read: ------------------------------------"
time="2021-10-23 11:51:17" level=debug msg="Read: ----------------------\nCurrent Filename: 6173e2d"
time="2021-10-23 11:51:17" level=debug msg="Read: d.csv\r\nDEBUG: The time is: 10:50.58 on October 23"
time="2021-10-23 11:51:17" level=debug msg="Read: , 2021\r\nBattV: 11.60\tSolarV: 11.60\nLoadA: -0.12"
time="2021-10-23 11:51:17" level=debug msg="Read: BattA: -0.12\tSolarA: 0.00\nloadPWR: -1.44\tsolarP"
time="2021-10-23 11:51:17" level=debug msg="Read: WR: 0.00\thydroPWR: -0.06\noutTemp: -127.00\tinTemp"
time="2021-10-23 11:51:17" level=debug msg="Read: : 19.94\tboxTemp: 20.25\nLoads Connected: TRUE\n---"
time="2021-10-23 11:51:17" level=debug msg="Read: -------------------------------------------------"
time="2021-10-23 11:51:17" level=debug msg="Read: ------"
time="2021-10-23 11:51:17" level=debug msg="Read: <\r\n1634986256,11.60,11.60,-0.12,-0.12,0.00,-1.44"
time="2021-10-23 11:51:17" level=debug msg="Read: ,0.00,-0.06,-127.00,19.94,20.25\n>"
time="2021-10-23 11:51:17" level=error msg="Failed to parse line"
time="2021-10-23 11:51:17" level=error msg="strconv.ParseInt: parsing \"\\r\": invalid syntax"
time="2021-10-23 11:51:18" level=warning msg="Shutdown signal received"
time="2021-10-23 11:51:22" level=debug msg="Read: ---"
time="2021-10-23 11:51:22" level=info msg="Data streaming stopped!"
time="2021-10-23 11:51:22" level=info msg="All workers done, shutting down!"
time="2021-10-23 11:52:20" level=info msg="Hello!"
time="2021-10-23 11:52:20" level=info msg="Enabling database foreign keys..."
time="2021-10-23 11:52:20" level=info msg="Ensuring database tables exist..."
time="2021-10-23 11:52:20" level=info msg="Broadcasting readings on :3030"
time="2021-10-23 11:52:20" level=info msg="We connected"
time="2021-10-23 11:52:20" level=info msg="API started on port :80"
time="2021-10-23 11:52:20" level=debug msg=Opening/dev/ttyACM0
time="2021-10-23 11:52:20" level=info msg="Waking up arduino..."
time="2021-10-23 11:52:20" level=debug msg="Sending command: 0\n"
time="2021-10-23 11:52:20" level=debug msg="Read: -------\nCurrent Filename: 6173e2dd.csv\r\nDEBUG: T"
time="2021-10-23 11:52:20" level=debug msg="Read: p: -127.00\tinTemp: 19.94\tboxTemp: 20.25\nLoads Connected: TRUE\n----------------------------------------------------------\n\n\nut"
time="2021-10-23 11:52:20" level=debug msg="Read: Temp: -127.00\tinTemp: 19.94\tboxTemp: 20.25\nLoads Connected: TRUE\n----------------------------------------------------------\n\n\nut"
time="2021-10-23 11:52:20" level=debug msg="Read: Temp: -127.00\tinTemp: 19.94\tboxTemp: 20.25\nLoads Connected: TRUE\n----------------------------------------------------------"
time="2021-10-23 11:52:22" level=debug msg="Read: ---------------"
time="2021-10-23 11:52:22" level=debug msg="Read: -------------------------------------------\nCurr"
time="2021-10-23 11:52:22" level=debug msg="Read: ent Filename: 6173e2dd.csv\r\nDEBUG: The time is: 1"
time="2021-10-23 11:52:22" level=debug msg="Read: 0:52.03 on October 23, 2021\r\nBattV: 11.54\tSolarV"
time="2021-10-23 11:52:22" level=debug msg="Read: : 11.56\nLoadA: -0.13\t BattA: -0.13\tSolarA: 0.00"
time="2021-10-23 11:52:22" level=debug msg="Read: loadPWR: -1.46\tsolarPWR: 0.00\thydroPWR: -0.04\nou"
time="2021-10-23 11:52:22" level=debug msg="Read: tTemp: -127.00\tinTemp: 19.94\tboxTemp: 20.25\nLoad"
time="2021-10-23 11:52:22" level=debug msg="Read: s Connected: TRUE\n-------------------------------"
time="2021-10-23 11:52:22" level=debug msg="Read: ---------------------------"
time="2021-10-23 11:53:11" level=info msg="Hello!"
time="2021-10-23 11:53:11" level=info msg="Enabling database foreign keys..."
time="2021-10-23 11:53:11" level=info msg="Ensuring database tables exist..."
time="2021-10-23 11:53:11" level=info msg="Broadcasting readings on :3030"
time="2021-10-23 11:53:11" level=info msg="We connected"
time="2021-10-23 11:53:11" level=info msg="API started on port :80"
time="2021-10-23 11:53:11" level=debug msg=Opening/dev/ttyACM0
time="2021-10-23 11:53:11" level=info msg="Waking up arduino..."
time="2021-10-23 11:53:11" level=debug msg="Sending command: 0\n"
time="2021-10-23 11:53:11" level=debug msg="Read: -------------"
time="2021-10-23 11:53:11" level=debug msg="Read: onnected: TRUE\n----------------------------------------------------------\n\n\nutTemp: -127.00\tinTemp: 19.94\tboxTemp: 20.25\nLoads C"
time="2021-10-23 11:53:11" level=debug msg="Read: onnected: TRUE\n----------------------------------------------------------\n\n\nu"
time="2021-10-23 11:53:11" level=debug msg="Read: tTemp: -127.00\tinTemp: 19.94\tboxTemp: 20.25\nLoads Connected: TRUE\n----------------------------------------------------------"
time="2021-10-23 11:53:16" level=debug msg="Read: --------------------------------------------"
time="2021-10-23 11:53:16" level=debug msg="Timed out listening for response to command <0>"
time="2021-10-23 11:53:16" level=debug msg="Sending command: 0\n"
time="2021-10-23 11:53:16" level=debug msg="Read: --------------\nCurrent Filename: 6173e2dd.csv\r\nDEBUG: The time is: 10:52.57 on October 23, 2021\r\nBattV: 11.54\tSolarV: 11.55\nLoadA: -0.13\t BattA: -0.13\tSolarA: 0.00\nloadPWR: -1.46\tsolarPWR: 0.00\thydroPWR: -0.04\noutTemp: -127.00\tinTemp: 19.88\tboxTemp: 20.25\nLoads Connected: TRUE\n----------------------------------------------------------"
time="2021-10-23 11:53:16" level=debug msg="Read: <0>"
time="2021-10-23 11:53:16" level=info msg="Arduino connection established and greetings exchanged"
time="2021-10-23 11:53:16" level=info msg="Downloading historical data..."
time="2021-10-23 11:53:16" level=debug msg="Sending command: 2\n"
time="2021-10-23 11:53:16" level=debug msg="Read: <2>"
time="2021-10-23 11:53:17" level=debug msg="Read files: []"
time="2021-10-23 11:53:17" level=debug msg="Sending command: 4\n"
time="2021-10-23 11:53:17" level=info msg="Monitoring data stream for anomalies"
time="2021-10-23 11:53:17" level=debug msg="Read: <4>"
time="2021-10-23 11:53:17" level=info msg="Arduino data stream instantiated"
time="2021-10-23 11:53:22" level=debug msg="Read: -----"
time="2021-10-23 11:53:22" level=debug msg="Read: ------------------------------------------------"
time="2021-10-23 11:53:22" level=debug msg="Read: -----\nCurrent Filename: 6173e2dd.csv\r\nDEBUG: The"
time="2021-10-23 11:53:22" level=debug msg="Read: time is: 10:53.03 on October 23, 2021\r\nBattV: 11"
time="2021-10-23 11:53:22" level=debug msg="Read: .55\tSolarV: 11.56\nLoadA: -0.13\t BattA: -0.13\tSol"
time="2021-10-23 11:53:22" level=debug msg="Read: arA: 0.00\nloadPWR: -1.46\tsolarPWR: 0.00\thydroPWR"
time="2021-10-23 11:53:22" level=debug msg="Read: : -0.05\noutTemp: -127.00\tinTemp: 19.88\tboxTemp:"
time="2021-10-23 11:53:22" level=debug msg="Read: 20.25\nLoads Connected: TRUE\n--------------------"
time="2021-10-23 11:53:22" level=debug msg="Read: --------------------------------------"
time="2021-10-23 11:53:23" level=debug msg="Read: --"
time="2021-10-23 11:53:23" level=debug msg="Read: ------------------------------------------------"
time="2021-10-23 11:53:23" level=debug msg="Read: --------\nCurrent Filename: 6173e2dd.csv\r\nDEBUG:"
time="2021-10-23 11:53:23" level=debug msg="Read: The time is: 10:53.04 on October 23, 2021\r\nBattV:"
time="2021-10-23 11:53:23" level=debug msg="Read: 11.54\tSolarV: 11.55\nLoadA: -0.12\t BattA: -0.13"
time="2021-10-23 11:53:23" level=debug msg="Read: SolarA: 0.00\nloadPWR: -1.44\tsolarPWR: 0.00\thydro"
time="2021-10-23 11:53:23" level=debug msg="Read: PWR: -0.06\noutTemp: -127.00\tinTemp: 19.94\tboxTem"
time="2021-10-23 11:53:23" level=debug msg="Read: p: 20.25\nLoads Connected: TRUE\n-----------------"
time="2021-10-23 11:53:23" level=debug msg="Read: -----------------------------------------"
time="2021-10-23 11:53:23" level=debug msg="Read: <\r\n1634986382,1"
time="2021-10-23 11:53:23" level=debug msg="Read: 1.54,11.55,-0.12,-0.13,0.00,-1.44,0.00,-0.06,-127"
time="2021-10-23 11:53:23" level=debug msg="Read: .00,19.94,20.25\n>"
time="2021-10-23 11:53:23" level=error msg="Failed to parse line"
time="2021-10-23 11:53:23" level=error msg="strconv.ParseInt: parsing \"\\r1.54\": invalid syntax"
time="2021-10-23 11:53:28" level=debug msg="Read: -------------"
time="2021-10-23 11:53:28" level=debug msg="Read: ---------------------------------------------\nCu"
time="2021-10-23 11:53:28" level=debug msg="Read: rrent Filename: 6173e2dd.csv\r\nDEBUG: The time is"
time="2021-10-23 11:53:28" level=debug msg="Read: : 10:53.09 on October 23, 2021\r\nBattV: 11.60\tSol"
time="2021-10-23 11:53:28" level=debug msg="Read: arV: 11.61\nLoadA: -0.12\t BattA: -0.12\tSolarA: 0."
time="2021-10-23 11:53:28" level=debug msg="Read: 00\nloadPWR: -1.35\tsolarPWR: 0.00\thydroPWR: -0.04"
time="2021-10-23 11:53:28" level=debug msg="Read: outTemp: -127.00\tinTemp: 19.94\tboxTemp: 20.25\nLo"
time="2021-10-23 11:53:28" level=debug msg="Read: ads Connected: TRUE\n----------------------------"
time="2021-10-23 11:53:28" level=debug msg="Read: ------------------------------"
time="2021-10-23 11:53:29" level=debug msg="Read: -"
time="2021-10-23 11:53:29" level=debug msg="Read: ------------------------------------------------"
time="2021-10-23 11:53:29" level=debug msg="Read: ---------\nCurrent Filename: 6173e2dd.csv\r\nDEBUG:"
time="2021-10-23 11:53:29" level=debug msg="Read: The time is: 10:53.10 on October 23, 2021\r\nBattV"
time="2021-10-23 11:53:29" level=debug msg="Read: : 11.57\tSolarV: 11.61\nLoadA: -0.12\t BattA: -0.12"
time="2021-10-23 11:53:29" level=debug msg="Read: SolarA: 0.01\nloadPWR: -1.33\tsolarPWR: 0.00\thydr"
time="2021-10-23 11:53:29" level=debug msg="Read: oPWR: -0.06\noutTemp: -127.00\tinTemp: 19.94\tboxTe"
time="2021-10-23 11:53:29" level=debug msg="Read: mp: 20.31\nLoads Connected: TRUE\n----------------"
time="2021-10-23 11:53:29" level=debug msg="Read: ------------------------------------------"
time="2021-10-23 11:53:29" level=debug msg="Read: <\r\n1634986388,11.57,11.61,-0.12,-0.12,0.01,-1.33"
time="2021-10-23 11:53:29" level=debug msg="Read: ,0.00,-0.06,-127.00,19.94,20.31\n>"
time="2021-10-23 11:53:29" level=error msg="Failed to parse line"
time="2021-10-23 11:53:29" level=error msg="strconv.ParseInt: parsing \"\\r\": invalid syntax"
time="2021-10-23 11:53:34" level=debug msg="Read: ---------------------------------------------"
time="2021-10-23 11:53:34" level=debug msg="Read: -------------\nCurrent Filename: 6173e2dd.csv\r\nDE"
time="2021-10-23 11:53:34" level=debug msg="Read: BUG: The time is: 10:53.15 on October 23, 2021\r\nB"
time="2021-10-23 11:53:34" level=debug msg="Read: attV: 11.60\tSolarV: 11.61\nLoadA: -0.12\t BattA: -"
time="2021-10-23 11:53:34" level=debug msg="Read: 0.12\tSolarA: 0.00\nloadPWR: -1.35\tsolarPWR: 0.00"
time="2021-10-23 11:53:34" level=debug msg="Read: hydroPWR: -0.04\noutTemp: -127.00\tinTemp: 19.94\tb"
time="2021-10-23 11:53:34" level=debug msg="Read: oxTemp: 20.25\nLoads Connected: TRUE\n------------"
time="2021-10-23 11:53:34" level=debug msg="Read: ----------------------------------------------"
time="2021-10-23 11:53:34" level=debug msg="Read: "
time="2021-10-23 11:53:35" level=debug msg="Read: --------------------"
time="2021-10-23 11:53:35" level=debug msg="Read: --------------------------------------\nCurrent F"
time="2021-10-23 11:53:35" level=debug msg="Read: ilename: 6173e2dd.csv\r\nDEBUG: The time is: 10:53"
time="2021-10-23 11:53:35" level=debug msg="Read: .16 on October 23, 2021\r\nBattV: 11.57\tSolarV: 11"
time="2021-10-23 11:53:35" level=debug msg="Read: .62\nLoadA: -0.12\t BattA: -0.12\tSolarA: 0.00\nloadP"
time="2021-10-23 11:53:35" level=debug msg="Read: WR: -1.44\tsolarPWR: 0.00\thydroPWR: -0.06\noutTemp"
time="2021-10-23 11:53:35" level=debug msg="Read: : -127.00\tinTemp: 19.94\tboxTemp: 20.25\nLoads Con"
time="2021-10-23 11:53:35" level=debug msg="Read: nected: TRUE\n-----------------------------------"
time="2021-10-23 11:53:35" level=debug msg="Read: -----------------------"
time="2021-10-23 11:53:35" level=debug msg="Read: <\r\n1634986394,11.57,11.62,-0.12,-0"
time="2021-10-23 11:53:35" level=debug msg="Read: .12,0.00,-1.44,0.00,-0.06,-127.00,19.94,20.25\n>"
time="2021-10-23 11:53:35" level=error msg="Failed to parse line"
time="2021-10-23 11:53:35" level=error msg="strconv.ParseInt: parsing \"\\r\": invalid syntax"
time="2021-10-23 11:53:35" level=debug msg="Read: "
time="2021-10-23 11:53:40" level=debug msg="Read: -------------------------------------"
time="2021-10-23 11:53:40" level=debug msg="Read: ---------------------\nCurrent Filename: 6173e2dd."
time="2021-10-23 11:53:40" level=debug msg="Read: csv\r\nDEBUG: The time is: 10:53.21 on October 23,"
time="2021-10-23 11:53:40" level=debug msg="Read: 2021\r\nBattV: 11.60\tSolarV: 11.61\nLoadA: -0.12"
time="2021-10-23 11:53:40" level=debug msg="Read: BattA: -0.12\tSolarA: 0.00\nloadPWR: -1.35\tsolarPW"
time="2021-10-23 11:53:40" level=debug msg="Read: R: 0.00\thydroPWR: -0.04\noutTemp: -127.00\tinTemp:"
time="2021-10-23 11:53:40" level=debug msg="Read: 19.94\tboxTemp: 20.25\nLoads Connected: TRUE\n----"
time="2021-10-23 11:53:40" level=debug msg="Read: ------------------------------------------------"
time="2021-10-23 11:53:40" level=debug msg="Read: ------"
time="2021-10-23 11:53:41" level=debug msg="Read: --------------"
time="2021-10-23 11:53:41" level=debug msg="Read: --------------------------------------------\nCur"
time="2021-10-23 11:53:41" level=debug msg="Read: rent Filename: 6173e2dd.csv\r\nDEBUG: The time is:"
time="2021-10-23 11:53:41" level=debug msg="Read: 10:53.22 on October 23, 2021\r\nBattV: 11.61\tSolar"
time="2021-10-23 11:53:41" level=debug msg="Read: V: 11.58\nLoadA: -0.11\t BattA: -0.12\tSolarA: 0.00"
time="2021-10-23 11:53:41" level=debug msg="Read: loadPWR: -1.44\tsolarPWR: 0.00\thydroPWR: -0.06\no"
time="2021-10-23 11:53:41" level=debug msg="Read: utTemp: -127.00\tinTemp: 19.94\tboxTemp: 20.25\nLoa"
time="2021-10-23 11:53:41" level=debug msg="Read: ds Connected: TRUE\n-----------------------------"
time="2021-10-23 11:53:41" level=debug msg="Read: -----------------------------"
time="2021-10-23 11:53:41" level=debug msg="Read: <\r\n1634986400,11.61,11.58,-0"
time="2021-10-23 11:53:41" level=debug msg="Read: .11,-0.12,0.00,-1.44,0.00,-0.06,-127.00,19.94,20"
time="2021-10-23 11:53:41" level=debug msg="Read: .25\n>"
time="2021-10-23 11:53:41" level=error msg="Failed to parse line"
time="2021-10-23 11:53:41" level=error msg="strconv.ParseInt: parsing \"\\r.11\": invalid syntax"
time="2021-10-23 11:53:46" level=debug msg="Read: --------------------------------"
time="2021-10-23 11:53:46" level=debug msg="Read: --------------------------\nCurrent Filename: 617"
time="2021-10-23 11:53:46" level=debug msg="Read: 3e2dd.csv\r\nDEBUG: The time is: 10:53.27 on Octob"
time="2021-10-23 11:53:46" level=debug msg="Read: er 23, 2021\r\nBattV: 11.60\tSolarV: 11.61\nLoadA: -"
time="2021-10-23 11:53:46" level=debug msg="Read: 0.12\t BattA: -0.12\tSolarA: 0.00\nloadPWR: -1.35\ts"
time="2021-10-23 11:53:46" level=debug msg="Read: olarPWR: 0.00\thydroPWR: -0.04\noutTemp: -127.00\ti"
time="2021-10-23 11:53:46" level=debug msg="Read: nTemp: 19.94\tboxTemp: 20.25\nLoads Connected: TRUE"
time="2021-10-23 11:53:46" level=debug msg="Read: -----------------------------------------------"
time="2021-10-23 11:53:46" level=debug msg="Read: -----------"
time="2021-10-23 11:53:47" level=debug msg="Read: ---------"
time="2021-10-23 11:53:47" level=debug msg="Read: ------------------------------------------------"
time="2021-10-23 11:53:47" level=debug msg="Read: -\nCurrent Filename: 6173e2dd.csv\r\nDEBUG: The tim"
time="2021-10-23 11:53:47" level=debug msg="Read: e is: 10:53.28 on October 23, 2021\r\nBattV: 11.60"
time="2021-10-23 11:53:47" level=debug msg="Read: SolarV: 11.58\nLoadA: -0.12\t BattA: -0.13\tSolarA"
time="2021-10-23 11:53:47" level=debug msg="Read: : 0.00\nloadPWR: -1.45\tsolarPWR: 0.00\thydroPWR: -"
time="2021-10-23 11:53:47" level=debug msg="Read: 0.06\noutTemp: -127.00\tinTemp: 19.94\tboxTemp: 20.3"
time="2021-10-23 11:53:47" level=debug msg="Read: 1\nLoads Connected: TRUE\n------------------------"
time="2021-10-23 11:53:47" level=debug msg="Read: ----------------------------------"
time="2021-10-23 11:53:47" level=debug msg="Read: <\r\n1634986406,11.60,11"
time="2021-10-23 11:53:47" level=debug msg="Read: .58,-0.12,-0.13,0.00,-1.45,0.00,-0.06,-127.00,19"
time="2021-10-23 11:53:47" level=debug msg="Read: .94,20.31\n>"
time="2021-10-23 11:53:47" level=error msg="Failed to parse line"
time="2021-10-23 11:53:47" level=error msg="strconv.ParseInt: parsing \"\\r.58\": invalid syntax"
time="2021-10-23 11:53:52" level=debug msg="Read: -----"
time="2021-10-23 11:53:52" level=debug msg="Read: ------------------------------------------------"
time="2021-10-23 11:53:52" level=debug msg="Read: -----\nCurrent Filename: 6173e2dd.csv\r\nDEBUG: The"
time="2021-10-23 11:53:52" level=debug msg="Read: time is: 10:53.33 on October 23, 2021\r\nBattV: 1"
time="2021-10-23 11:53:52" level=debug msg="Read: 1.60\tSolarV: 11.61\nLoadA: -0.12\t BattA: -0.12\tSo"
time="2021-10-23 11:53:52" level=debug msg="Read: larA: 0.00\nloadPWR: -1.35\tsolarPWR: 0.00\thydroPW"
time="2021-10-23 11:53:52" level=debug msg="Read: R: -0.04\noutTemp: -127.00\tinTemp: 19.94\tboxTemp:"
time="2021-10-23 11:53:52" level=debug msg="Read: 20.25\nLoads Connected: TRUE\n--------------------"
time="2021-10-23 11:53:52" level=debug msg="Read: --------------------------------------"
time="2021-10-23 11:53:53" level=debug msg="Read: -----------------------------"
time="2021-10-23 11:53:53" level=debug msg="Read: -----------------------------\nCurrent Filename:"
time="2021-10-23 11:53:53" level=debug msg="Read: 6173e2dd.csv\r\nDEBUG: The time is: 10:53.34 on Oc"
time="2021-10-23 11:53:53" level=debug msg="Read: tober 23, 2021\r\nBattV: 11.60\tSolarV: 11.61\nLoadA"
time="2021-10-23 11:53:53" level=debug msg="Read: : -0.12\t BattA: -0.13\tSolarA: 0.00\nloadPWR: -1.4"
time="2021-10-23 11:53:53" level=debug msg="Read: 4\tsolarPWR: 0.00\thydroPWR: -0.06\noutTemp: -127.00"
time="2021-10-23 11:53:53" level=debug msg="Read: inTemp: 19.94\tboxTemp: 20.25\nLoads Connected: T"
time="2021-10-23 11:53:53" level=debug msg="Read: RUE\n--------------------------------------------"
time="2021-10-23 11:53:53" level=debug msg="Read: --------------"
time="2021-10-23 11:53:53" level=debug msg="Read: <\r\n1634986412,11.60,11.61,-0.12,-0.13,0.00"
time="2021-10-23 11:53:53" level=debug msg="Read: ,-1.44,0.00,-0.06,-127.00,19.94,20.25\n>"
time="2021-10-23 11:53:53" level=error msg="Failed to parse line"
time="2021-10-23 11:53:53" level=error msg="strconv.ParseInt: parsing \"\\r\": invalid syntax"
time="2021-10-23 11:53:58" level=debug msg="Read: ---------------------------------------------"
time="2021-10-23 11:53:58" level=debug msg="Read: -------------\nCurrent Filename: 6173e2dd.csv\r\nDE"
time="2021-10-23 11:53:58" level=debug msg="Read: BUG: The time is: 10:53.39 on October 23, 2021"
time="2021-10-23 11:53:58" level=debug msg="Read: BattV: 11.60\tSolarV: 11.61\nLoadA: -0.12\t BattA:"
time="2021-10-23 11:53:58" level=debug msg="Read: -0.12\tSolarA: 0.00\nloadPWR: -1.35\tsolarPWR: 0.00"
time="2021-10-23 11:53:58" level=debug msg="Read: hydroPWR: -0.04\noutTemp: -127.00\tinTemp: 19.94"
time="2021-10-23 11:53:58" level=debug msg="Read: boxTemp: 20.25\nLoads Connected: TRUE\n------------"
time="2021-10-23 11:53:58" level=debug msg="Read: ----------------------------------------------"
time="2021-10-23 11:53:58" level=debug msg="Read: "
time="2021-10-23 11:53:59" level=debug msg="Read: ---------------------"
time="2021-10-23 11:53:59" level=debug msg="Read: -------------------------------------\nCurrent Fil"
time="2021-10-23 11:53:59" level=debug msg="Read: ename: 6173e2dd.csv\r\nDEBUG: The time is: 10:53.4"
time="2021-10-23 11:53:59" level=debug msg="Read: 0 on October 23, 2021\r\nBattV: 11.60\tSolarV: 11.6"
time="2021-10-23 11:53:59" level=debug msg="Read: 2\nLoadA: -0.12\t BattA: -0.12\tSolarA: 0.00\nloadPW"
time="2021-10-23 11:53:59" level=debug msg="Read: R: -1.45\tsolarPWR: 0.00\thydroPWR: -0.06\noutTemp:"
time="2021-10-23 11:53:59" level=debug msg="Read: -127.00\tinTemp: 19.94\tboxTemp: 20.25\nLoads Conn"
time="2021-10-23 11:53:59" level=debug msg="Read: ected: TRUE\n-------------------------------------"
time="2021-10-23 11:53:59" level=debug msg="Read: ---------------------"
time="2021-10-23 11:53:59" level=debug msg="Read: <\r\n1634986418,11.60,11.62,-0.12,-0"
time="2021-10-23 11:53:59" level=debug msg="Read: .12,0.00,-1.45,0.00,-0.06,-127.00,19.94,20.25\n>"
time="2021-10-23 11:53:59" level=error msg="Failed to parse line"
time="2021-10-23 11:53:59" level=error msg="strconv.ParseInt: parsing \"\\r\": invalid syntax"
time="2021-10-23 11:54:04" level=debug msg="Read: -------------------------------------"
time="2021-10-23 11:54:04" level=debug msg="Read: ---------------------\nCurrent Filename: 6173e2dd"
time="2021-10-23 11:54:04" level=debug msg="Read: .csv\r\nDEBUG: The time is: 10:53.45 on October 23"
time="2021-10-23 11:54:04" level=debug msg="Read: , 2021\r\nBattV: 11.60\tSolarV: 11.61\nLoadA: -0.12"
time="2021-10-23 11:54:04" level=debug msg="Read: BattA: -0.12\tSolarA: 0.00\nloadPWR: -1.35\tsolarPW"
time="2021-10-23 11:54:04" level=debug msg="Read: R: 0.00\thydroPWR: -0.04\noutTemp: -127.00\tinTemp:"
time="2021-10-23 11:54:04" level=debug msg="Read: 19.94\tboxTemp: 20.25\nLoads Connected: TRUE\n----"
time="2021-10-23 11:54:04" level=debug msg="Read: ------------------------------------------------"
time="2021-10-23 11:54:04" level=debug msg="Read: ------"
time="2021-10-23 11:54:05" level=debug msg="Read: ---------------------------"
time="2021-10-23 11:54:05" level=debug msg="Read: -------------------------------\nCurrent Filename"
time="2021-10-23 11:54:05" level=debug msg="Read: : 6173e2dd.csv\r\nDEBUG: The time is: 10:53.46 on"
time="2021-10-23 11:54:05" level=debug msg="Read: October 23, 2021\r\nBattV: 11.58\tSolarV: 11.57\nLoa"
time="2021-10-23 11:54:05" level=debug msg="Read: dA: -0.12\t BattA: -0.12\tSolarA: 0.00\nloadPWR: -1."
time="2021-10-23 11:54:05" level=debug msg="Read: 33\tsolarPWR: 0.00\thydroPWR: -0.06\noutTemp: -127."
time="2021-10-23 11:54:05" level=debug msg="Read: 00\tinTemp: 19.94\tboxTemp: 20.31\nLoads Connected:"
time="2021-10-23 11:54:05" level=debug msg="Read: TRUE\n------------------------------------------"
time="2021-10-23 11:54:05" level=debug msg="Read: ----------------"
time="2021-10-23 11:54:05" level=debug msg="Read: <\r\n1634986424,11.58,11.57"
time="2021-10-23 11:54:05" level=debug msg="Read: ,-0.12,-0.12,0.00,-1.33,0.00,-0.06,-127.00,19.94"
time="2021-10-23 11:54:05" level=debug msg="Read: ,20.31\n>"
time="2021-10-23 11:54:05" level=error msg="Failed to parse line"
time="2021-10-23 11:54:05" level=error msg="strconv.ParseInt: parsing \"\\r\": invalid syntax"
time="2021-10-23 11:54:10" level=warning msg="Shutdown signal received"
time="2021-10-23 11:54:10" level=debug msg="Read: ----------------------"
time="2021-10-23 11:54:10" level=info msg="Data streaming stopped!"
time="2021-10-23 11:54:10" level=info msg="All workers done, shutting down!"
time="2021-10-23 11:54:12" level=info msg="Hello!"
time="2021-10-23 11:54:12" level=info msg="Enabling database foreign keys..."
time="2021-10-23 11:54:12" level=info msg="Ensuring database tables exist..."
time="2021-10-23 11:54:12" level=info msg="Broadcasting readings on :3030"
time="2021-10-23 11:54:12" level=info msg="We connected"
time="2021-10-23 11:54:12" level=info msg="API started on port :80"
time="2021-10-23 11:54:12" level=debug msg=Opening/dev/ttyACM0
time="2021-10-23 11:54:12" level=info msg="Waking up arduino..."
time="2021-10-23 11:54:12" level=debug msg="Sending command: 0\n"
time="2021-10-23 11:54:12" level=debug msg="Read: ------------------------------------\nCurrent File"
time="2021-10-23 11:54:12" level=debug msg="Read: --------------------------------------\n\n\n<4>"
time="2021-10-23 11:54:12" level=error msg="Error executing command: Failed to read command response"
time="2021-10-23 11:54:12" level=debug msg="Sending command: 0\n"
time="2021-10-23 11:54:12" level=debug msg="Read: <0>"
time="2021-10-23 11:54:12" level=info msg="Arduino connection established and greetings exchanged"
time="2021-10-23 11:54:12" level=info msg="Downloading historical data..."
time="2021-10-23 11:54:12" level=debug msg="Sending command: 2\n"
time="2021-10-23 11:54:12" level=debug msg="Read: <0>"
time="2021-10-23 11:54:12" level=error msg="Error executing command: Failed to read command response"
time="2021-10-23 11:54:12" level=error msg="Command failed"
time="2021-10-23 11:54:12" level=debug msg="Sending command: 4\n"
time="2021-10-23 11:54:12" level=info msg="Monitoring data stream for anomalies"
time="2021-10-23 11:54:12" level=debug msg="Read: <2>"
time="2021-10-23 11:54:12" level=error msg="Error executing command: Failed to read command response"
