#
# A fatal error has been detected by the Java Runtime Environment:
#
#  EXCEPTION_ACCESS_VIOLATION (0xc0000005) at pc=0x5e9b9ab1, pid=15104, tid=0x00002118
#
# JRE version: Java(TM) SE Runtime Environment (8.0_144-b01) (build 1.8.0_144-b01)
# Java VM: Java HotSpot(TM) Client VM (25.144-b01 mixed mode windows-x86 )
# Problematic frame:
# C  [awt.dll+0xa9ab1]
#
# Failed to write core dump. Minidumps are not enabled by default on client versions of Windows
#
# If you would like to submit a bug report, please visit:
#   http://bugreport.java.com/bugreport/crash.jsp
# The crash happened outside the Java Virtual Machine in native code.
# See problematic frame for where to report the bug.
#

---------------  T H R E A D  ---------------

Current thread (0x2d910c00):  JavaThread "AWT-EventQueue-0" [_thread_in_native, id=8472, stack(0x2a8a0000,0x2a8f0000)]

siginfo: ExceptionCode=0xc0000005, reading address 0x00000004

Registers:
EAX=0x0000000d, EBX=0x35013080, ECX=0x00000000, EDX=0x03478c00
ESP=0x2a8edd98, EBP=0x73c56870, ESI=0x2ddf23b0, EDI=0x2dd321a8
EIP=0x5e9b9ab1, EFLAGS=0x00010283

Top of Stack: (sp=0x2a8edd98)
0x2a8edd98:   5e93e936 35013080 2dd321a8 2d910d40
0x2a8edda8:   2a8ede68 2a8ee320 5e96b333 2d910d40
0x2a8eddb8:   2dd321a8 2a8ee320 5e96b34a 00000001
0x2a8eddc8:   00000000 00000000 5e93bb85 2d910d40
0x2a8eddd8:   2a8ee320 2d910c00 00000000 00000000
0x2a8edde8:   00000000 2a8ede00 2a8ede88 2dcdb1f8
0x2a8eddf8:   2a8ee324 2d910d40 ffffffff 2a8ede04
0x2a8ede08:   2a791a88 2a8ede2c 2a793938 00000000 

Instructions: (pc=0x5e9b9ab1)
0x5e9b9a91:   00 00 c3 8b 41 04 8b 80 0c 0c 00 00 c3 8b 01 83
0x5e9b9aa1:   78 04 08 7e 03 33 c0 c3 8b 49 04 e9 e4 eb fe ff
0x5e9b9ab1:   8b 49 04 85 c9 74 05 e9 f2 e9 fe ff 33 c0 c2 04
0x5e9b9ac1:   00 8b 49 04 85 c9 74 05 e9 07 ea fe ff c2 04 00 


Register to memory mapping:

EAX=0x0000000d is an unknown value
EBX=0x35013080 is an unknown value
ECX=0x00000000 is an unknown value
EDX=0x03478c00 is an unknown value
ESP=0x2a8edd98 is pointing into the stack for thread: 0x2d910c00
EBP=0x73c56870 is an unknown value
ESI=0x2ddf23b0 is an unknown value
EDI=0x2dd321a8 is an unknown value


Stack: [0x2a8a0000,0x2a8f0000],  sp=0x2a8edd98,  free space=311k
Native frames: (J=compiled Java code, j=interpreted, Vv=VM code, C=native code)
C  [awt.dll+0xa9ab1]

Java frames: (J=compiled Java code, j=interpreted, Vv=VM code)
J 2568  sun.java2d.windows.GDIBlitLoops.nativeBlit(Lsun/java2d/SurfaceData;Lsun/java2d/SurfaceData;Lsun/java2d/pipe/Region;IIIIIIIIIZ)V (0 bytes) @ 0x051b4dd8 [0x051b4d10+0xc8]
J 6674 C1 sun.java2d.windows.GDIBlitLoops.Blit(Lsun/java2d/SurfaceData;Lsun/java2d/SurfaceData;Ljava/awt/Composite;Lsun/java2d/pipe/Region;IIIIII)V (37 bytes) @ 0x04eb7a18 [0x04eb7980+0x98]
J 7381 C1 sun.java2d.pipe.DrawImage.blitSurfaceData(Lsun/java2d/SunGraphics2D;Lsun/java2d/pipe/Region;Lsun/java2d/SurfaceData;Lsun/java2d/SurfaceData;Lsun/java2d/loops/SurfaceType;Lsun/java2d/loops/SurfaceType;IIIIIILjava/awt/Color;)V (145 bytes) @ 0x050146c0 [0x050144a0+0x220]
J 7380 C1 sun.java2d.pipe.DrawImage.renderImageCopy(Lsun/java2d/SunGraphics2D;Ljava/awt/Image;Ljava/awt/Color;IIIIII)Z (147 bytes) @ 0x05014edc [0x05014dc0+0x11c]
J 7383 C1 sun.java2d.pipe.DrawImage.copyImage(Lsun/java2d/SunGraphics2D;Ljava/awt/Image;IILjava/awt/Color;)Z (105 bytes) @ 0x04f97970 [0x04f97790+0x1e0]
J 7375 C1 sun.java2d.pipe.DrawImage.copyImage(Lsun/java2d/SunGraphics2D;Ljava/awt/Image;IILjava/awt/Color;Ljava/awt/image/ImageObserver;)Z (60 bytes) @ 0x050165e8 [0x05016480+0x168]
J 6734 C1 sun.java2d.pipe.ValidatePipe.copyImage(Lsun/java2d/SunGraphics2D;Ljava/awt/Image;IILjava/awt/Color;Ljava/awt/image/ImageObserver;)Z (29 bytes) @ 0x04fee528 [0x04fee4b0+0x78]
J 7553 C1 sun.java2d.SunGraphics2D.drawImage(Ljava/awt/Image;IILjava/awt/Color;Ljava/awt/image/ImageObserver;)Z (145 bytes) @ 0x050897cc [0x050895d0+0x1fc]
J 7555 C1 sun.java2d.SunGraphics2D.drawImage(Ljava/awt/Image;IILjava/awt/image/ImageObserver;)Z (11 bytes) @ 0x05089000 [0x05088fc0+0x40]
J 7095 C1 javax.swing.RepaintManager$PaintManager.paintDoubleBuffered(Ljavax/swing/JComponent;Ljava/awt/Image;Ljava/awt/Graphics;IIII)V (294 bytes) @ 0x0505d4c8 [0x0505d320+0x1a8]
J 7132 C1 javax.swing.RepaintManager$PaintManager.paint(Ljavax/swing/JComponent;Ljavax/swing/JComponent;Ljava/awt/Graphics;IIII)Z (189 bytes) @ 0x04e4350c [0x04e432d0+0x23c]
J 6742 C1 javax.swing.RepaintManager.paint(Ljavax/swing/JComponent;Ljavax/swing/JComponent;Ljava/awt/Graphics;IIII)V (93 bytes) @ 0x04fedfb0 [0x04feddc0+0x1f0]
J 6623 C1 javax.swing.JComponent.paint(Ljava/awt/Graphics;)V (409 bytes) @ 0x050cdff4 [0x050cdc90+0x364]
j  java.awt.GraphicsCallback$PaintCallback.run(Ljava/awt/Component;Ljava/awt/Graphics;)V+2
j  sun.awt.SunGraphicsCallback.runOneComponent(Ljava/awt/Component;Ljava/awt/Rectangle;Ljava/awt/Graphics;Ljava/awt/Shape;I)V+155
j  sun.awt.SunGraphicsCallback.runComponents([Ljava/awt/Component;Ljava/awt/Graphics;I)V+194
j  java.awt.Container.paint(Ljava/awt/Graphics;)V+58
j  java.awt.Window.paint(Ljava/awt/Graphics;)V+68
J 6853 C1 javax.swing.RepaintManager$4.run()Ljava/lang/Void; (278 bytes) @ 0x04e138b4 [0x04e135e0+0x2d4]
J 6852 C1 javax.swing.RepaintManager$4.run()Ljava/lang/Object; (5 bytes) @ 0x04f38ea0 [0x04f38e80+0x20]
v  ~StubRoutines::call_stub
J 1679  java.security.AccessController.doPrivileged(Ljava/security/PrivilegedAction;Ljava/security/AccessControlContext;)Ljava/lang/Object; (0 bytes) @ 0x04e31c07 [0x04e31ba0+0x67]
J 7098 C1 javax.swing.RepaintManager.paintDirtyRegions(Ljava/util/Map;)V (196 bytes) @ 0x04f9cd3c [0x04f9c960+0x3dc]
J 6955 C1 javax.swing.RepaintManager.paintDirtyRegions()V (50 bytes) @ 0x04e5b764 [0x04e5b620+0x144]
J 6950 C1 javax.swing.RepaintManager.prePaintDirtyRegions()V (91 bytes) @ 0x04fd31f4 [0x04fd3030+0x1c4]
J 8597 C1 javax.swing.RepaintManager$ProcessingRunnable.run()V (41 bytes) @ 0x04e69664 [0x04e69530+0x134]
J 3795 C1 java.awt.event.InvocationEvent.dispatch()V (69 bytes) @ 0x04e5a11c [0x04e5a030+0xec]
J 2137 C1 java.awt.EventQueue.dispatchEventImpl(Ljava/awt/AWTEvent;Ljava/lang/Object;)V (149 bytes) @ 0x050f3e4c [0x050f3990+0x4bc]
J 2090 C1 java.awt.EventQueue$3.run()Ljava/lang/Void; (60 bytes) @ 0x050b421c [0x050b41c0+0x5c]
J 2089 C1 java.awt.EventQueue$3.run()Ljava/lang/Object; (5 bytes) @ 0x04f9b0e0 [0x04f9b0c0+0x20]
v  ~StubRoutines::call_stub
J 1679  java.security.AccessController.doPrivileged(Ljava/security/PrivilegedAction;Ljava/security/AccessControlContext;)Ljava/lang/Object; (0 bytes) @ 0x04e31c07 [0x04e31ba0+0x67]
J 2135 C1 java.awt.EventQueue.dispatchEvent(Ljava/awt/AWTEvent;)V (80 bytes) @ 0x050f2888 [0x050f2680+0x208]
J 1844 C1 java.awt.EventDispatchThread.pumpOneEventForFilters(I)V (295 bytes) @ 0x0509e350 [0x0509dcc0+0x690]
J 2622% C1 java.awt.EventDispatchThread.pumpEventsForFilter(ILjava/awt/Conditional;Ljava/awt/EventFilter;)V (47 bytes) @ 0x051c75f0 [0x051c7540+0xb0]
j  java.awt.EventDispatchThread.pumpEventsForHierarchy(ILjava/awt/Conditional;Ljava/awt/Component;)V+11
j  java.awt.EventDispatchThread.pumpEvents(ILjava/awt/Conditional;)V+4
j  java.awt.EventDispatchThread.pumpEvents(Ljava/awt/Conditional;)V+3
j  java.awt.EventDispatchThread.run()V+9
v  ~StubRoutines::call_stub

---------------  P R O C E S S  ---------------

Java Threads: ( => current thread )
  0x2d90e800 JavaThread "DestroyJavaVM" [_thread_blocked, id=16504, stack(0x04c00000,0x04c50000)]
  0x2d911800 JavaThread "TimerQueue" daemon [_thread_blocked, id=19940, stack(0x2add0000,0x2ae20000)]
=>0x2d910c00 JavaThread "AWT-EventQueue-0" [_thread_in_native, id=8472, stack(0x2a8a0000,0x2a8f0000)]
  0x2d912000 JavaThread "AWT-Shutdown" [_thread_blocked, id=2312, stack(0x2a810000,0x2a860000)]
  0x2d914400 JavaThread "Batik CleanerThread" daemon [_thread_blocked, id=23180, stack(0x29fb0000,0x2a000000)]
  0x2d912c00 JavaThread "Timer-0" [_thread_blocked, id=7428, stack(0x29e80000,0x29ed0000)]
  0x2d912800 JavaThread "JmDNS(DESKTOP-EICKLEQ-hitronhub-home.local.).State.Timer" daemon [_thread_blocked, id=22372, stack(0x29df0000,0x29e40000)]
  0x2d914000 JavaThread "JmDNS(DESKTOP-EICKLEQ-hitronhub-home.local.).Timer" daemon [_thread_blocked, id=13644, stack(0x29d60000,0x29db0000)]
  0x2d910800 JavaThread "SocketListener(DESKTOP-EICKLEQ-hitronhub-home.local.)" daemon [_thread_in_native, id=12268, stack(0x29cd0000,0x29d20000)]
  0x2d90fc00 JavaThread "JmDNS(fd00-fc-8ddb-a9e2-2d49-ff43-a290-9c38.local.).State.Timer" daemon [_thread_blocked, id=22208, stack(0x29c40000,0x29c90000)]
  0x2d90c400 JavaThread "JmDNS(fd00-fc-8ddb-a9e2-2d49-ff43-a290-9c38.local.).Timer" daemon [_thread_blocked, id=3340, stack(0x29280000,0x292d0000)]
  0x2d90b800 JavaThread "SocketListener(fd00-fc-8ddb-a9e2-2d49-ff43-a290-9c38.local.)" daemon [_thread_in_native, id=17964, stack(0x29bb0000,0x29c00000)]
  0x2d90d000 JavaThread "JmDNS(fd00-fc-8ddb-a9e2-6191-51a8-ad16-5f3e.local.).State.Timer" daemon [_thread_blocked, id=18144, stack(0x29b20000,0x29b70000)]
  0x2d90c800 JavaThread "JmDNS(fd00-fc-8ddb-a9e2-6191-51a8-ad16-5f3e.local.).Timer" daemon [_thread_blocked, id=21832, stack(0x29a90000,0x29ae0000)]
  0x2d90bc00 JavaThread "SocketListener(fd00-fc-8ddb-a9e2-6191-51a8-ad16-5f3e.local.)" daemon [_thread_in_native, id=18460, stack(0x29a00000,0x29a50000)]
  0x2d8e3c00 JavaThread "JmDNS(fe80-0-0-0-2d49-ff43-a290-9c38-wlan1.local.).State.Timer" daemon [_thread_blocked, id=19492, stack(0x297e0000,0x29830000)]
  0x2d8e3400 JavaThread "JmDNS(fe80-0-0-0-2d49-ff43-a290-9c38-wlan1.local.).Timer" daemon [_thread_blocked, id=16752, stack(0x29720000,0x29770000)]
  0x2d8e3000 JavaThread "SocketListener(fe80-0-0-0-2d49-ff43-a290-9c38-wlan1.local.)" daemon [_thread_in_native, id=10360, stack(0x29690000,0x296e0000)]
  0x2d8bf000 JavaThread "Multihomed mDNS.Timer" daemon [_thread_blocked, id=23892, stack(0x29640000,0x29690000)]
  0x2d8bd800 JavaThread "cc.arduino.packages.discoverers.serial.SerialBoardsLister" [_thread_blocked, id=2704, stack(0x295b0000,0x29600000)]
  0x28e54c00 JavaThread "AWT-Windows" daemon [_thread_in_native, id=14816, stack(0x29310000,0x29360000)]
  0x28e2ec00 JavaThread "Java2D Disposer" daemon [_thread_blocked, id=16680, stack(0x291f0000,0x29240000)]
  0x28312800 JavaThread "Service Thread" daemon [_thread_blocked, id=21240, stack(0x28ae0000,0x28b30000)]
  0x282fcc00 JavaThread "C1 CompilerThread0" daemon [_thread_blocked, id=23520, stack(0x28a50000,0x28aa0000)]
  0x282fb000 JavaThread "Attach Listener" daemon [_thread_blocked, id=23024, stack(0x289c0000,0x28a10000)]
  0x282f9000 JavaThread "Signal Dispatcher" daemon [_thread_blocked, id=14104, stack(0x28930000,0x28980000)]
  0x282dcc00 JavaThread "Finalizer" daemon [_thread_blocked, id=10688, stack(0x28720000,0x28770000)]
  0x282c6c00 JavaThread "Reference Handler" daemon [_thread_blocked, id=17288, stack(0x28690000,0x286e0000)]

Other Threads:
  0x04b5ec00 VMThread [stack: 0x275e0000,0x27630000] [id=17208]
  0x2831dc00 WatcherThread [stack: 0x28b70000,0x28bc0000] [id=20952]

VM state:not at safepoint (normal execution)

VM Mutex/Monitor currently owned by a thread: None

Heap:
 def new generation   total 58368K, used 44608K [0x07000000, 0x0af50000, 0x11aa0000)
  eden space 51904K,  80% used [0x07000000, 0x098fb950, 0x0a2b0000)
  from space 6464K,  40% used [0x0a900000, 0x0ab94750, 0x0af50000)
  to   space 6464K,   0% used [0x0a2b0000, 0x0a2b0000, 0x0a900000)
 tenured generation   total 129500K, used 78447K [0x11aa0000, 0x19917000, 0x27000000)
   the space 129500K,  60% used [0x11aa0000, 0x1673bdc8, 0x1673be00, 0x19917000)
 Metaspace       used 19913K, capacity 20361K, committed 20608K, reserved 20864K

Card table byte_map: [0x06e20000,0x06f30000] byte_map_base: 0x06de8000

Polling page: 0x03140000

CodeCache: size=32768Kb used=2094Kb max_used=4477Kb free=30673Kb
 bounds [0x04d70000, 0x051d8000, 0x06d70000]
 total_blobs=1284 nmethods=999 adapters=212
 compilation: enabled

Compilation events (10 events):
Event: 7021.302 Thread 0x282fcc00 10264             javax.swing.SwingUtilities::getWindowAncestor (31 bytes)
Event: 7021.303 Thread 0x282fcc00 nmethod 10264 0x04fdacc8 code [0x04fdade0, 0x04fdaef8]
Event: 7021.312 Thread 0x282fcc00 10265   !         java.awt.Component::validate (105 bytes)
Event: 7021.313 Thread 0x282fcc00 nmethod 10265 0x05091288 code [0x050913d0, 0x0509173c]
Event: 7021.333 Thread 0x282fcc00 10266             javax.swing.text.ParagraphView$Row::getLeftInset (36 bytes)
Event: 7021.333 Thread 0x282fcc00 nmethod 10266 0x04f72388 code [0x04f72490, 0x04f7257c]
Event: 7023.638 Thread 0x282fcc00 10267   !         sun.font.FontDesignMetrics::getMetrics (265 bytes)
Event: 7023.639 Thread 0x282fcc00 nmethod 10267 0x0508f688 code [0x0508f8e0, 0x050906d0]
Event: 7023.639 Thread 0x282fcc00 10268             sun.swing.MenuItemLayoutHelper$LayoutResult::access$400 (5 bytes)
Event: 7023.639 Thread 0x282fcc00 nmethod 10268 0x04ed7388 code [0x04ed7480, 0x04ed74f0]

GC Heap History (10 events):
Event: 7002.943 GC heap before
{Heap before GC invocations=61 (full 3):
 def new generation   total 58368K, used 47251K [0x07000000, 0x0af50000, 0x11aa0000)
  eden space 51904K,  86% used [0x07000000, 0x09bcc988, 0x0a2b0000)
  from space 6464K,  37% used [0x0a2b0000, 0x0a5085a0, 0x0a900000)
  to   space 6464K,   0% used [0x0a900000, 0x0a900000, 0x0af50000)
 tenured generation   total 129500K, used 78447K [0x11aa0000, 0x19917000, 0x27000000)
   the space 129500K,  60% used [0x11aa0000, 0x1673bdc8, 0x1673be00, 0x19917000)
 Metaspace       used 19913K, capacity 20361K, committed 20608K, reserved 20864K
Event: 7002.945 GC heap after
Heap after GC invocations=62 (full 3):
 def new generation   total 58368K, used 2654K [0x07000000, 0x0af50000, 0x11aa0000)
  eden space 51904K,   0% used [0x07000000, 0x07000000, 0x0a2b0000)
  from space 6464K,  41% used [0x0a900000, 0x0ab979a0, 0x0af50000)
  to   space 6464K,   0% used [0x0a2b0000, 0x0a2b0000, 0x0a900000)
 tenured generation   total 129500K, used 78447K [0x11aa0000, 0x19917000, 0x27000000)
   the space 129500K,  60% used [0x11aa0000, 0x1673bdc8, 0x1673be00, 0x19917000)
 Metaspace       used 19913K, capacity 20361K, committed 20608K, reserved 20864K
}
Event: 7010.442 GC heap before
{Heap before GC invocations=62 (full 3):
 def new generation   total 58368K, used 48780K [0x07000000, 0x0af50000, 0x11aa0000)
  eden space 51904K,  88% used [0x07000000, 0x09d0b9d0, 0x0a2b0000)
  from space 6464K,  41% used [0x0a900000, 0x0ab979a0, 0x0af50000)
  to   space 6464K,   0% used [0x0a2b0000, 0x0a2b0000, 0x0a900000)
 tenured generation   total 129500K, used 78447K [0x11aa0000, 0x19917000, 0x27000000)
   the space 129500K,  60% used [0x11aa0000, 0x1673bdc8, 0x1673be00, 0x19917000)
 Metaspace       used 19913K, capacity 20361K, committed 20608K, reserved 20864K
Event: 7010.444 GC heap after
Heap after GC invocations=63 (full 3):
 def new generation   total 58368K, used 2639K [0x07000000, 0x0af50000, 0x11aa0000)
  eden space 51904K,   0% used [0x07000000, 0x07000000, 0x0a2b0000)
  from space 6464K,  40% used [0x0a2b0000, 0x0a543c50, 0x0a900000)
  to   space 6464K,   0% used [0x0a900000, 0x0a900000, 0x0af50000)
 tenured generation   total 129500K, used 78447K [0x11aa0000, 0x19917000, 0x27000000)
   the space 129500K,  60% used [0x11aa0000, 0x1673bdc8, 0x1673be00, 0x19917000)
 Metaspace       used 19913K, capacity 20361K, committed 20608K, reserved 20864K
}
Event: 7014.686 GC heap before
{Heap before GC invocations=63 (full 3):
 def new generation   total 58368K, used 45909K [0x07000000, 0x0af50000, 0x11aa0000)
  eden space 51904K,  83% used [0x07000000, 0x09a419c8, 0x0a2b0000)
  from space 6464K,  40% used [0x0a2b0000, 0x0a543c50, 0x0a900000)
  to   space 6464K,   0% used [0x0a900000, 0x0a900000, 0x0af50000)
 tenured generation   total 129500K, used 78447K [0x11aa0000, 0x19917000, 0x27000000)
   the space 129500K,  60% used [0x11aa0000, 0x1673bdc8, 0x1673be00, 0x19917000)
 Metaspace       used 19913K, capacity 20361K, committed 20608K, reserved 20864K
Event: 7014.688 GC heap after
Heap after GC invocations=64 (full 3):
 def new generation   total 58368K, used 2255K [0x07000000, 0x0af50000, 0x11aa0000)
  eden space 51904K,   0% used [0x07000000, 0x07000000, 0x0a2b0000)
  from space 6464K,  34% used [0x0a900000, 0x0ab33e60, 0x0af50000)
  to   space 6464K,   0% used [0x0a2b0000, 0x0a2b0000, 0x0a900000)
 tenured generation   total 129500K, used 78447K [0x11aa0000, 0x19917000, 0x27000000)
   the space 129500K,  60% used [0x11aa0000, 0x1673bdc8, 0x1673be00, 0x19917000)
 Metaspace       used 19913K, capacity 20361K, committed 20608K, reserved 20864K
}
Event: 7019.084 GC heap before
{Heap before GC invocations=64 (full 3):
 def new generation   total 58368K, used 30723K [0x07000000, 0x0af50000, 0x11aa0000)
  eden space 51904K,  54% used [0x07000000, 0x08bccec8, 0x0a2b0000)
  from space 6464K,  34% used [0x0a900000, 0x0ab33e60, 0x0af50000)
  to   space 6464K,   0% used [0x0a2b0000, 0x0a2b0000, 0x0a900000)
 tenured generation   total 129500K, used 78447K [0x11aa0000, 0x19917000, 0x27000000)
   the space 129500K,  60% used [0x11aa0000, 0x1673bdc8, 0x1673be00, 0x19917000)
 Metaspace       used 19913K, capacity 20361K, committed 20608K, reserved 20864K
Event: 7019.086 GC heap after
Heap after GC invocations=65 (full 3):
 def new generation   total 58368K, used 2640K [0x07000000, 0x0af50000, 0x11aa0000)
  eden space 51904K,   0% used [0x07000000, 0x07000000, 0x0a2b0000)
  from space 6464K,  40% used [0x0a2b0000, 0x0a544350, 0x0a900000)
  to   space 6464K,   0% used [0x0a900000, 0x0a900000, 0x0af50000)
 tenured generation   total 129500K, used 78447K [0x11aa0000, 0x19917000, 0x27000000)
   the space 129500K,  60% used [0x11aa0000, 0x1673bdc8, 0x1673be00, 0x19917000)
 Metaspace       used 19913K, capacity 20361K, committed 20608K, reserved 20864K
}
Event: 7021.216 GC heap before
{Heap before GC invocations=65 (full 3):
 def new generation   total 58368K, used 52021K [0x07000000, 0x0af50000, 0x11aa0000)
  eden space 51904K,  95% used [0x07000000, 0x0a0392b0, 0x0a2b0000)
  from space 6464K,  40% used [0x0a2b0000, 0x0a544350, 0x0a900000)
  to   space 6464K,   0% used [0x0a900000, 0x0a900000, 0x0af50000)
 tenured generation   total 129500K, used 78447K [0x11aa0000, 0x19917000, 0x27000000)
   the space 129500K,  60% used [0x11aa0000, 0x1673bdc8, 0x1673be00, 0x19917000)
 Metaspace       used 19913K, capacity 20361K, committed 20608K, reserved 20864K
Event: 7021.218 GC heap after
Heap after GC invocations=66 (full 3):
 def new generation   total 58368K, used 2641K [0x07000000, 0x0af50000, 0x11aa0000)
  eden space 51904K,   0% used [0x07000000, 0x07000000, 0x0a2b0000)
  from space 6464K,  40% used [0x0a900000, 0x0ab94750, 0x0af50000)
  to   space 6464K,   0% used [0x0a2b0000, 0x0a2b0000, 0x0a900000)
 tenured generation   total 129500K, used 78447K [0x11aa0000, 0x19917000, 0x27000000)
   the space 129500K,  60% used [0x11aa0000, 0x1673bdc8, 0x1673be00, 0x19917000)
 Metaspace       used 19913K, capacity 20361K, committed 20608K, reserved 20864K
}

Deoptimization events (0 events):
No events

Internal exceptions (10 events):
Event: 2772.706 Thread 0x2d90ec00 Exception <a 'sun/nio/fs/WindowsException'> (0x08a5cac8) thrown at [C:\workspace\8-2-build-windows-i586-cygwin\jdk8u144\9417\hotspot\src\share\vm\prims\jni.cpp, line 709]
Event: 2772.706 Thread 0x2d90ec00 Exception <a 'sun/nio/fs/WindowsException'> (0x08a5d058) thrown at [C:\workspace\8-2-build-windows-i586-cygwin\jdk8u144\9417\hotspot\src\share\vm\prims\jni.cpp, line 709]
Event: 2772.707 Thread 0x2d90ec00 Exception <a 'sun/nio/fs/WindowsException'> (0x08a6dcd0) thrown at [C:\workspace\8-2-build-windows-i586-cygwin\jdk8u144\9417\hotspot\src\share\vm\prims\jni.cpp, line 709]
Event: 2772.707 Thread 0x2d90ec00 Exception <a 'sun/nio/fs/WindowsException'> (0x08a6e2a0) thrown at [C:\workspace\8-2-build-windows-i586-cygwin\jdk8u144\9417\hotspot\src\share\vm\prims\jni.cpp, line 709]
Event: 2772.708 Thread 0x2d90ec00 Exception <a 'sun/nio/fs/WindowsException'> (0x08a7cc58) thrown at [C:\workspace\8-2-build-windows-i586-cygwin\jdk8u144\9417\hotspot\src\share\vm\prims\jni.cpp, line 709]
Event: 2772.708 Thread 0x2d90ec00 Exception <a 'sun/nio/fs/WindowsException'> (0x08a7d200) thrown at [C:\workspace\8-2-build-windows-i586-cygwin\jdk8u144\9417\hotspot\src\share\vm\prims\jni.cpp, line 709]
Event: 2772.709 Thread 0x2d90ec00 Exception <a 'sun/nio/fs/WindowsException'> (0x08a89bd8) thrown at [C:\workspace\8-2-build-windows-i586-cygwin\jdk8u144\9417\hotspot\src\share\vm\prims\jni.cpp, line 709]
Event: 2772.709 Thread 0x2d90ec00 Exception <a 'sun/nio/fs/WindowsException'> (0x08a8a130) thrown at [C:\workspace\8-2-build-windows-i586-cygwin\jdk8u144\9417\hotspot\src\share\vm\prims\jni.cpp, line 709]
Event: 2772.710 Thread 0x2d90ec00 Exception <a 'sun/nio/fs/WindowsException'> (0x08a96d08) thrown at [C:\workspace\8-2-build-windows-i586-cygwin\jdk8u144\9417\hotspot\src\share\vm\prims\jni.cpp, line 709]
Event: 2772.710 Thread 0x2d90ec00 Exception <a 'sun/nio/fs/WindowsException'> (0x08a97260) thrown at [C:\workspace\8-2-build-windows-i586-cygwin\jdk8u144\9417\hotspot\src\share\vm\prims\jni.cpp, line 709]

Events (10 events):
Event: 7019.126 Thread 0x282fcc00 flushing nmethod 0x04fdac08
Event: 7021.216 Executing VM operation: GenCollectForAllocation
Event: 7021.218 Executing VM operation: GenCollectForAllocation done
Event: 7021.218 Executing VM operation: BulkRevokeBias
Event: 7021.220 Executing VM operation: BulkRevokeBias done
Event: 7021.254 Thread 0x282fcc00 flushing nmethod 0x04ebad88
Event: 7021.255 Thread 0x282fcc00 flushing nmethod 0x0505db88
Event: 7023.639 Thread 0x282fcc00 flushing nmethod 0x04e60c88
Event: 7023.639 Thread 0x282fcc00 flushing nmethod 0x04e67b88
Event: 7023.639 Thread 0x282fcc00 flushing nmethod 0x04e93648


Dynamic libraries:
0x00800000 - 0x00833000 	C:\Program Files (x86)\Arduino\java\bin\javaw.exe
0x77190000 - 0x7731d000 	C:\WINDOWS\SYSTEM32\ntdll.dll
0x73e60000 - 0x73f30000 	C:\WINDOWS\System32\KERNEL32.DLL
0x76130000 - 0x76307000 	C:\WINDOWS\System32\KERNELBASE.dll
0x73bd0000 - 0x73c48000 	C:\WINDOWS\System32\ADVAPI32.dll
0x758a0000 - 0x7595d000 	C:\WINDOWS\System32\msvcrt.dll
0x760e0000 - 0x76123000 	C:\WINDOWS\System32\sechost.dll
0x73f30000 - 0x73fee000 	C:\WINDOWS\System32\RPCRT4.dll
0x73bb0000 - 0x73bd0000 	C:\WINDOWS\System32\SspiCli.dll
0x73ba0000 - 0x73baa000 	C:\WINDOWS\System32\CRYPTBASE.dll
0x77130000 - 0x77187000 	C:\WINDOWS\System32\bcryptPrimitives.dll
0x73ff0000 - 0x74165000 	C:\WINDOWS\System32\USER32.dll
0x75980000 - 0x75996000 	C:\WINDOWS\System32\win32u.dll
0x73c50000 - 0x73c72000 	C:\WINDOWS\System32\GDI32.dll
0x75550000 - 0x756ae000 	C:\WINDOWS\System32\gdi32full.dll
0x76f50000 - 0x76fcc000 	C:\WINDOWS\System32\msvcp_win.dll
0x73cd0000 - 0x73de7000 	C:\WINDOWS\System32\ucrtbase.dll
0x72650000 - 0x72861000 	C:\WINDOWS\WinSxS\x86_microsoft.windows.common-controls_6595b64144ccf1df_6.0.16299.371_none_5d75084fa7e1cb96\COMCTL32.dll
0x764a0000 - 0x766e6000 	C:\WINDOWS\System32\combase.dll
0x767e0000 - 0x76805000 	C:\WINDOWS\System32\IMM32.DLL
0x5ff90000 - 0x6004f000 	C:\Program Files (x86)\Arduino\java\bin\msvcr100.dll
0x5ea60000 - 0x5ee2e000 	C:\Program Files (x86)\Arduino\java\bin\client\jvm.dll
0x77120000 - 0x77126000 	C:\WINDOWS\System32\PSAPI.DLL
0x60140000 - 0x60148000 	C:\WINDOWS\SYSTEM32\WSOCK32.dll
0x72620000 - 0x72644000 	C:\WINDOWS\SYSTEM32\WINMM.dll
0x75a50000 - 0x75ab6000 	C:\WINDOWS\System32\WS2_32.dll
0x73b50000 - 0x73b58000 	C:\WINDOWS\SYSTEM32\VERSION.dll
0x725f0000 - 0x72613000 	C:\WINDOWS\SYSTEM32\WINMMBASE.dll
0x75860000 - 0x75898000 	C:\WINDOWS\System32\cfgmgr32.dll
0x5ff60000 - 0x5ff90000 	C:\Program Files (x86)\Arduino\java\bin\splashscreen.dll
0x732f0000 - 0x73369000 	C:\WINDOWS\system32\uxtheme.dll
0x5ff50000 - 0x5ff5c000 	C:\Program Files (x86)\Arduino\java\bin\verify.dll
0x5ff20000 - 0x5ff41000 	C:\Program Files (x86)\Arduino\java\bin\java.dll
0x76fd0000 - 0x77114000 	C:\WINDOWS\System32\MSCTF.dll
0x76740000 - 0x767d3000 	C:\WINDOWS\System32\OLEAUT32.dll
0x72d30000 - 0x72db7000 	C:\Program Files (x86)\Common Files\Microsoft Shared\Ink\tiptsf.dll
0x5ff00000 - 0x5ff13000 	C:\Program Files (x86)\Arduino\java\bin\zip.dll
0x75540000 - 0x7554e000 	C:\WINDOWS\System32\kernel.appcore.dll
0x600c0000 - 0x60137000 	C:\WINDOWS\System32\TextInputFramework.dll
0x70760000 - 0x70994000 	C:\WINDOWS\System32\CoreUIComponents.dll
0x709a0000 - 0x70a2c000 	C:\WINDOWS\System32\CoreMessaging.dll
0x76410000 - 0x76498000 	C:\WINDOWS\System32\SHCORE.dll
0x735b0000 - 0x735d8000 	C:\WINDOWS\SYSTEM32\ntmarta.dll
0x70690000 - 0x7075b000 	C:\WINDOWS\SYSTEM32\wintypes.dll
0x73650000 - 0x73673000 	C:\WINDOWS\system32\dwmapi.dll
0x75ac0000 - 0x75b42000 	C:\WINDOWS\System32\clbcatq.dll
0x70ac0000 - 0x70c5e000 	C:\Windows\System32\uiautomationcore.dll
0x70a30000 - 0x70ab6000 	C:\WINDOWS\SYSTEM32\sxs.dll
0x74200000 - 0x75533000 	C:\WINDOWS\System32\SHELL32.dll
0x76810000 - 0x76dd6000 	C:\WINDOWS\System32\windows.storage.dll
0x759a0000 - 0x759e5000 	C:\WINDOWS\System32\shlwapi.dll
0x73c80000 - 0x73cc5000 	C:\WINDOWS\System32\powrprof.dll
0x75840000 - 0x75854000 	C:\WINDOWS\System32\profapi.dll
0x739e0000 - 0x73a36000 	C:\Windows\System32\OLEACC.dll
0x60050000 - 0x600be000 	C:\WINDOWS\SYSTEM32\twinapi.dll
0x68550000 - 0x68684000 	C:\WINDOWS\SYSTEM32\twinapi.appcore.dll
0x73990000 - 0x739a9000 	C:\WINDOWS\SYSTEM32\bcrypt.dll
0x68a40000 - 0x68a5a000 	C:\WINDOWS\SYSTEM32\RMCLIENT.dll
0x61940000 - 0x619b2000 	C:\Program Files (x86)\Arduino\lib\listSerialsj.dll
0x75bc0000 - 0x75fe6000 	C:\WINDOWS\System32\SETUPAPI.dll
0x5fee0000 - 0x5fefd000 	C:\Program Files (x86)\Arduino\lib\jnidispatch-4.2.2-win32-x86.dll
0x76310000 - 0x76407000 	C:\WINDOWS\System32\ole32.dll
0x5fe00000 - 0x5fe16000 	C:\Program Files (x86)\Arduino\java\bin\net.dll
0x735e0000 - 0x73635000 	C:\WINDOWS\system32\mswsock.dll
0x5fdf0000 - 0x5fdff000 	C:\Program Files (x86)\Arduino\java\bin\nio.dll
0x5e910000 - 0x5ea55000 	C:\Program Files (x86)\Arduino\java\bin\awt.dll
0x73ab0000 - 0x73b4a000 	C:\WINDOWS\SYSTEM32\apphelp.dll
0x5fdb0000 - 0x5fde9000 	C:\Program Files (x86)\Arduino\java\bin\fontmanager.dll
0x5fcd0000 - 0x5fdaf000 	C:\WINDOWS\system32\opengl32.dll
0x5e8e0000 - 0x5e905000 	C:\WINDOWS\SYSTEM32\GLU32.dll
0x5e8a0000 - 0x5e8d2000 	C:\Program Files (x86)\Arduino\java\bin\t2k.dll
0x72eb0000 - 0x72ed2000 	C:\WINDOWS\SYSTEM32\DEVOBJ.dll
0x766f0000 - 0x76736000 	C:\WINDOWS\System32\WINTRUST.dll
0x760d0000 - 0x760de000 	C:\WINDOWS\System32\MSASN1.dll
0x756b0000 - 0x75832000 	C:\WINDOWS\System32\CRYPT32.dll
0x739b0000 - 0x739e0000 	C:\WINDOWS\SYSTEM32\IPHLPAPI.DLL
0x75bb0000 - 0x75bb7000 	C:\WINDOWS\System32\NSI.dll
0x73470000 - 0x73483000 	C:\WINDOWS\SYSTEM32\dhcpcsvc6.DLL
0x73450000 - 0x73464000 	C:\WINDOWS\SYSTEM32\dhcpcsvc.DLL
0x72f60000 - 0x72ff4000 	C:\WINDOWS\SYSTEM32\DNSAPI.dll
0x72f30000 - 0x72f51000 	C:\Program Files (x86)\Bonjour\mdnsNSP.dll
0x72dc0000 - 0x72dc8000 	C:\Windows\System32\rasadhlp.dll
0x72ee0000 - 0x72f2e000 	C:\WINDOWS\System32\fwpuclnt.dll
0x5e830000 - 0x5e899000 	C:\Program Files (x86)\Arduino\msvcp100.dll
0x5e770000 - 0x5e82e000 	C:\Program Files (x86)\Arduino\msvcr100.dll
0x2a350000 - 0x2a382000 	C:\Program Files (x86)\Arduino\lib\AStylej.dll
0x5e740000 - 0x5e764000 	C:\Program Files (x86)\Arduino\java\bin\dcpr.dll
0x70ee0000 - 0x7104e000 	C:\WINDOWS\SYSTEM32\WindowsCodecs.dll
0x5e6f0000 - 0x5e738000 	C:\WINDOWS\system32\dataexchange.dll
0x5e5f0000 - 0x5e6ee000 	C:\WINDOWS\system32\dcomp.dll
0x5e3b0000 - 0x5e5ee000 	C:\WINDOWS\system32\d3d11.dll
0x5e310000 - 0x5e3a3000 	C:\WINDOWS\system32\dxgi.dll
0x64000000 - 0x6401b000 	C:\Program Files (x86)\Arduino\lib\jSSC-2.8_x86.dll
0x73430000 - 0x73443000 	C:\WINDOWS\SYSTEM32\CRYPTSP.dll
0x73400000 - 0x7342f000 	C:\WINDOWS\system32\rsaenh.dll
0x73b60000 - 0x73b82000 	C:\WINDOWS\SYSTEM32\USERENV.dll
0x72910000 - 0x72a91000 	C:\WINDOWS\SYSTEM32\dbghelp.dll

VM Arguments:
jvm_args: -Dsun.java2d.d3d=false -Djna.nosys=true -Djna.nounpack=true -Djna.boot.library.name=jnidispatch-4.2.2-win32-x86 -Djna.boot.library.path=C:\Program Files (x86)\Arduino/lib -Djssc.library.path=C:\Program Files (x86)\Arduino/lib -DAPP_DIR=C:\Program Files (x86)\Arduino -Xms128M -Xmx512M 
java_command: processing.app.Base C:\Users\stuar\Documents\Thanksgiving_Intranet\Arduino_Software\minimal_GPS_Shield\minimal_GPS_Shield.ino
java_class_path (initial): C:\Program Files (x86)\Arduino\lib\apple.jar;C:\Program Files (x86)\Arduino\lib\arduino-core.jar;C:\Program Files (x86)\Arduino\lib\batik-1.8.jar;C:\Program Files (x86)\Arduino\lib\batik-anim-1.8.jar;C:\Program Files (x86)\Arduino\lib\batik-awt-util-1.8.jar;C:\Program Files (x86)\Arduino\lib\batik-bridge-1.8.jar;C:\Program Files (x86)\Arduino\lib\batik-codec-1.8.jar;C:\Program Files (x86)\Arduino\lib\batik-css-1.8.jar;C:\Program Files (x86)\Arduino\lib\batik-dom-1.8.jar;C:\Program Files (x86)\Arduino\lib\batik-ext-1.8.jar;C:\Program Files (x86)\Arduino\lib\batik-gvt-1.8.jar;C:\Program Files (x86)\Arduino\lib\batik-parser-1.8.jar;C:\Program Files (x86)\Arduino\lib\batik-rasterizer-1.8.jar;C:\Program Files (x86)\Arduino\lib\batik-script-1.8.jar;C:\Program Files (x86)\Arduino\lib\batik-squiggle-1.8.jar;C:\Program Files (x86)\Arduino\lib\batik-svg-dom-1.8.jar;C:\Program Files (x86)\Arduino\lib\batik-svgpp-1.8.jar;C:\Program Files (x86)\Arduino\lib\batik-transcoder-1.8.jar;C:\Program Files (x86)\Arduino\lib\batik-util-1.8.jar;C:\Program Files (x86)\Arduino\lib\batik-xml-1.8.jar;C:\Program Files (x86)\Arduino\lib\bcpg-jdk15on-152.jar;C:\Program Files (x86)\Arduino\lib\bcprov-jdk15on-152.jar;C:\Program Files (x86)\Arduino\lib\commons-codec-1.7.jar;C:\Program Files (x86)\Arduino\lib\commons-compress-1.8.jar;C:\Program Files (x86)\Arduino\lib\commons-exec-1.1.jar;C:\Program Files (x86)\Arduino\lib\commons-httpclient-3.1.jar;C:\Program Files (x86)\Arduino\lib\commons-lang3-3.3.2.jar;C:\Program Files (x86)\Arduino\lib\commons-logging-1.0.4.jar;C:\Program Files (x86)\Arduino\lib\commons-net-3.3.jar;C:\Program Files (x86)\Arduino\lib\jackson-annotations-2.6.3.jar;C:\Program Files (x86)\Arduino\lib\jackson-core-2.6.3.jar;C:\Program Files (x86)\Arduino\lib\jackson-databind-2.6.3.jar;C:\Program Files (x86)\Arduino\lib\jackson-module-mrbean-2.6.3.jar;C:\Program Files (x86)\Arduino\lib\java-semver-0.8.0.jar;C:\Program Files (x86)\Arduino\lib\jmdns-3.5.1.j
Launcher Type: SUN_STANDARD

Environment Variables:
PATH=C:\Program Files (x86)\Intel\iCLS Client\;C:\Program Files\Intel\iCLS Client\;C:\windows\system32;C:\windows;C:\windows\System32\Wbem;C:\windows\System32\WindowsPowerShell\v1.0\;C:\Program Files (x86)\Intel\Intel(R) Management Engine Components\DAL;C:\Program Files\Intel\Intel(R) Management Engine Components\DAL;C:\Program Files (x86)\Intel\Intel(R) Management Engine Components\IPT;C:\Program Files\Intel\Intel(R) Management Engine Components\IPT;C:\Program Files (x86)\NVIDIA Corporation\PhysX\Common;C:\WINDOWS\system32;C:\WINDOWS;C:\WINDOWS\System32\Wbem;C:\WINDOWS\System32\WindowsPowerShell\v1.0\;C:\Program Files\Microsoft SQL Server\Client SDK\ODBC\110\Tools\Binn\;C:\Program Files (x86)\Microsoft SQL Server\120\Tools\Binn\;C:\Program Files\Microsoft SQL Server\120\Tools\Binn\;C:\Program Files\Microsoft SQL Server\120\DTS\Binn\;C:\Program Files (x86)\Windows Kits\8.1\Windows Performance Toolkit\;C:\Program Files\Intel\WiFi\bin\;C:\Program Files\Common Files\Intel\WirelessCommon\;C:\Users\stuar\Anaconda3;C:\Users\stuar\Anaconda3\Library\mingw-w64\bin;C:\Users\stuar\Anaconda3\Library\usr\bin;C:\Users\stuar\Anaconda3\Library\bin;C:\Users\stuar\Anaconda3\Scripts;C:\Users\stuar\AppData\Local\Microsoft\WindowsApps;C:\Program Files (x86)\Vim;C:\Program Files (x86)\Arduino\java\bin
USERNAME=stuar
OS=Windows_NT
PROCESSOR_IDENTIFIER=Intel64 Family 6 Model 142 Stepping 9, GenuineIntel



---------------  S Y S T E M  ---------------

OS: Windows 10.0 , 64 bit Build 16299 (10.0.16299.15)

CPU:total 4 (initial active 4) (2 cores per cpu, 2 threads per core) family 6 model 142 stepping 9, cmov, cx8, fxsr, mmx, sse, sse2, sse3, ssse3, sse4.1, sse4.2, popcnt, avx, avx2, aes, clmul, erms, 3dnowpref, lzcnt, ht, tsc, tscinvbit, bmi1, bmi2, adx

Memory: 4k page, physical 16659444k(7303968k free), swap 49427444k(36319496k free)

vm_info: Java HotSpot(TM) Client VM (25.144-b01) for windows-x86 JRE (1.8.0_144-b01), built on Jul 21 2017 21:58:05 by "java_re" with MS VC++ 10.0 (VS2010)

time: Sat Apr 21 14:11:51 2018
elapsed time: 7023 seconds (0d 1h 57m 3s)

