#
# A fatal error has been detected by the Java Runtime Environment:
#
#  EXCEPTION_ACCESS_VIOLATION (0xc0000005) at pc=0x6efa9ab1, pid=3940, tid=0x00002f6c
#
# JRE version: Java(TM) SE Runtime Environment (8.0_144-b01) (build 1.8.0_144-b01)
# Java VM: Java HotSpot(TM) Client VM (25.144-b01 mixed mode windows-x86 )
# Problematic frame:
# C  [awt.dll+0xa9ab1]
#
# Failed to write core dump. Minidumps are not enabled by default on client versions of Windows
#
# If you would like to submit a bug report, please visit:
#   http://bugreport.java.com/bugreport/crash.jsp
# The crash happened outside the Java Virtual Machine in native code.
# See problematic frame for where to report the bug.
#

---------------  T H R E A D  ---------------

Current thread (0x2d1fec00):  JavaThread "AWT-EventQueue-0" [_thread_in_native, id=12140, stack(0x2ec40000,0x2ec90000)]

siginfo: ExceptionCode=0xc0000005, reading address 0x00000004

Registers:
EAX=0x0000000d, EBX=0xcd010e8d, ECX=0x00000000, EDX=0x02c15d38
ESP=0x2ec8d9e8, EBP=0x74826870, ESI=0x2848e278, EDI=0x2d4ffd38
EIP=0x6efa9ab1, EFLAGS=0x00010213

Top of Stack: (sp=0x2ec8d9e8)
0x2ec8d9e8:   6ef2e936 cd010e8d 2d4ffd38 2d1fed40
0x2ec8d9f8:   2ec8dab8 2ec8dfb0 6ef5b333 2d1fed40
0x2ec8da08:   2d4ffd38 2ec8dfb0 6ef5b34a 00000001
0x2ec8da18:   00000000 00000000 6ef2bb85 2d1fed40
0x2ec8da28:   2ec8dfb0 2d1fec00 2e715620 2e715620
0x2ec8da38:   00000000 00000000 07203f50 2d4c69a8
0x2ec8da48:   2ec8dfac 2d1fed40 1233c000 07203e28
0x2ec8da58:   00000000 2cc6dae8 2d1fec00 2d06a6c8 

Instructions: (pc=0x6efa9ab1)
0x6efa9a91:   00 00 c3 8b 41 04 8b 80 0c 0c 00 00 c3 8b 01 83
0x6efa9aa1:   78 04 08 7e 03 33 c0 c3 8b 49 04 e9 e4 eb fe ff
0x6efa9ab1:   8b 49 04 85 c9 74 05 e9 f2 e9 fe ff 33 c0 c2 04
0x6efa9ac1:   00 8b 49 04 85 c9 74 05 e9 07 ea fe ff c2 04 00 


Register to memory mapping:

EAX=0x0000000d is an unknown value
EBX=0xcd010e8d is an unknown value
ECX=0x00000000 is an unknown value
EDX=0x02c15d38 is an unknown value
ESP=0x2ec8d9e8 is pointing into the stack for thread: 0x2d1fec00
EBP=0x74826870 is an unknown value
ESI=0x2848e278 is an unknown value
EDI=0x2d4ffd38 is an unknown value


Stack: [0x2ec40000,0x2ec90000],  sp=0x2ec8d9e8,  free space=310k
Native frames: (J=compiled Java code, j=interpreted, Vv=VM code, C=native code)
C  [awt.dll+0xa9ab1]

Java frames: (J=compiled Java code, j=interpreted, Vv=VM code)
j  sun.java2d.windows.GDIBlitLoops.nativeBlit(Lsun/java2d/SurfaceData;Lsun/java2d/SurfaceData;Lsun/java2d/pipe/Region;IIIIIIIIIZ)V+0
j  sun.java2d.windows.GDIBlitLoops.Blit(Lsun/java2d/SurfaceData;Lsun/java2d/SurfaceData;Ljava/awt/Composite;Lsun/java2d/pipe/Region;IIIIII)V+33
J 1889 C1 sun.java2d.pipe.DrawImage.blitSurfaceData(Lsun/java2d/SunGraphics2D;Lsun/java2d/pipe/Region;Lsun/java2d/SurfaceData;Lsun/java2d/SurfaceData;Lsun/java2d/loops/SurfaceType;Lsun/java2d/loops/SurfaceType;IIIIIILjava/awt/Color;)V (145 bytes) @ 0x04868380 [0x04868160+0x220]
J 1888 C1 sun.java2d.pipe.DrawImage.renderImageCopy(Lsun/java2d/SunGraphics2D;Ljava/awt/Image;Ljava/awt/Color;IIIIII)Z (147 bytes) @ 0x04867a5c [0x04867940+0x11c]
J 1891 C1 sun.java2d.pipe.DrawImage.copyImage(Lsun/java2d/SunGraphics2D;Ljava/awt/Image;IILjava/awt/Color;)Z (105 bytes) @ 0x0486a730 [0x0486a550+0x1e0]
J 1870 C1 sun.java2d.pipe.DrawImage.copyImage(Lsun/java2d/SunGraphics2D;Ljava/awt/Image;IILjava/awt/Color;Ljava/awt/image/ImageObserver;)Z (60 bytes) @ 0x04863728 [0x048635c0+0x168]
J 2553 C1 sun.java2d.pipe.ValidatePipe.copyImage(Lsun/java2d/SunGraphics2D;Ljava/awt/Image;IILjava/awt/Color;Ljava/awt/image/ImageObserver;)Z (29 bytes) @ 0x0497b668 [0x0497b5f0+0x78]
J 1869 C1 sun.java2d.SunGraphics2D.drawImage(Ljava/awt/Image;IILjava/awt/Color;Ljava/awt/image/ImageObserver;)Z (145 bytes) @ 0x04862d8c [0x04862b90+0x1fc]
J 1892 C1 sun.java2d.SunGraphics2D.drawImage(Ljava/awt/Image;IILjava/awt/image/ImageObserver;)Z (11 bytes) @ 0x0486ab00 [0x0486aac0+0x40]
J 2330 C1 javax.swing.RepaintManager$PaintManager.paintDoubleBuffered(Ljavax/swing/JComponent;Ljava/awt/Image;Ljava/awt/Graphics;IIII)V (294 bytes) @ 0x04925388 [0x049251e0+0x1a8]
J 2388 C1 javax.swing.RepaintManager$PaintManager.paint(Ljavax/swing/JComponent;Ljavax/swing/JComponent;Ljava/awt/Graphics;IIII)Z (189 bytes) @ 0x04941e8c [0x04941c50+0x23c]
J 2574 C1 javax.swing.RepaintManager.paint(Ljavax/swing/JComponent;Ljavax/swing/JComponent;Ljava/awt/Graphics;IIII)V (93 bytes) @ 0x04982b70 [0x04982980+0x1f0]
J 2374 C1 javax.swing.JComponent.paint(Ljava/awt/Graphics;)V (409 bytes) @ 0x0493adf4 [0x0493aa90+0x364]
j  java.awt.GraphicsCallback$PaintCallback.run(Ljava/awt/Component;Ljava/awt/Graphics;)V+2
j  sun.awt.SunGraphicsCallback.runOneComponent(Ljava/awt/Component;Ljava/awt/Rectangle;Ljava/awt/Graphics;Ljava/awt/Shape;I)V+155
j  sun.awt.SunGraphicsCallback.runComponents([Ljava/awt/Component;Ljava/awt/Graphics;I)V+194
j  java.awt.Container.paint(Ljava/awt/Graphics;)V+58
j  java.awt.Window.paint(Ljava/awt/Graphics;)V+68
j  javax.swing.RepaintManager$4.run()Ljava/lang/Void;+142
j  javax.swing.RepaintManager$4.run()Ljava/lang/Object;+1
v  ~StubRoutines::call_stub
J 1706  java.security.AccessController.doPrivileged(Ljava/security/PrivilegedAction;Ljava/security/AccessControlContext;)Ljava/lang/Object; (0 bytes) @ 0x04834a87 [0x04834a20+0x67]
J 2116 C1 javax.swing.RepaintManager.paintDirtyRegions(Ljava/util/Map;)V (196 bytes) @ 0x0487b47c [0x0487b0a0+0x3dc]
J 2562 C1 javax.swing.RepaintManager.paintDirtyRegions()V (50 bytes) @ 0x0497e3e4 [0x0497e2a0+0x144]
J 2557 C1 javax.swing.RepaintManager.prePaintDirtyRegions()V (91 bytes) @ 0x0497c474 [0x0497c2b0+0x1c4]
J 2507 C1 javax.swing.RepaintManager$ProcessingRunnable.run()V (41 bytes) @ 0x049641a4 [0x04964070+0x134]
J 2108 C1 java.awt.event.InvocationEvent.dispatch()V (69 bytes) @ 0x048b8c9c [0x048b8bb0+0xec]
J 1974 C1 java.awt.EventQueue.dispatchEventImpl(Ljava/awt/AWTEvent;Ljava/lang/Object;)V (149 bytes) @ 0x0488aecc [0x0488aa10+0x4bc]
J 1971 C1 java.awt.EventQueue$3.run()Ljava/lang/Void; (60 bytes) @ 0x0488a19c [0x0488a140+0x5c]
J 1970 C1 java.awt.EventQueue$3.run()Ljava/lang/Object; (5 bytes) @ 0x04889f20 [0x04889f00+0x20]
v  ~StubRoutines::call_stub
J 1706  java.security.AccessController.doPrivileged(Ljava/security/PrivilegedAction;Ljava/security/AccessControlContext;)Ljava/lang/Object; (0 bytes) @ 0x04834a87 [0x04834a20+0x67]
J 1967 C1 java.awt.EventQueue.dispatchEvent(Ljava/awt/AWTEvent;)V (80 bytes) @ 0x04888d08 [0x04888b00+0x208]
J 1745 C1 java.awt.EventDispatchThread.pumpOneEventForFilters(I)V (295 bytes) @ 0x0483f050 [0x0483e9c0+0x690]
J 2447% C1 java.awt.EventDispatchThread.pumpEventsForFilter(ILjava/awt/Conditional;Ljava/awt/EventFilter;)V (47 bytes) @ 0x049528b0 [0x04952800+0xb0]
j  java.awt.EventDispatchThread.pumpEventsForHierarchy(ILjava/awt/Conditional;Ljava/awt/Component;)V+11
j  java.awt.EventDispatchThread.pumpEvents(ILjava/awt/Conditional;)V+4
j  java.awt.EventDispatchThread.pumpEvents(Ljava/awt/Conditional;)V+3
j  java.awt.EventDispatchThread.run()V+9
v  ~StubRoutines::call_stub

---------------  P R O C E S S  ---------------

Java Threads: ( => current thread )
  0x2d1ff000 JavaThread "DestroyJavaVM" [_thread_blocked, id=6128, stack(0x041e0000,0x04230000)]
  0x2d1fe400 JavaThread "TimerQueue" daemon [_thread_blocked, id=11476, stack(0x2f0c0000,0x2f110000)]
=>0x2d1fec00 JavaThread "AWT-EventQueue-0" [_thread_in_native, id=12140, stack(0x2ec40000,0x2ec90000)]
  0x2d1f8800 JavaThread "AWT-Shutdown" [_thread_blocked, id=10468, stack(0x06690000,0x066e0000)]
  0x2d1fe000 JavaThread "Batik CleanerThread" daemon [_thread_blocked, id=15668, stack(0x2e7d0000,0x2e820000)]
  0x2d117400 JavaThread "Timer-0" [_thread_blocked, id=13180, stack(0x2e3e0000,0x2e430000)]
  0x2d116800 JavaThread "JmDNS(fd00-fc-8ddb-a9e2-d170-85a4-79f4-3791.local.).State.Timer" daemon [_thread_blocked, id=13592, stack(0x2e350000,0x2e3a0000)]
  0x2d118000 JavaThread "JmDNS(fd00-fc-8ddb-a9e2-d170-85a4-79f4-3791.local.).Timer" daemon [_thread_blocked, id=7196, stack(0x2e2c0000,0x2e310000)]
  0x2d119800 JavaThread "SocketListener(fd00-fc-8ddb-a9e2-d170-85a4-79f4-3791.local.)" daemon [_thread_in_native, id=8900, stack(0x2e230000,0x2e280000)]
  0x2d119400 JavaThread "JmDNS(fd00-fc-8ddb-a9e2-2d49-ff43-a290-9c38.local.).State.Timer" daemon [_thread_blocked, id=10840, stack(0x2e1a0000,0x2e1f0000)]
  0x2d118c00 JavaThread "JmDNS(fd00-fc-8ddb-a9e2-2d49-ff43-a290-9c38.local.).Timer" daemon [_thread_blocked, id=6660, stack(0x2e110000,0x2e160000)]
  0x2d116c00 JavaThread "SocketListener(fd00-fc-8ddb-a9e2-2d49-ff43-a290-9c38.local.)" daemon [_thread_in_native, id=11508, stack(0x28a80000,0x28ad0000)]
  0x2d118800 JavaThread "JmDNS(fe80-0-0-0-2d49-ff43-a290-9c38-wlan1.local.).State.Timer" daemon [_thread_blocked, id=3280, stack(0x2e080000,0x2e0d0000)]
  0x2d117800 JavaThread "JmDNS(fe80-0-0-0-2d49-ff43-a290-9c38-wlan1.local.).Timer" daemon [_thread_blocked, id=380, stack(0x2dff0000,0x2e040000)]
  0x2d116000 JavaThread "SocketListener(fe80-0-0-0-2d49-ff43-a290-9c38-wlan1.local.)" daemon [_thread_in_native, id=4624, stack(0x2df60000,0x2dfb0000)]
  0x2d115800 JavaThread "JmDNS(DESKTOP-EICKLEQ-hitronhub-home.local.).State.Timer" daemon [_thread_blocked, id=1688, stack(0x2dd40000,0x2dd90000)]
  0x2d115400 JavaThread "JmDNS(DESKTOP-EICKLEQ-hitronhub-home.local.).Timer" daemon [_thread_blocked, id=164, stack(0x2dcb0000,0x2dd00000)]
  0x2d0df000 JavaThread "SocketListener(DESKTOP-EICKLEQ-hitronhub-home.local.)" daemon [_thread_in_native, id=7620, stack(0x2dc20000,0x2dc70000)]
  0x2d0dec00 JavaThread "Multihomed mDNS.Timer" daemon [_thread_blocked, id=16800, stack(0x2db40000,0x2db90000)]
  0x2d0ccc00 JavaThread "cc.arduino.packages.discoverers.serial.SerialBoardsLister" [_thread_blocked, id=16548, stack(0x2dab0000,0x2db00000)]
  0x28633c00 JavaThread "AWT-Windows" daemon [_thread_in_native, id=14236, stack(0x28b10000,0x28b60000)]
  0x28631c00 JavaThread "Java2D Disposer" daemon [_thread_blocked, id=3432, stack(0x289f0000,0x28a40000)]
  0x27a84400 JavaThread "Service Thread" daemon [_thread_blocked, id=7124, stack(0x282e0000,0x28330000)]
  0x27a60c00 JavaThread "C1 CompilerThread0" daemon [_thread_blocked, id=11580, stack(0x28250000,0x282a0000)]
  0x27a5f400 JavaThread "Attach Listener" daemon [_thread_blocked, id=13336, stack(0x281c0000,0x28210000)]
  0x27a5d000 JavaThread "Signal Dispatcher" daemon [_thread_blocked, id=4448, stack(0x28130000,0x28180000)]
  0x27a4b400 JavaThread "Finalizer" daemon [_thread_blocked, id=15716, stack(0x27fb0000,0x28000000)]
  0x27a35800 JavaThread "Reference Handler" daemon [_thread_blocked, id=6772, stack(0x27f20000,0x27f70000)]

Other Threads:
  0x0433e800 VMThread [stack: 0x26d50000,0x26da0000] [id=13616]
  0x27a8f800 WatcherThread [stack: 0x28370000,0x283c0000] [id=1544]

VM state:not at safepoint (normal execution)

VM Mutex/Monitor currently owned by a thread: None

Heap:
 def new generation   total 42304K, used 13606K [0x06800000, 0x095e0000, 0x112a0000)
  eden space 37632K,  30% used [0x06800000, 0x07317da8, 0x08cc0000)
  from space 4672K,  48% used [0x09150000, 0x09381c30, 0x095e0000)
  to   space 4672K,   0% used [0x08cc0000, 0x08cc0000, 0x09150000)
 tenured generation   total 93912K, used 77191K [0x112a0000, 0x16e56000, 0x26800000)
   the space 93912K,  82% used [0x112a0000, 0x15e01cb8, 0x15e01e00, 0x16e56000)
 Metaspace       used 19600K, capacity 20060K, committed 20352K, reserved 20864K

Card table byte_map: [0x066f0000,0x06800000] byte_map_base: 0x066bc000

Polling page: 0x04230000

CodeCache: size=32768Kb used=2182Kb max_used=4460Kb free=30586Kb
 bounds [0x04530000, 0x04990000, 0x06530000]
 total_blobs=1293 nmethods=1011 adapters=211
 compilation: enabled

Compilation events (10 events):
Event: 13320.634 Thread 0x27a60c00 3307             org.fife.ui.rsyntaxtextarea.SyntaxView::paint (524 bytes)
Event: 13320.635 Thread 0x27a60c00 nmethod 3307 0x04756f48 code [0x047571c0, 0x04757a88]
Event: 13323.929 Thread 0x27a60c00 3308             sun.awt.NullComponentPeer::beginLayout (1 bytes)
Event: 13323.929 Thread 0x27a60c00 nmethod 3308 0x0483b348 code [0x0483b440, 0x0483b4c0]
Event: 13323.930 Thread 0x27a60c00 3309             sun.awt.NullComponentPeer::endLayout (1 bytes)
Event: 13323.930 Thread 0x27a60c00 nmethod 3309 0x0483b188 code [0x0483b280, 0x0483b300]
Event: 13323.932 Thread 0x27a60c00 3310             javax.swing.JComponent::reshape (10 bytes)
Event: 13323.932 Thread 0x27a60c00 nmethod 3310 0x0472c948 code [0x0472ca40, 0x0472caec]
Event: 13323.935 Thread 0x27a60c00 3311             java.awt.font.FontRenderContext::hashCode (71 bytes)
Event: 13323.936 Thread 0x27a60c00 nmethod 3311 0x04952bc8 code [0x04952d10, 0x04952f2c]

GC Heap History (10 events):
Event: 13287.382 GC heap before
{Heap before GC invocations=332 (full 3):
 def new generation   total 42304K, used 35545K [0x06800000, 0x095e0000, 0x112a0000)
  eden space 37632K,  94% used [0x06800000, 0x08ab66e8, 0x08cc0000)
  from space 4672K,   0% used [0x08cc0000, 0x08cc0000, 0x09150000)
  to   space 4672K,   0% used [0x09150000, 0x09150000, 0x095e0000)
 tenured generation   total 93912K, used 56346K [0x112a0000, 0x16e56000, 0x26800000)
   the space 93912K,  59% used [0x112a0000, 0x149a6ad8, 0x149a6c00, 0x16e56000)
 Metaspace       used 19600K, capacity 20060K, committed 20352K, reserved 20864K
Event: 13287.383 GC heap after
Heap after GC invocations=333 (full 3):
 def new generation   total 42304K, used 2277K [0x06800000, 0x095e0000, 0x112a0000)
  eden space 37632K,   0% used [0x06800000, 0x06800000, 0x08cc0000)
  from space 4672K,  48% used [0x09150000, 0x09389470, 0x095e0000)
  to   space 4672K,   0% used [0x08cc0000, 0x08cc0000, 0x09150000)
 tenured generation   total 93912K, used 56346K [0x112a0000, 0x16e56000, 0x26800000)
   the space 93912K,  59% used [0x112a0000, 0x149a6ad8, 0x149a6c00, 0x16e56000)
 Metaspace       used 19600K, capacity 20060K, committed 20352K, reserved 20864K
}
Event: 13292.606 GC heap before
{Heap before GC invocations=333 (full 3):
 def new generation   total 42304K, used 33680K [0x06800000, 0x095e0000, 0x112a0000)
  eden space 37632K,  83% used [0x06800000, 0x086aad18, 0x08cc0000)
  from space 4672K,  48% used [0x09150000, 0x09389470, 0x095e0000)
  to   space 4672K,   0% used [0x08cc0000, 0x08cc0000, 0x09150000)
 tenured generation   total 93912K, used 56346K [0x112a0000, 0x16e56000, 0x26800000)
   the space 93912K,  59% used [0x112a0000, 0x149a6ad8, 0x149a6c00, 0x16e56000)
 Metaspace       used 19600K, capacity 20060K, committed 20352K, reserved 20864K
Event: 13292.610 GC heap after
Heap after GC invocations=334 (full 3):
 def new generation   total 42304K, used 2875K [0x06800000, 0x095e0000, 0x112a0000)
  eden space 37632K,   0% used [0x06800000, 0x06800000, 0x08cc0000)
  from space 4672K,  61% used [0x08cc0000, 0x08f8efa8, 0x09150000)
  to   space 4672K,   0% used [0x09150000, 0x09150000, 0x095e0000)
 tenured generation   total 93912K, used 66328K [0x112a0000, 0x16e56000, 0x26800000)
   the space 93912K,  70% used [0x112a0000, 0x153662a8, 0x15366400, 0x16e56000)
 Metaspace       used 19600K, capacity 20060K, committed 20352K, reserved 20864K
}
Event: 13305.076 GC heap before
{Heap before GC invocations=334 (full 3):
 def new generation   total 42304K, used 25211K [0x06800000, 0x095e0000, 0x112a0000)
  eden space 37632K,  59% used [0x06800000, 0x07dcff78, 0x08cc0000)
  from space 4672K,  61% used [0x08cc0000, 0x08f8efa8, 0x09150000)
  to   space 4672K,   0% used [0x09150000, 0x09150000, 0x095e0000)
 tenured generation   total 93912K, used 66328K [0x112a0000, 0x16e56000, 0x26800000)
   the space 93912K,  70% used [0x112a0000, 0x153662a8, 0x15366400, 0x16e56000)
 Metaspace       used 19600K, capacity 20060K, committed 20352K, reserved 20864K
Event: 13305.079 GC heap after
Heap after GC invocations=335 (full 3):
 def new generation   total 42304K, used 1289K [0x06800000, 0x095e0000, 0x112a0000)
  eden space 37632K,   0% used [0x06800000, 0x06800000, 0x08cc0000)
  from space 4672K,  27% used [0x09150000, 0x09292548, 0x095e0000)
  to   space 4672K,   0% used [0x08cc0000, 0x08cc0000, 0x09150000)
 tenured generation   total 93912K, used 77191K [0x112a0000, 0x16e56000, 0x26800000)
   the space 93912K,  82% used [0x112a0000, 0x15e01cb8, 0x15e01e00, 0x16e56000)
 Metaspace       used 19600K, capacity 20060K, committed 20352K, reserved 20864K
}
Event: 13315.076 GC heap before
{Heap before GC invocations=335 (full 3):
 def new generation   total 42304K, used 30609K [0x06800000, 0x095e0000, 0x112a0000)
  eden space 37632K,  77% used [0x06800000, 0x084a1eb8, 0x08cc0000)
  from space 4672K,  27% used [0x09150000, 0x09292548, 0x095e0000)
  to   space 4672K,   0% used [0x08cc0000, 0x08cc0000, 0x09150000)
 tenured generation   total 93912K, used 77191K [0x112a0000, 0x16e56000, 0x26800000)
   the space 93912K,  82% used [0x112a0000, 0x15e01cb8, 0x15e01e00, 0x16e56000)
 Metaspace       used 19600K, capacity 20060K, committed 20352K, reserved 20864K
Event: 13315.077 GC heap after
Heap after GC invocations=336 (full 3):
 def new generation   total 42304K, used 2151K [0x06800000, 0x095e0000, 0x112a0000)
  eden space 37632K,   0% used [0x06800000, 0x06800000, 0x08cc0000)
  from space 4672K,  46% used [0x08cc0000, 0x08ed9cd8, 0x09150000)
  to   space 4672K,   0% used [0x09150000, 0x09150000, 0x095e0000)
 tenured generation   total 93912K, used 77191K [0x112a0000, 0x16e56000, 0x26800000)
   the space 93912K,  82% used [0x112a0000, 0x15e01cb8, 0x15e01e00, 0x16e56000)
 Metaspace       used 19600K, capacity 20060K, committed 20352K, reserved 20864K
}
Event: 13323.976 GC heap before
{Heap before GC invocations=336 (full 3):
 def new generation   total 42304K, used 35486K [0x06800000, 0x095e0000, 0x112a0000)
  eden space 37632K,  88% used [0x06800000, 0x0888db48, 0x08cc0000)
  from space 4672K,  46% used [0x08cc0000, 0x08ed9cd8, 0x09150000)
  to   space 4672K,   0% used [0x09150000, 0x09150000, 0x095e0000)
 tenured generation   total 93912K, used 77191K [0x112a0000, 0x16e56000, 0x26800000)
   the space 93912K,  82% used [0x112a0000, 0x15e01cb8, 0x15e01e00, 0x16e56000)
 Metaspace       used 19600K, capacity 20060K, committed 20352K, reserved 20864K
Event: 13323.978 GC heap after
Heap after GC invocations=337 (full 3):
 def new generation   total 42304K, used 2247K [0x06800000, 0x095e0000, 0x112a0000)
  eden space 37632K,   0% used [0x06800000, 0x06800000, 0x08cc0000)
  from space 4672K,  48% used [0x09150000, 0x09381c30, 0x095e0000)
  to   space 4672K,   0% used [0x08cc0000, 0x08cc0000, 0x09150000)
 tenured generation   total 93912K, used 77191K [0x112a0000, 0x16e56000, 0x26800000)
   the space 93912K,  82% used [0x112a0000, 0x15e01cb8, 0x15e01e00, 0x16e56000)
 Metaspace       used 19600K, capacity 20060K, committed 20352K, reserved 20864K
}

Deoptimization events (0 events):
No events

Internal exceptions (10 events):
Event: 413.885 Thread 0x2d1f8000 Exception <a 'sun/nio/fs/WindowsException'> (0x0811c100) thrown at [C:\workspace\8-2-build-windows-i586-cygwin\jdk8u144\9417\hotspot\src\share\vm\prims\jni.cpp, line 709]
Event: 413.885 Thread 0x2d1f8000 Exception <a 'sun/nio/fs/WindowsException'> (0x0811c770) thrown at [C:\workspace\8-2-build-windows-i586-cygwin\jdk8u144\9417\hotspot\src\share\vm\prims\jni.cpp, line 709]
Event: 413.885 Thread 0x2d1f8000 Exception <a 'sun/nio/fs/WindowsException'> (0x08126a00) thrown at [C:\workspace\8-2-build-windows-i586-cygwin\jdk8u144\9417\hotspot\src\share\vm\prims\jni.cpp, line 709]
Event: 413.885 Thread 0x2d1f8000 Exception <a 'sun/nio/fs/WindowsException'> (0x08126ff8) thrown at [C:\workspace\8-2-build-windows-i586-cygwin\jdk8u144\9417\hotspot\src\share\vm\prims\jni.cpp, line 709]
Event: 413.886 Thread 0x2d1f8000 Exception <a 'sun/nio/fs/WindowsException'> (0x08130fe8) thrown at [C:\workspace\8-2-build-windows-i586-cygwin\jdk8u144\9417\hotspot\src\share\vm\prims\jni.cpp, line 709]
Event: 413.886 Thread 0x2d1f8000 Exception <a 'sun/nio/fs/WindowsException'> (0x081315f0) thrown at [C:\workspace\8-2-build-windows-i586-cygwin\jdk8u144\9417\hotspot\src\share\vm\prims\jni.cpp, line 709]
Event: 413.887 Thread 0x2d1f8000 Exception <a 'sun/nio/fs/WindowsException'> (0x0813c280) thrown at [C:\workspace\8-2-build-windows-i586-cygwin\jdk8u144\9417\hotspot\src\share\vm\prims\jni.cpp, line 709]
Event: 413.887 Thread 0x2d1f8000 Exception <a 'sun/nio/fs/WindowsException'> (0x0813c828) thrown at [C:\workspace\8-2-build-windows-i586-cygwin\jdk8u144\9417\hotspot\src\share\vm\prims\jni.cpp, line 709]
Event: 413.887 Thread 0x2d1f8000 Exception <a 'sun/nio/fs/WindowsException'> (0x08144c58) thrown at [C:\workspace\8-2-build-windows-i586-cygwin\jdk8u144\9417\hotspot\src\share\vm\prims\jni.cpp, line 709]
Event: 413.888 Thread 0x2d1f8000 Exception <a 'sun/nio/fs/WindowsException'> (0x081451b0) thrown at [C:\workspace\8-2-build-windows-i586-cygwin\jdk8u144\9417\hotspot\src\share\vm\prims\jni.cpp, line 709]

Events (10 events):
Event: 13323.930 Thread 0x27a60c00 flushing nmethod 0x0472c7c8
Event: 13323.930 Thread 0x27a60c00 flushing nmethod 0x047559c8
Event: 13323.930 Thread 0x27a60c00 flushing nmethod 0x0478a108
Event: 13323.932 Thread 0x27a60c00 flushing nmethod 0x0491fe88
Event: 13323.932 Thread 0x27a60c00 flushing nmethod 0x04945988
Event: 13323.932 Thread 0x27a60c00 flushing nmethod 0x04973408
Event: 13323.932 Thread 0x27a60c00 flushing nmethod 0x04973708
Event: 13323.932 Thread 0x27a60c00 flushing nmethod 0x04973d48
Event: 13323.976 Executing VM operation: GenCollectForAllocation
Event: 13323.978 Executing VM operation: GenCollectForAllocation done


Dynamic libraries:
0x00020000 - 0x00053000 	C:\Program Files (x86)\Arduino\java\bin\javaw.exe
0x77cf0000 - 0x77e7d000 	C:\WINDOWS\SYSTEM32\ntdll.dll
0x74a90000 - 0x74b60000 	C:\WINDOWS\System32\KERNEL32.DLL
0x77830000 - 0x77a07000 	C:\WINDOWS\System32\KERNELBASE.dll
0x77c70000 - 0x77ce8000 	C:\WINDOWS\System32\ADVAPI32.dll
0x74730000 - 0x747ed000 	C:\WINDOWS\System32\msvcrt.dll
0x776c0000 - 0x77703000 	C:\WINDOWS\System32\sechost.dll
0x76ba0000 - 0x76c5e000 	C:\WINDOWS\System32\RPCRT4.dll
0x74710000 - 0x74730000 	C:\WINDOWS\System32\SspiCli.dll
0x74700000 - 0x7470a000 	C:\WINDOWS\System32\CRYPTBASE.dll
0x77bb0000 - 0x77c07000 	C:\WINDOWS\System32\bcryptPrimitives.dll
0x773a0000 - 0x77515000 	C:\WINDOWS\System32\USER32.dll
0x760f0000 - 0x76106000 	C:\WINDOWS\System32\win32u.dll
0x74820000 - 0x74842000 	C:\WINDOWS\System32\GDI32.dll
0x766e0000 - 0x7683e000 	C:\WINDOWS\System32\gdi32full.dll
0x777b0000 - 0x7782c000 	C:\WINDOWS\System32\msvcp_win.dll
0x77a90000 - 0x77ba7000 	C:\WINDOWS\System32\ucrtbase.dll
0x729a0000 - 0x72bb1000 	C:\WINDOWS\WinSxS\x86_microsoft.windows.common-controls_6595b64144ccf1df_6.0.16299.248_none_5d7c08dba7db7edd\COMCTL32.dll
0x75ea0000 - 0x760e6000 	C:\WINDOWS\System32\combase.dll
0x747f0000 - 0x74815000 	C:\WINDOWS\System32\IMM32.DLL
0x6f070000 - 0x6f12f000 	C:\Program Files (x86)\Arduino\java\bin\msvcr100.dll
0x5e2b0000 - 0x5e67e000 	C:\Program Files (x86)\Arduino\java\bin\client\jvm.dll
0x74850000 - 0x74856000 	C:\WINDOWS\System32\PSAPI.DLL
0x73ef0000 - 0x73f14000 	C:\WINDOWS\SYSTEM32\WINMM.dll
0x72be0000 - 0x72be8000 	C:\WINDOWS\SYSTEM32\WSOCK32.dll
0x746b0000 - 0x746b8000 	C:\WINDOWS\SYSTEM32\VERSION.dll
0x77a20000 - 0x77a86000 	C:\WINDOWS\System32\WS2_32.dll
0x73920000 - 0x73943000 	C:\WINDOWS\SYSTEM32\winmmbase.dll
0x766a0000 - 0x766d8000 	C:\WINDOWS\System32\cfgmgr32.dll
0x72870000 - 0x728a0000 	C:\Program Files (x86)\Arduino\java\bin\splashscreen.dll
0x735b0000 - 0x73629000 	C:\WINDOWS\system32\uxtheme.dll
0x731a0000 - 0x731ac000 	C:\Program Files (x86)\Arduino\java\bin\verify.dll
0x72840000 - 0x72861000 	C:\Program Files (x86)\Arduino\java\bin\java.dll
0x76110000 - 0x76254000 	C:\WINDOWS\System32\MSCTF.dll
0x768c0000 - 0x76953000 	C:\WINDOWS\System32\OLEAUT32.dll
0x72ca0000 - 0x72d27000 	C:\Program Files (x86)\Common Files\Microsoft Shared\Ink\tiptsf.dll
0x72820000 - 0x72833000 	C:\Program Files (x86)\Arduino\java\bin\zip.dll
0x77a10000 - 0x77a1e000 	C:\WINDOWS\System32\kernel.appcore.dll
0x72db0000 - 0x72e27000 	C:\WINDOWS\System32\TextInputFramework.dll
0x72910000 - 0x7299c000 	C:\WINDOWS\System32\CoreMessaging.dll
0x5e680000 - 0x5e8b4000 	C:\WINDOWS\System32\CoreUIComponents.dll
0x749f0000 - 0x74a78000 	C:\WINDOWS\System32\SHCORE.dll
0x742a0000 - 0x742c8000 	C:\WINDOWS\SYSTEM32\ntmarta.dll
0x60c10000 - 0x60cdb000 	C:\WINDOWS\SYSTEM32\wintypes.dll
0x73db0000 - 0x73dd3000 	C:\WINDOWS\system32\dwmapi.dll
0x76c60000 - 0x76ce2000 	C:\WINDOWS\System32\clbcatq.dll
0x60ed0000 - 0x6106e000 	C:\Windows\System32\uiautomationcore.dll
0x737e0000 - 0x73866000 	C:\WINDOWS\SYSTEM32\sxs.dll
0x715c0000 - 0x71616000 	C:\Windows\System32\OLEACC.dll
0x728a0000 - 0x7290e000 	C:\WINDOWS\SYSTEM32\twinapi.dll
0x60d00000 - 0x60e34000 	C:\WINDOWS\SYSTEM32\twinapi.appcore.dll
0x74230000 - 0x74249000 	C:\WINDOWS\SYSTEM32\bcrypt.dll
0x60ce0000 - 0x60cfa000 	C:\WINDOWS\SYSTEM32\RMCLIENT.dll
0x74b60000 - 0x75e93000 	C:\WINDOWS\System32\SHELL32.dll
0x76cf0000 - 0x772b6000 	C:\WINDOWS\System32\windows.storage.dll
0x76b50000 - 0x76b95000 	C:\WINDOWS\System32\shlwapi.dll
0x77670000 - 0x776b5000 	C:\WINDOWS\System32\powrprof.dll
0x76840000 - 0x76854000 	C:\WINDOWS\System32\profapi.dll
0x61940000 - 0x619b2000 	C:\Program Files (x86)\Arduino\lib\listSerialsj.dll
0x76260000 - 0x76686000 	C:\WINDOWS\System32\SETUPAPI.dll
0x72800000 - 0x7281d000 	C:\Program Files (x86)\Arduino\lib\jnidispatch-4.2.2-win32-x86.dll
0x77520000 - 0x77617000 	C:\WINDOWS\System32\ole32.dll
0x6f050000 - 0x6f066000 	C:\Program Files (x86)\Arduino\java\bin\net.dll
0x742d0000 - 0x74325000 	C:\WINDOWS\system32\mswsock.dll
0x72da0000 - 0x72daf000 	C:\Program Files (x86)\Arduino\java\bin\nio.dll
0x6ef00000 - 0x6f045000 	C:\Program Files (x86)\Arduino\java\bin\awt.dll
0x740c0000 - 0x7415a000 	C:\WINDOWS\SYSTEM32\apphelp.dll
0x6eec0000 - 0x6eef9000 	C:\Program Files (x86)\Arduino\java\bin\fontmanager.dll
0x5e1d0000 - 0x5e2af000 	C:\WINDOWS\system32\opengl32.dll
0x6ee90000 - 0x6eeb5000 	C:\WINDOWS\SYSTEM32\GLU32.dll
0x6ee50000 - 0x6ee82000 	C:\Program Files (x86)\Arduino\java\bin\t2k.dll
0x737b0000 - 0x737d2000 	C:\WINDOWS\SYSTEM32\DEVOBJ.dll
0x77620000 - 0x77666000 	C:\WINDOWS\System32\WINTRUST.dll
0x74a80000 - 0x74a8e000 	C:\WINDOWS\System32\MSASN1.dll
0x74860000 - 0x749e2000 	C:\WINDOWS\System32\CRYPT32.dll
0x743b0000 - 0x743e0000 	C:\WINDOWS\SYSTEM32\IPHLPAPI.DLL
0x77710000 - 0x77717000 	C:\WINDOWS\System32\NSI.dll
0x73790000 - 0x737a3000 	C:\WINDOWS\SYSTEM32\dhcpcsvc6.DLL
0x73770000 - 0x73784000 	C:\WINDOWS\SYSTEM32\dhcpcsvc.DLL
0x732c0000 - 0x73354000 	C:\WINDOWS\SYSTEM32\DNSAPI.dll
0x74170000 - 0x74191000 	C:\Program Files (x86)\Bonjour\mdnsNSP.dll
0x74250000 - 0x74258000 	C:\Windows\System32\rasadhlp.dll
0x73210000 - 0x7325e000 	C:\WINDOWS\System32\fwpuclnt.dll
0x5e160000 - 0x5e1c9000 	C:\Program Files (x86)\Arduino\msvcp100.dll
0x5e0a0000 - 0x5e15e000 	C:\Program Files (x86)\Arduino\msvcr100.dll
0x2e750000 - 0x2e782000 	C:\Program Files (x86)\Arduino\lib\AStylej.dll
0x5e070000 - 0x5e094000 	C:\Program Files (x86)\Arduino\java\bin\dcpr.dll
0x708d0000 - 0x70a3e000 	C:\WINDOWS\SYSTEM32\WindowsCodecs.dll
0x5e020000 - 0x5e068000 	C:\WINDOWS\system32\dataexchange.dll
0x5dde0000 - 0x5e01e000 	C:\WINDOWS\system32\d3d11.dll
0x5dce0000 - 0x5ddde000 	C:\WINDOWS\system32\dcomp.dll
0x73880000 - 0x73913000 	C:\WINDOWS\system32\dxgi.dll
0x64000000 - 0x6401b000 	C:\Program Files (x86)\Arduino\lib\jSSC-2.8_x86.dll
0x5c980000 - 0x5d3bc000 	C:\WINDOWS\System32\DriverStore\FileRepository\ki122204.inf_amd64_acc72d96b528231a\ig9icd32.dll
0x746f0000 - 0x746ff000 	C:\WINDOWS\SYSTEM32\WTSAPI32.dll
0x72210000 - 0x72391000 	C:\WINDOWS\SYSTEM32\dbghelp.dll

VM Arguments:
jvm_args: -Dsun.java2d.d3d=false -Djna.nosys=true -Djna.nounpack=true -Djna.boot.library.name=jnidispatch-4.2.2-win32-x86 -Djna.boot.library.path=C:\Program Files (x86)\Arduino/lib -Djssc.library.path=C:\Program Files (x86)\Arduino/lib -DAPP_DIR=C:\Program Files (x86)\Arduino -Xms128M -Xmx512M 
java_command: processing.app.Base C:\Users\stuar\Documents\Thanksgiving_Intranet\system_monitor\system_monitor.ino
java_class_path (initial): C:\Program Files (x86)\Arduino\lib\apple.jar;C:\Program Files (x86)\Arduino\lib\arduino-core.jar;C:\Program Files (x86)\Arduino\lib\batik-1.8.jar;C:\Program Files (x86)\Arduino\lib\batik-anim-1.8.jar;C:\Program Files (x86)\Arduino\lib\batik-awt-util-1.8.jar;C:\Program Files (x86)\Arduino\lib\batik-bridge-1.8.jar;C:\Program Files (x86)\Arduino\lib\batik-codec-1.8.jar;C:\Program Files (x86)\Arduino\lib\batik-css-1.8.jar;C:\Program Files (x86)\Arduino\lib\batik-dom-1.8.jar;C:\Program Files (x86)\Arduino\lib\batik-ext-1.8.jar;C:\Program Files (x86)\Arduino\lib\batik-gvt-1.8.jar;C:\Program Files (x86)\Arduino\lib\batik-parser-1.8.jar;C:\Program Files (x86)\Arduino\lib\batik-rasterizer-1.8.jar;C:\Program Files (x86)\Arduino\lib\batik-script-1.8.jar;C:\Program Files (x86)\Arduino\lib\batik-squiggle-1.8.jar;C:\Program Files (x86)\Arduino\lib\batik-svg-dom-1.8.jar;C:\Program Files (x86)\Arduino\lib\batik-svgpp-1.8.jar;C:\Program Files (x86)\Arduino\lib\batik-transcoder-1.8.jar;C:\Program Files (x86)\Arduino\lib\batik-util-1.8.jar;C:\Program Files (x86)\Arduino\lib\batik-xml-1.8.jar;C:\Program Files (x86)\Arduino\lib\bcpg-jdk15on-152.jar;C:\Program Files (x86)\Arduino\lib\bcprov-jdk15on-152.jar;C:\Program Files (x86)\Arduino\lib\commons-codec-1.7.jar;C:\Program Files (x86)\Arduino\lib\commons-compress-1.8.jar;C:\Program Files (x86)\Arduino\lib\commons-exec-1.1.jar;C:\Program Files (x86)\Arduino\lib\commons-httpclient-3.1.jar;C:\Program Files (x86)\Arduino\lib\commons-lang3-3.3.2.jar;C:\Program Files (x86)\Arduino\lib\commons-logging-1.0.4.jar;C:\Program Files (x86)\Arduino\lib\commons-net-3.3.jar;C:\Program Files (x86)\Arduino\lib\jackson-annotations-2.6.3.jar;C:\Program Files (x86)\Arduino\lib\jackson-core-2.6.3.jar;C:\Program Files (x86)\Arduino\lib\jackson-databind-2.6.3.jar;C:\Program Files (x86)\Arduino\lib\jackson-module-mrbean-2.6.3.jar;C:\Program Files (x86)\Arduino\lib\java-semver-0.8.0.jar;C:\Program Files (x86)\Arduino\lib\jmdns-3.5.1.j
Launcher Type: SUN_STANDARD

Environment Variables:
PATH=C:\Program Files (x86)\Intel\iCLS Client\;C:\Program Files\Intel\iCLS Client\;C:\windows\system32;C:\windows;C:\windows\System32\Wbem;C:\windows\System32\WindowsPowerShell\v1.0\;C:\Program Files (x86)\Intel\Intel(R) Management Engine Components\DAL;C:\Program Files\Intel\Intel(R) Management Engine Components\DAL;C:\Program Files (x86)\Intel\Intel(R) Management Engine Components\IPT;C:\Program Files\Intel\Intel(R) Management Engine Components\IPT;C:\Program Files (x86)\NVIDIA Corporation\PhysX\Common;C:\WINDOWS\system32;C:\WINDOWS;C:\WINDOWS\System32\Wbem;C:\WINDOWS\System32\WindowsPowerShell\v1.0\;C:\Program Files\Microsoft SQL Server\Client SDK\ODBC\110\Tools\Binn\;C:\Program Files (x86)\Microsoft SQL Server\120\Tools\Binn\;C:\Program Files\Microsoft SQL Server\120\Tools\Binn\;C:\Program Files\Microsoft SQL Server\120\DTS\Binn\;C:\Program Files (x86)\Windows Kits\8.1\Windows Performance Toolkit\;C:\Program Files\Intel\WiFi\bin\;C:\Program Files\Common Files\Intel\WirelessCommon\;C:\Users\stuar\Anaconda3;C:\Users\stuar\Anaconda3\Library\mingw-w64\bin;C:\Users\stuar\Anaconda3\Library\usr\bin;C:\Users\stuar\Anaconda3\Library\bin;C:\Users\stuar\Anaconda3\Scripts;C:\Users\stuar\AppData\Local\Microsoft\WindowsApps;C:\Program Files (x86)\Vim;C:\Program Files (x86)\Arduino\java\bin
USERNAME=stuar
OS=Windows_NT
PROCESSOR_IDENTIFIER=Intel64 Family 6 Model 142 Stepping 9, GenuineIntel



---------------  S Y S T E M  ---------------

OS: Windows 10.0 , 64 bit Build 16299 (10.0.16299.15)

CPU:total 4 (initial active 4) (2 cores per cpu, 2 threads per core) family 6 model 142 stepping 9, cmov, cx8, fxsr, mmx, sse, sse2, sse3, ssse3, sse4.1, sse4.2, popcnt, avx, avx2, aes, clmul, erms, 3dnowpref, lzcnt, ht, tsc, tscinvbit, bmi1, bmi2, adx

Memory: 4k page, physical 16659444k(7681616k free), swap 49427444k(35735180k free)

vm_info: Java HotSpot(TM) Client VM (25.144-b01) for windows-x86 JRE (1.8.0_144-b01), built on Jul 21 2017 21:58:05 by "java_re" with MS VC++ 10.0 (VS2010)

time: Sat Feb 24 17:49:21 2018
elapsed time: 13324 seconds (0d 3h 42m 4s)

