171215 00:56:06 mysqld_safe Starting mysqld daemon with databases from /var/lib/mysql
2017-12-15  0:56:06 140249626323848 [Note] /usr/bin/mysqld (mysqld 10.1.28-MariaDB) starting as process 182 ...
2017-12-15  0:56:06 140249626323848 [Note] InnoDB: innodb_empty_free_list_algorithm has been changed to legacy because of small buffer pool size. In order to use backoff, increase buffer pool at least up to 20MB.

2017-12-15  0:56:06 140249626323848 [Note] InnoDB: Using mutexes to ref count buffer pool pages
2017-12-15  0:56:06 140249626323848 [Note] InnoDB: The InnoDB memory heap is disabled
2017-12-15  0:56:06 140249626323848 [Note] InnoDB: Mutexes and rw_locks use GCC atomic builtins
2017-12-15  0:56:06 140249626323848 [Note] InnoDB: GCC builtin __atomic_thread_fence() is used for memory barrier
2017-12-15  0:56:06 140249626323848 [Note] InnoDB: Compressed tables use zlib 1.2.11
2017-12-15  0:56:06 140249626323848 [Note] InnoDB: Using Linux native AIO
2017-12-15  0:56:06 140249626323848 [Note] InnoDB: Using generic crc32 instructions
2017-12-15  0:56:06 140249626323848 [Note] InnoDB: Initializing buffer pool, size = 16.0M
2017-12-15  0:56:06 140249626323848 [Note] InnoDB: Completed initialization of buffer pool
2017-12-15  0:56:07 140249626323848 [Note] InnoDB: Highest supported file format is Barracuda.
2017-12-15  0:56:07 140249626323848 [Note] InnoDB: The log sequence number 1616724 in ibdata file do not match the log sequence number 11709932 in the ib_logfiles!
2017-12-15  0:56:07 140249626323848 [Note] InnoDB: Restoring possible half-written data pages from the doublewrite buffer...
InnoDB: Last MySQL binlog file position 0 21543, file name ./mysql-bin.000020
2017-12-15  0:56:08 140249626323848 [Note] InnoDB: 128 rollback segment(s) are active.
2017-12-15  0:56:08 140249626323848 [Note] InnoDB: Waiting for purge to start
2017-12-15  0:56:08 140249626323848 [Note] InnoDB:  Percona XtraDB (http://www.percona.com) 5.6.36-82.2 started; log sequence number 11709932
2017-12-15  0:56:08 140249405979368 [Note] InnoDB: Dumping buffer pool(s) not yet started
2017-12-15  0:56:08 140249626323848 [Note] Plugin 'FEEDBACK' is disabled.
2017-12-15  0:56:08 140249626323848 [Note] Recovering after a crash using mysql-bin
2017-12-15  0:56:08 140249626323848 [Note] Starting crash recovery...
2017-12-15  0:56:08 140249626323848 [Note] Crash recovery finished.
2017-12-15  0:56:09 140249626323848 [Note] Server socket created on IP: '::'.
2017-12-15  0:56:09 140249626323848 [Note] /usr/bin/mysqld: ready for connections.
Version: '10.1.28-MariaDB'  socket: '/run/mysqld/mysqld.sock'  port: 3306  MariaDB Server
171215 01:00:39 mysqld_safe Starting mysqld daemon with databases from /var/lib/mysql
2017-12-15  1:00:39 140548455725960 [Note] /usr/bin/mysqld (mysqld 10.1.28-MariaDB) starting as process 179 ...
2017-12-15  1:00:39 140548455725960 [Note] InnoDB: innodb_empty_free_list_algorithm has been changed to legacy because of small buffer pool size. In order to use backoff, increase buffer pool at least up to 20MB.

2017-12-15  1:00:39 140548455725960 [Note] InnoDB: Using mutexes to ref count buffer pool pages
2017-12-15  1:00:39 140548455725960 [Note] InnoDB: The InnoDB memory heap is disabled
2017-12-15  1:00:39 140548455725960 [Note] InnoDB: Mutexes and rw_locks use GCC atomic builtins
2017-12-15  1:00:39 140548455725960 [Note] InnoDB: GCC builtin __atomic_thread_fence() is used for memory barrier
2017-12-15  1:00:39 140548455725960 [Note] InnoDB: Compressed tables use zlib 1.2.11
2017-12-15  1:00:39 140548455725960 [Note] InnoDB: Using Linux native AIO
2017-12-15  1:00:39 140548455725960 [Note] InnoDB: Using generic crc32 instructions
2017-12-15  1:00:39 140548455725960 [Note] InnoDB: Initializing buffer pool, size = 16.0M
2017-12-15  1:00:39 140548455725960 [Note] InnoDB: Completed initialization of buffer pool
2017-12-15  1:00:39 140548455725960 [Note] InnoDB: Highest supported file format is Barracuda.
2017-12-15  1:00:39 140548455725960 [Note] InnoDB: Starting crash recovery from checkpoint LSN=11709942
2017-12-15  1:00:39 140548455725960 [Note] InnoDB: Restoring possible half-written data pages from the doublewrite buffer...
InnoDB: Transaction 71138 was in the XA prepared state.
InnoDB: 1 transaction(s) which must be rolled back or cleaned up
InnoDB: in total 0 row operations to undo
InnoDB: Trx id counter is 71424
2017-12-15  1:00:39 140548455725960 [Note] InnoDB: Starting final batch to recover 2 pages from redo log
InnoDB: Last MySQL binlog file position 0 10253, file name ./mysql-bin.000021
2017-12-15  1:00:40 140548455725960 [Note] InnoDB: 128 rollback segment(s) are active.
2017-12-15  1:00:40 140548264753896 [Note] InnoDB: Starting in background the rollback of recovered transactions
2017-12-15  1:00:40 140548264753896 [Note] InnoDB: Rollback of non-prepared transactions completed
2017-12-15  1:00:40 140548455725960 [Note] InnoDB: Waiting for purge to start
2017-12-15  1:00:40 140548455725960 [Note] InnoDB:  Percona XtraDB (http://www.percona.com) 5.6.36-82.2 started; log sequence number 11725645
2017-12-15  1:00:40 140548235381480 [Note] InnoDB: Dumping buffer pool(s) not yet started
2017-12-15  1:00:40 140548455725960 [Note] Plugin 'FEEDBACK' is disabled.
2017-12-15  1:00:40 140548455725960 [Note] Recovering after a crash using mysql-bin
2017-12-15  1:00:40 140548455725960 [Note] Starting crash recovery...
2017-12-15 01:00:40 7fd3fcc6fb88  InnoDB: Starting recovery for XA transactions...
2017-12-15 01:00:40 7fd3fcc6fb88  InnoDB: Transaction 71138 in prepared state after recovery
2017-12-15 01:00:40 7fd3fcc6fb88  InnoDB: Transaction contains changes to 1 rows
2017-12-15 01:00:40 7fd3fcc6fb88  InnoDB: 1 transactions in prepared state after recovery
2017-12-15  1:00:40 140548455725960 [Note] Found 1 prepared transaction(s) in InnoDB
2017-12-15  1:00:40 140548455725960 [Note] Crash recovery finished.
2017-12-15  1:00:40 140548455725960 [Note] Server socket created on IP: '::'.
2017-12-15  1:00:40 140548455725960 [Note] /usr/bin/mysqld: ready for connections.
Version: '10.1.28-MariaDB'  socket: '/run/mysqld/mysqld.sock'  port: 3306  MariaDB Server
171215 01:05:35 mysqld_safe Starting mysqld daemon with databases from /var/lib/mysql
2017-12-15  1:05:35 139626472741768 [Note] /usr/bin/mysqld (mysqld 10.1.28-MariaDB) starting as process 179 ...
2017-12-15  1:05:35 139626472741768 [Note] InnoDB: innodb_empty_free_list_algorithm has been changed to legacy because of small buffer pool size. In order to use backoff, increase buffer pool at least up to 20MB.

2017-12-15  1:05:35 139626472741768 [Note] InnoDB: Using mutexes to ref count buffer pool pages
2017-12-15  1:05:35 139626472741768 [Note] InnoDB: The InnoDB memory heap is disabled
2017-12-15  1:05:35 139626472741768 [Note] InnoDB: Mutexes and rw_locks use GCC atomic builtins
2017-12-15  1:05:35 139626472741768 [Note] InnoDB: GCC builtin __atomic_thread_fence() is used for memory barrier
2017-12-15  1:05:35 139626472741768 [Note] InnoDB: Compressed tables use zlib 1.2.11
2017-12-15  1:05:35 139626472741768 [Note] InnoDB: Using Linux native AIO
2017-12-15  1:05:35 139626472741768 [Note] InnoDB: Using generic crc32 instructions
2017-12-15  1:05:35 139626472741768 [Note] InnoDB: Initializing buffer pool, size = 16.0M
2017-12-15  1:05:35 139626472741768 [Note] InnoDB: Completed initialization of buffer pool
2017-12-15  1:05:35 139626472741768 [Note] InnoDB: Highest supported file format is Barracuda.
2017-12-15  1:05:35 139626472741768 [Note] InnoDB: The log sequence number 1616724 in ibdata file do not match the log sequence number 11775510 in the ib_logfiles!
2017-12-15  1:05:35 139626472741768 [Note] InnoDB: Restoring possible half-written data pages from the doublewrite buffer...
InnoDB: Last MySQL binlog file position 0 22615, file name ./mysql-bin.000022
2017-12-15  1:05:35 139626472741768 [Note] InnoDB: 128 rollback segment(s) are active.
2017-12-15  1:05:35 139626472741768 [Note] InnoDB: Waiting for purge to start
2017-12-15  1:05:35 139626472741768 [Note] InnoDB:  Percona XtraDB (http://www.percona.com) 5.6.36-82.2 started; log sequence number 11775510
2017-12-15  1:05:35 139626252397288 [Note] InnoDB: Dumping buffer pool(s) not yet started
2017-12-15  1:05:35 139626472741768 [Note] Plugin 'FEEDBACK' is disabled.
2017-12-15  1:05:35 139626472741768 [Note] Recovering after a crash using mysql-bin
2017-12-15  1:05:35 139626472741768 [Note] Starting crash recovery...
2017-12-15  1:05:35 139626472741768 [Note] Crash recovery finished.
2017-12-15  1:05:35 139626472741768 [Note] Server socket created on IP: '::'.
2017-12-15  1:05:35 139626472741768 [Note] /usr/bin/mysqld: ready for connections.
Version: '10.1.28-MariaDB'  socket: '/run/mysqld/mysqld.sock'  port: 3306  MariaDB Server
171215 01:07:48 mysqld_safe Starting mysqld daemon with databases from /var/lib/mysql
2017-12-15  1:07:48 140064674405256 [Note] /usr/bin/mysqld (mysqld 10.1.28-MariaDB) starting as process 183 ...
2017-12-15  1:07:49 140064674405256 [Note] InnoDB: innodb_empty_free_list_algorithm has been changed to legacy because of small buffer pool size. In order to use backoff, increase buffer pool at least up to 20MB.

2017-12-15  1:07:49 140064674405256 [Note] InnoDB: Using mutexes to ref count buffer pool pages
2017-12-15  1:07:49 140064674405256 [Note] InnoDB: The InnoDB memory heap is disabled
2017-12-15  1:07:49 140064674405256 [Note] InnoDB: Mutexes and rw_locks use GCC atomic builtins
2017-12-15  1:07:49 140064674405256 [Note] InnoDB: GCC builtin __atomic_thread_fence() is used for memory barrier
2017-12-15  1:07:49 140064674405256 [Note] InnoDB: Compressed tables use zlib 1.2.11
2017-12-15  1:07:49 140064674405256 [Note] InnoDB: Using Linux native AIO
2017-12-15  1:07:49 140064674405256 [Note] InnoDB: Using generic crc32 instructions
2017-12-15  1:07:49 140064674405256 [Note] InnoDB: Initializing buffer pool, size = 16.0M
2017-12-15  1:07:49 140064674405256 [Note] InnoDB: Completed initialization of buffer pool
2017-12-15  1:07:49 140064674405256 [Note] InnoDB: Highest supported file format is Barracuda.
2017-12-15  1:07:49 140064674405256 [Note] InnoDB: The log sequence number 1616724 in ibdata file do not match the log sequence number 11775520 in the ib_logfiles!
2017-12-15  1:07:49 140064674405256 [Note] InnoDB: Restoring possible half-written data pages from the doublewrite buffer...
InnoDB: Last MySQL binlog file position 0 22615, file name ./mysql-bin.000022
2017-12-15  1:07:50 140064674405256 [Note] InnoDB: 128 rollback segment(s) are active.
2017-12-15  1:07:50 140064674405256 [Note] InnoDB: Waiting for purge to start
2017-12-15  1:07:50 140064674405256 [Note] InnoDB:  Percona XtraDB (http://www.percona.com) 5.6.36-82.2 started; log sequence number 11775520
2017-12-15  1:07:50 140064454060776 [Note] InnoDB: Dumping buffer pool(s) not yet started
2017-12-15  1:07:50 140064674405256 [Note] Plugin 'FEEDBACK' is disabled.
2017-12-15  1:07:50 140064674405256 [Note] Recovering after a crash using mysql-bin
2017-12-15  1:07:50 140064674405256 [Note] Starting crash recovery...
2017-12-15  1:07:50 140064674405256 [Note] Crash recovery finished.
2017-12-15  1:07:50 140064674405256 [Note] Server socket created on IP: '::'.
2017-12-15  1:07:50 140064674405256 [Note] /usr/bin/mysqld: ready for connections.
Version: '10.1.28-MariaDB'  socket: '/run/mysqld/mysqld.sock'  port: 3306  MariaDB Server
171215 01:12:11 mysqld_safe Starting mysqld daemon with databases from /var/lib/mysql
2017-12-15  1:12:11 140278732671880 [Note] /usr/bin/mysqld (mysqld 10.1.28-MariaDB) starting as process 181 ...
2017-12-15  1:12:11 140278732671880 [Note] InnoDB: innodb_empty_free_list_algorithm has been changed to legacy because of small buffer pool size. In order to use backoff, increase buffer pool at least up to 20MB.

2017-12-15  1:12:11 140278732671880 [Note] InnoDB: Using mutexes to ref count buffer pool pages
2017-12-15  1:12:11 140278732671880 [Note] InnoDB: The InnoDB memory heap is disabled
2017-12-15  1:12:11 140278732671880 [Note] InnoDB: Mutexes and rw_locks use GCC atomic builtins
2017-12-15  1:12:11 140278732671880 [Note] InnoDB: GCC builtin __atomic_thread_fence() is used for memory barrier
2017-12-15  1:12:11 140278732671880 [Note] InnoDB: Compressed tables use zlib 1.2.11
2017-12-15  1:12:11 140278732671880 [Note] InnoDB: Using Linux native AIO
2017-12-15  1:12:11 140278732671880 [Note] InnoDB: Using generic crc32 instructions
2017-12-15  1:12:11 140278732671880 [Note] InnoDB: Initializing buffer pool, size = 16.0M
2017-12-15  1:12:11 140278732671880 [Note] InnoDB: Completed initialization of buffer pool
2017-12-15  1:12:11 140278732671880 [Note] InnoDB: Highest supported file format is Barracuda.
2017-12-15  1:12:11 140278732671880 [Note] InnoDB: The log sequence number 1616724 in ibdata file do not match the log sequence number 11812364 in the ib_logfiles!
2017-12-15  1:12:11 140278732671880 [Note] InnoDB: Restoring possible half-written data pages from the doublewrite buffer...
InnoDB: Last MySQL binlog file position 0 20549, file name ./mysql-bin.000024
2017-12-15  1:12:12 140278732671880 [Note] InnoDB: 128 rollback segment(s) are active.
2017-12-15  1:12:12 140278732671880 [Note] InnoDB: Waiting for purge to start
2017-12-15  1:12:12 140278732671880 [Note] InnoDB:  Percona XtraDB (http://www.percona.com) 5.6.36-82.2 started; log sequence number 11812364
2017-12-15  1:12:12 140278512327400 [Note] InnoDB: Dumping buffer pool(s) not yet started
2017-12-15  1:12:12 140278732671880 [Note] Plugin 'FEEDBACK' is disabled.
2017-12-15  1:12:12 140278732671880 [Note] Recovering after a crash using mysql-bin
2017-12-15  1:12:12 140278732671880 [Note] Starting crash recovery...
2017-12-15  1:12:12 140278732671880 [Note] Crash recovery finished.
2017-12-15  1:12:12 140278732671880 [Note] Server socket created on IP: '::'.
2017-12-15  1:12:12 140278732671880 [Note] /usr/bin/mysqld: ready for connections.
Version: '10.1.28-MariaDB'  socket: '/run/mysqld/mysqld.sock'  port: 3306  MariaDB Server
171215 01:23:41 mysqld_safe Starting mysqld daemon with databases from /var/lib/mysql
2017-12-15  1:23:41 139793231657864 [Note] /usr/bin/mysqld (mysqld 10.1.28-MariaDB) starting as process 180 ...
2017-12-15  1:23:41 139793231657864 [Note] InnoDB: innodb_empty_free_list_algorithm has been changed to legacy because of small buffer pool size. In order to use backoff, increase buffer pool at least up to 20MB.

2017-12-15  1:23:41 139793231657864 [Note] InnoDB: Using mutexes to ref count buffer pool pages
2017-12-15  1:23:41 139793231657864 [Note] InnoDB: The InnoDB memory heap is disabled
2017-12-15  1:23:41 139793231657864 [Note] InnoDB: Mutexes and rw_locks use GCC atomic builtins
2017-12-15  1:23:41 139793231657864 [Note] InnoDB: GCC builtin __atomic_thread_fence() is used for memory barrier
2017-12-15  1:23:41 139793231657864 [Note] InnoDB: Compressed tables use zlib 1.2.11
2017-12-15  1:23:41 139793231657864 [Note] InnoDB: Using Linux native AIO
2017-12-15  1:23:41 139793231657864 [Note] InnoDB: Using generic crc32 instructions
2017-12-15  1:23:41 139793231657864 [Note] InnoDB: Initializing buffer pool, size = 16.0M
2017-12-15  1:23:41 139793231657864 [Note] InnoDB: Completed initialization of buffer pool
2017-12-15  1:23:41 139793231657864 [Note] InnoDB: Highest supported file format is Barracuda.
2017-12-15  1:23:41 139793231657864 [Note] InnoDB: The log sequence number 1616724 in ibdata file do not match the log sequence number 11829735 in the ib_logfiles!
2017-12-15  1:23:41 139793231657864 [Note] InnoDB: Restoring possible half-written data pages from the doublewrite buffer...
InnoDB: Last MySQL binlog file position 0 10447, file name ./mysql-bin.000025
2017-12-15  1:23:42 139793231657864 [Note] InnoDB: 128 rollback segment(s) are active.
2017-12-15  1:23:42 139793231657864 [Note] InnoDB: Waiting for purge to start
2017-12-15  1:23:42 139793231657864 [Note] InnoDB:  Percona XtraDB (http://www.percona.com) 5.6.36-82.2 started; log sequence number 11829735
2017-12-15  1:23:42 139793231657864 [Note] Plugin 'FEEDBACK' is disabled.
2017-12-15  1:23:42 139793231657864 [Note] Recovering after a crash using mysql-bin
2017-12-15  1:23:42 139793231657864 [Note] Starting crash recovery...
2017-12-15  1:23:42 139793231657864 [Note] Crash recovery finished.
2017-12-15  1:23:42 139793011313384 [Note] InnoDB: Dumping buffer pool(s) not yet started
2017-12-15  1:23:42 139793231657864 [Note] Server socket created on IP: '::'.
2017-12-15  1:23:42 139793231657864 [Note] /usr/bin/mysqld: ready for connections.
Version: '10.1.28-MariaDB'  socket: '/run/mysqld/mysqld.sock'  port: 3306  MariaDB Server
