171212 01:52:20 mysqld_safe Starting mysqld daemon with databases from /var/lib/mysql
2017-12-12  1:52:20 140536775330696 [Note] /usr/bin/mysqld (mysqld 10.1.28-MariaDB) starting as process 183 ...
2017-12-12  1:52:20 140536775330696 [Note] InnoDB: innodb_empty_free_list_algorithm has been changed to legacy because of small buffer pool size. In order to use backoff, increase buffer pool at least up to 20MB.

2017-12-12  1:52:20 140536775330696 [Note] InnoDB: Using mutexes to ref count buffer pool pages
2017-12-12  1:52:20 140536775330696 [Note] InnoDB: The InnoDB memory heap is disabled
2017-12-12  1:52:20 140536775330696 [Note] InnoDB: Mutexes and rw_locks use GCC atomic builtins
2017-12-12  1:52:20 140536775330696 [Note] InnoDB: GCC builtin __atomic_thread_fence() is used for memory barrier
2017-12-12  1:52:20 140536775330696 [Note] InnoDB: Compressed tables use zlib 1.2.11
2017-12-12  1:52:20 140536775330696 [Note] InnoDB: Using Linux native AIO
2017-12-12  1:52:20 140536775330696 [Note] InnoDB: Using generic crc32 instructions
2017-12-12  1:52:20 140536775330696 [Note] InnoDB: Initializing buffer pool, size = 16.0M
2017-12-12  1:52:20 140536775330696 [Note] InnoDB: Completed initialization of buffer pool
2017-12-12  1:52:20 140536775330696 [Note] InnoDB: Highest supported file format is Barracuda.
2017-12-12  1:52:20 140536775330696 [Note] InnoDB: The log sequence number 1616724 in ibdata file do not match the log sequence number 4503838 in the ib_logfiles!
2017-12-12  1:52:20 140536775330696 [Note] InnoDB: Restoring possible half-written data pages from the doublewrite buffer...
InnoDB: Last MySQL binlog file position 0 2505, file name ./mysql-bin.000008
2017-12-12  1:52:21 140536775330696 [Note] InnoDB: 128 rollback segment(s) are active.
2017-12-12  1:52:21 140536775330696 [Note] InnoDB: Waiting for purge to start
2017-12-12  1:52:21 140536775330696 [Note] InnoDB:  Percona XtraDB (http://www.percona.com) 5.6.36-82.2 started; log sequence number 4503838
2017-12-12  1:52:21 140536554986216 [Note] InnoDB: Dumping buffer pool(s) not yet started
2017-12-12  1:52:21 140536775330696 [Note] Plugin 'FEEDBACK' is disabled.
2017-12-12  1:52:21 140536775330696 [Note] Recovering after a crash using mysql-bin
2017-12-12  1:52:21 140536775330696 [Note] Starting crash recovery...
2017-12-12  1:52:21 140536775330696 [Note] Crash recovery finished.
2017-12-12  1:52:21 140536775330696 [Note] Server socket created on IP: '::'.
2017-12-12  1:52:21 140536775330696 [Note] /usr/bin/mysqld: ready for connections.
Version: '10.1.28-MariaDB'  socket: '/run/mysqld/mysqld.sock'  port: 3306  MariaDB Server
171212 01:53:17 mysqld_safe Starting mysqld daemon with databases from /var/lib/mysql
2017-12-12  1:53:17 140583389305736 [Note] /usr/bin/mysqld (mysqld 10.1.28-MariaDB) starting as process 181 ...
2017-12-12  1:53:17 140583389305736 [Note] InnoDB: innodb_empty_free_list_algorithm has been changed to legacy because of small buffer pool size. In order to use backoff, increase buffer pool at least up to 20MB.

2017-12-12  1:53:17 140583389305736 [Note] InnoDB: Using mutexes to ref count buffer pool pages
2017-12-12  1:53:17 140583389305736 [Note] InnoDB: The InnoDB memory heap is disabled
2017-12-12  1:53:17 140583389305736 [Note] InnoDB: Mutexes and rw_locks use GCC atomic builtins
2017-12-12  1:53:17 140583389305736 [Note] InnoDB: GCC builtin __atomic_thread_fence() is used for memory barrier
2017-12-12  1:53:17 140583389305736 [Note] InnoDB: Compressed tables use zlib 1.2.11
2017-12-12  1:53:17 140583389305736 [Note] InnoDB: Using Linux native AIO
2017-12-12  1:53:17 140583389305736 [Note] InnoDB: Using generic crc32 instructions
2017-12-12  1:53:17 140583389305736 [Note] InnoDB: Initializing buffer pool, size = 16.0M
2017-12-12  1:53:17 140583389305736 [Note] InnoDB: Completed initialization of buffer pool
2017-12-12  1:53:17 140583389305736 [Note] InnoDB: Highest supported file format is Barracuda.
2017-12-12  1:53:17 140583389305736 [Note] InnoDB: The log sequence number 1616724 in ibdata file do not match the log sequence number 4509257 in the ib_logfiles!
2017-12-12  1:53:17 140583389305736 [Note] InnoDB: Restoring possible half-written data pages from the doublewrite buffer...
InnoDB: Last MySQL binlog file position 0 2505, file name ./mysql-bin.000009
2017-12-12  1:53:17 140583389305736 [Note] InnoDB: 128 rollback segment(s) are active.
2017-12-12  1:53:17 140583389305736 [Note] InnoDB: Waiting for purge to start
2017-12-12  1:53:17 140583389305736 [Note] InnoDB:  Percona XtraDB (http://www.percona.com) 5.6.36-82.2 started; log sequence number 4509257
2017-12-12  1:53:17 140583168961256 [Note] InnoDB: Dumping buffer pool(s) not yet started
2017-12-12  1:53:17 140583389305736 [Note] Plugin 'FEEDBACK' is disabled.
2017-12-12  1:53:17 140583389305736 [Note] Recovering after a crash using mysql-bin
2017-12-12  1:53:17 140583389305736 [Note] Starting crash recovery...
2017-12-12  1:53:17 140583389305736 [Note] Crash recovery finished.
2017-12-12  1:53:18 140583389305736 [Note] Server socket created on IP: '::'.
2017-12-12  1:53:18 140583389305736 [Note] /usr/bin/mysqld: ready for connections.
Version: '10.1.28-MariaDB'  socket: '/run/mysqld/mysqld.sock'  port: 3306  MariaDB Server
171212 01:55:07 mysqld_safe Starting mysqld daemon with databases from /var/lib/mysql
2017-12-12  1:55:07 139690561350536 [Note] /usr/bin/mysqld (mysqld 10.1.28-MariaDB) starting as process 179 ...
2017-12-12  1:55:07 139690561350536 [Note] InnoDB: innodb_empty_free_list_algorithm has been changed to legacy because of small buffer pool size. In order to use backoff, increase buffer pool at least up to 20MB.

2017-12-12  1:55:07 139690561350536 [Note] InnoDB: Using mutexes to ref count buffer pool pages
2017-12-12  1:55:07 139690561350536 [Note] InnoDB: The InnoDB memory heap is disabled
2017-12-12  1:55:07 139690561350536 [Note] InnoDB: Mutexes and rw_locks use GCC atomic builtins
2017-12-12  1:55:07 139690561350536 [Note] InnoDB: GCC builtin __atomic_thread_fence() is used for memory barrier
2017-12-12  1:55:07 139690561350536 [Note] InnoDB: Compressed tables use zlib 1.2.11
2017-12-12  1:55:07 139690561350536 [Note] InnoDB: Using Linux native AIO
2017-12-12  1:55:07 139690561350536 [Note] InnoDB: Using generic crc32 instructions
2017-12-12  1:55:07 139690561350536 [Note] InnoDB: Initializing buffer pool, size = 16.0M
2017-12-12  1:55:07 139690561350536 [Note] InnoDB: Completed initialization of buffer pool
2017-12-12  1:55:07 139690561350536 [Note] InnoDB: Highest supported file format is Barracuda.
2017-12-12  1:55:07 139690561350536 [Note] InnoDB: The log sequence number 1616724 in ibdata file do not match the log sequence number 4562455 in the ib_logfiles!
2017-12-12  1:55:07 139690561350536 [Note] InnoDB: Restoring possible half-written data pages from the doublewrite buffer...
InnoDB: Last MySQL binlog file position 0 18716, file name ./mysql-bin.000010
2017-12-12  1:55:08 139690561350536 [Note] InnoDB: 128 rollback segment(s) are active.
2017-12-12  1:55:08 139690561350536 [Note] InnoDB: Waiting for purge to start
2017-12-12  1:55:08 139690561350536 [Note] InnoDB:  Percona XtraDB (http://www.percona.com) 5.6.36-82.2 started; log sequence number 4562455
2017-12-12  1:55:08 139690341006056 [Note] InnoDB: Dumping buffer pool(s) not yet started
2017-12-12  1:55:08 139690561350536 [Note] Plugin 'FEEDBACK' is disabled.
2017-12-12  1:55:08 139690561350536 [Note] Recovering after a crash using mysql-bin
2017-12-12  1:55:08 139690561350536 [Note] Starting crash recovery...
2017-12-12  1:55:08 139690561350536 [Note] Crash recovery finished.
2017-12-12  1:55:08 139690561350536 [Note] Server socket created on IP: '::'.
2017-12-12  1:55:08 139690561350536 [Note] /usr/bin/mysqld: ready for connections.
Version: '10.1.28-MariaDB'  socket: '/run/mysqld/mysqld.sock'  port: 3306  MariaDB Server
171212 02:03:48 mysqld_safe Starting mysqld daemon with databases from /var/lib/mysql
2017-12-12  2:03:48 140106589358984 [Note] /usr/bin/mysqld (mysqld 10.1.28-MariaDB) starting as process 180 ...
2017-12-12  2:03:48 140106589358984 [Note] InnoDB: innodb_empty_free_list_algorithm has been changed to legacy because of small buffer pool size. In order to use backoff, increase buffer pool at least up to 20MB.

2017-12-12  2:03:48 140106589358984 [Note] InnoDB: Using mutexes to ref count buffer pool pages
2017-12-12  2:03:48 140106589358984 [Note] InnoDB: The InnoDB memory heap is disabled
2017-12-12  2:03:48 140106589358984 [Note] InnoDB: Mutexes and rw_locks use GCC atomic builtins
2017-12-12  2:03:48 140106589358984 [Note] InnoDB: GCC builtin __atomic_thread_fence() is used for memory barrier
2017-12-12  2:03:48 140106589358984 [Note] InnoDB: Compressed tables use zlib 1.2.11
2017-12-12  2:03:48 140106589358984 [Note] InnoDB: Using Linux native AIO
2017-12-12  2:03:48 140106589358984 [Note] InnoDB: Using generic crc32 instructions
2017-12-12  2:03:48 140106589358984 [Note] InnoDB: Initializing buffer pool, size = 16.0M
2017-12-12  2:03:48 140106589358984 [Note] InnoDB: Completed initialization of buffer pool
2017-12-12  2:03:49 140106589358984 [Note] InnoDB: Highest supported file format is Barracuda.
2017-12-12  2:03:49 140106589358984 [Note] InnoDB: The log sequence number 1616724 in ibdata file do not match the log sequence number 10102922 in the ib_logfiles!
2017-12-12  2:03:49 140106589358984 [Note] InnoDB: Restoring possible half-written data pages from the doublewrite buffer...
InnoDB: Last MySQL binlog file position 0 4078127, file name ./mysql-bin.000011
2017-12-12  2:03:49 140106589358984 [Note] InnoDB: 128 rollback segment(s) are active.
2017-12-12  2:03:49 140106589358984 [Note] InnoDB: Waiting for purge to start
2017-12-12  2:03:49 140106589358984 [Note] InnoDB:  Percona XtraDB (http://www.percona.com) 5.6.36-82.2 started; log sequence number 10102922
2017-12-12  2:03:49 140106369014504 [Note] InnoDB: Dumping buffer pool(s) not yet started
2017-12-12  2:03:49 140106589358984 [Note] Plugin 'FEEDBACK' is disabled.
2017-12-12  2:03:49 140106589358984 [Note] Recovering after a crash using mysql-bin
2017-12-12  2:03:49 140106589358984 [Note] Starting crash recovery...
2017-12-12  2:03:49 140106589358984 [Note] Crash recovery finished.
2017-12-12  2:03:49 140106589358984 [Note] Server socket created on IP: '::'.
2017-12-12  2:03:49 140106589358984 [Note] /usr/bin/mysqld: ready for connections.
Version: '10.1.28-MariaDB'  socket: '/run/mysqld/mysqld.sock'  port: 3306  MariaDB Server
171212 23:38:44 mysqld_safe Starting mysqld daemon with databases from /var/lib/mysql
2017-12-12 23:38:46 140594980510600 [Note] /usr/bin/mysqld (mysqld 10.1.28-MariaDB) starting as process 180 ...
2017-12-12 23:38:46 140594980510600 [Note] InnoDB: innodb_empty_free_list_algorithm has been changed to legacy because of small buffer pool size. In order to use backoff, increase buffer pool at least up to 20MB.

2017-12-12 23:38:46 140594980510600 [Note] InnoDB: Using mutexes to ref count buffer pool pages
2017-12-12 23:38:46 140594980510600 [Note] InnoDB: The InnoDB memory heap is disabled
2017-12-12 23:38:46 140594980510600 [Note] InnoDB: Mutexes and rw_locks use GCC atomic builtins
2017-12-12 23:38:46 140594980510600 [Note] InnoDB: GCC builtin __atomic_thread_fence() is used for memory barrier
2017-12-12 23:38:46 140594980510600 [Note] InnoDB: Compressed tables use zlib 1.2.11
2017-12-12 23:38:46 140594980510600 [Note] InnoDB: Using Linux native AIO
2017-12-12 23:38:46 140594980510600 [Note] InnoDB: Using generic crc32 instructions
2017-12-12 23:38:46 140594980510600 [Note] InnoDB: Initializing buffer pool, size = 16.0M
2017-12-12 23:38:46 140594980510600 [Note] InnoDB: Completed initialization of buffer pool
2017-12-12 23:38:46 140594980510600 [Note] InnoDB: Highest supported file format is Barracuda.
2017-12-12 23:38:46 140594980510600 [Note] InnoDB: The log sequence number 1616724 in ibdata file do not match the log sequence number 10123466 in the ib_logfiles!
2017-12-12 23:38:47 140594980510600 [Note] InnoDB: Restoring possible half-written data pages from the doublewrite buffer...
InnoDB: Last MySQL binlog file position 0 11677, file name ./mysql-bin.000012
2017-12-12 23:38:48 140594980510600 [Note] InnoDB: 128 rollback segment(s) are active.
2017-12-12 23:38:48 140594980510600 [Note] InnoDB: Waiting for purge to start
2017-12-12 23:38:48 140594980510600 [Note] InnoDB:  Percona XtraDB (http://www.percona.com) 5.6.36-82.2 started; log sequence number 10123466
2017-12-12 23:38:49 140594760166120 [Note] InnoDB: Dumping buffer pool(s) not yet started
2017-12-12 23:38:49 140594980510600 [Note] Plugin 'FEEDBACK' is disabled.
2017-12-12 23:38:49 140594980510600 [Note] Recovering after a crash using mysql-bin
2017-12-12 23:38:49 140594980510600 [Note] Starting crash recovery...
2017-12-12 23:38:49 140594980510600 [Note] Crash recovery finished.
2017-12-12 23:38:50 140594980510600 [Note] Server socket created on IP: '::'.
2017-12-12 23:38:50 140594980510600 [Note] /usr/bin/mysqld: ready for connections.
Version: '10.1.28-MariaDB'  socket: '/run/mysqld/mysqld.sock'  port: 3306  MariaDB Server
