171213 00:32:23 mysqld_safe Starting mysqld daemon with databases from /var/lib/mysql
2017-12-13  0:32:23 139840222649224 [Note] /usr/bin/mysqld (mysqld 10.1.28-MariaDB) starting as process 181 ...
2017-12-13  0:32:23 139840222649224 [Note] InnoDB: innodb_empty_free_list_algorithm has been changed to legacy because of small buffer pool size. In order to use backoff, increase buffer pool at least up to 20MB.

2017-12-13  0:32:24 139840222649224 [Note] InnoDB: Using mutexes to ref count buffer pool pages
2017-12-13  0:32:24 139840222649224 [Note] InnoDB: The InnoDB memory heap is disabled
2017-12-13  0:32:24 139840222649224 [Note] InnoDB: Mutexes and rw_locks use GCC atomic builtins
2017-12-13  0:32:24 139840222649224 [Note] InnoDB: GCC builtin __atomic_thread_fence() is used for memory barrier
2017-12-13  0:32:24 139840222649224 [Note] InnoDB: Compressed tables use zlib 1.2.11
2017-12-13  0:32:24 139840222649224 [Note] InnoDB: Using Linux native AIO
2017-12-13  0:32:24 139840222649224 [Note] InnoDB: Using generic crc32 instructions
2017-12-13  0:32:24 139840222649224 [Note] InnoDB: Initializing buffer pool, size = 16.0M
2017-12-13  0:32:24 139840222649224 [Note] InnoDB: Completed initialization of buffer pool
2017-12-13  0:32:24 139840222649224 [Note] InnoDB: Highest supported file format is Barracuda.
2017-12-13  0:32:24 139840222649224 [Note] InnoDB: The log sequence number 1616724 in ibdata file do not match the log sequence number 11044091 in the ib_logfiles!
2017-12-13  0:32:24 139840222649224 [Note] InnoDB: Restoring possible half-written data pages from the doublewrite buffer...
InnoDB: Last MySQL binlog file position 0 130849, file name ./mysql-bin.000014
2017-12-13  0:32:24 139840222649224 [Note] InnoDB: 128 rollback segment(s) are active.
2017-12-13  0:32:24 139840222649224 [Note] InnoDB: Waiting for purge to start
2017-12-13  0:32:24 139840222649224 [Note] InnoDB:  Percona XtraDB (http://www.percona.com) 5.6.36-82.2 started; log sequence number 11044091
2017-12-13  0:32:24 139840002304744 [Note] InnoDB: Dumping buffer pool(s) not yet started
2017-12-13  0:32:24 139840222649224 [Note] Plugin 'FEEDBACK' is disabled.
2017-12-13  0:32:24 139840222649224 [Note] Recovering after a crash using mysql-bin
2017-12-13  0:32:24 139840222649224 [Note] Starting crash recovery...
2017-12-13  0:32:24 139840222649224 [Note] Crash recovery finished.
2017-12-13  0:32:24 139840222649224 [Note] Server socket created on IP: '::'.
2017-12-13  0:32:24 139840222649224 [Note] /usr/bin/mysqld: ready for connections.
Version: '10.1.28-MariaDB'  socket: '/run/mysqld/mysqld.sock'  port: 3306  MariaDB Server
171213 00:50:55 mysqld_safe Starting mysqld daemon with databases from /var/lib/mysql
2017-12-13  0:50:55 140224619498376 [Note] /usr/bin/mysqld (mysqld 10.1.28-MariaDB) starting as process 179 ...
2017-12-13  0:50:55 140224619498376 [Note] InnoDB: innodb_empty_free_list_algorithm has been changed to legacy because of small buffer pool size. In order to use backoff, increase buffer pool at least up to 20MB.

2017-12-13  0:50:55 140224619498376 [Note] InnoDB: Using mutexes to ref count buffer pool pages
2017-12-13  0:50:55 140224619498376 [Note] InnoDB: The InnoDB memory heap is disabled
2017-12-13  0:50:55 140224619498376 [Note] InnoDB: Mutexes and rw_locks use GCC atomic builtins
2017-12-13  0:50:55 140224619498376 [Note] InnoDB: GCC builtin __atomic_thread_fence() is used for memory barrier
2017-12-13  0:50:55 140224619498376 [Note] InnoDB: Compressed tables use zlib 1.2.11
2017-12-13  0:50:55 140224619498376 [Note] InnoDB: Using Linux native AIO
2017-12-13  0:50:55 140224619498376 [Note] InnoDB: Using generic crc32 instructions
2017-12-13  0:50:55 140224619498376 [Note] InnoDB: Initializing buffer pool, size = 16.0M
2017-12-13  0:50:55 140224619498376 [Note] InnoDB: Completed initialization of buffer pool
2017-12-13  0:50:55 140224619498376 [Note] InnoDB: Highest supported file format is Barracuda.
2017-12-13  0:50:55 140224619498376 [Note] InnoDB: The log sequence number 1616724 in ibdata file do not match the log sequence number 11397058 in the ib_logfiles!
2017-12-13  0:50:55 140224619498376 [Note] InnoDB: Restoring possible half-written data pages from the doublewrite buffer...
InnoDB: Last MySQL binlog file position 0 193990, file name ./mysql-bin.000015
2017-12-13  0:50:55 140224619498376 [Note] InnoDB: 128 rollback segment(s) are active.
2017-12-13  0:50:55 140224619498376 [Note] InnoDB: Waiting for purge to start
2017-12-13  0:50:55 140224619498376 [Note] InnoDB:  Percona XtraDB (http://www.percona.com) 5.6.36-82.2 started; log sequence number 11397058
2017-12-13  0:50:55 140224619498376 [Note] Plugin 'FEEDBACK' is disabled.
2017-12-13  0:50:55 140224619498376 [Note] Recovering after a crash using mysql-bin
2017-12-13  0:50:55 140224399153896 [Note] InnoDB: Dumping buffer pool(s) not yet started
2017-12-13  0:50:55 140224619498376 [Note] Starting crash recovery...
2017-12-13  0:50:55 140224619498376 [Note] Crash recovery finished.
2017-12-13  0:50:55 140224619498376 [Note] Server socket created on IP: '::'.
2017-12-13  0:50:55 140224619498376 [Note] /usr/bin/mysqld: ready for connections.
Version: '10.1.28-MariaDB'  socket: '/run/mysqld/mysqld.sock'  port: 3306  MariaDB Server
171213 00:56:03 mysqld_safe Starting mysqld daemon with databases from /var/lib/mysql
2017-12-13  0:56:03 139909820930952 [Note] /usr/bin/mysqld (mysqld 10.1.28-MariaDB) starting as process 179 ...
2017-12-13  0:56:03 139909820930952 [Note] InnoDB: innodb_empty_free_list_algorithm has been changed to legacy because of small buffer pool size. In order to use backoff, increase buffer pool at least up to 20MB.

2017-12-13  0:56:03 139909820930952 [Note] InnoDB: Using mutexes to ref count buffer pool pages
2017-12-13  0:56:03 139909820930952 [Note] InnoDB: The InnoDB memory heap is disabled
2017-12-13  0:56:03 139909820930952 [Note] InnoDB: Mutexes and rw_locks use GCC atomic builtins
2017-12-13  0:56:03 139909820930952 [Note] InnoDB: GCC builtin __atomic_thread_fence() is used for memory barrier
2017-12-13  0:56:03 139909820930952 [Note] InnoDB: Compressed tables use zlib 1.2.11
2017-12-13  0:56:03 139909820930952 [Note] InnoDB: Using Linux native AIO
2017-12-13  0:56:03 139909820930952 [Note] InnoDB: Using generic crc32 instructions
2017-12-13  0:56:03 139909820930952 [Note] InnoDB: Initializing buffer pool, size = 16.0M
2017-12-13  0:56:03 139909820930952 [Note] InnoDB: Completed initialization of buffer pool
2017-12-13  0:56:03 139909820930952 [Note] InnoDB: Highest supported file format is Barracuda.
2017-12-13  0:56:03 139909820930952 [Note] InnoDB: The log sequence number 1616724 in ibdata file do not match the log sequence number 11474811 in the ib_logfiles!
2017-12-13  0:56:03 139909820930952 [Note] InnoDB: Restoring possible half-written data pages from the doublewrite buffer...
InnoDB: Last MySQL binlog file position 0 43331, file name ./mysql-bin.000016
2017-12-13  0:56:03 139909820930952 [Note] InnoDB: 128 rollback segment(s) are active.
2017-12-13  0:56:03 139909820930952 [Note] InnoDB: Waiting for purge to start
2017-12-13  0:56:03 139909820930952 [Note] InnoDB:  Percona XtraDB (http://www.percona.com) 5.6.36-82.2 started; log sequence number 11474811
2017-12-13  0:56:03 139909820930952 [Note] Plugin 'FEEDBACK' is disabled.
2017-12-13  0:56:03 139909820930952 [Note] Recovering after a crash using mysql-bin
2017-12-13  0:56:03 139909820930952 [Note] Starting crash recovery...
2017-12-13  0:56:03 139909820930952 [Note] Crash recovery finished.
2017-12-13  0:56:03 139909600586472 [Note] InnoDB: Dumping buffer pool(s) not yet started
2017-12-13  0:56:03 139909820930952 [Note] Server socket created on IP: '::'.
2017-12-13  0:56:03 139909820930952 [Note] /usr/bin/mysqld: ready for connections.
Version: '10.1.28-MariaDB'  socket: '/run/mysqld/mysqld.sock'  port: 3306  MariaDB Server
171213 01:08:54 mysqld_safe Starting mysqld daemon with databases from /var/lib/mysql
2017-12-13  1:08:54 139637414509448 [Note] /usr/bin/mysqld (mysqld 10.1.28-MariaDB) starting as process 180 ...
2017-12-13  1:08:54 139637414509448 [Note] InnoDB: innodb_empty_free_list_algorithm has been changed to legacy because of small buffer pool size. In order to use backoff, increase buffer pool at least up to 20MB.

2017-12-13  1:08:54 139637414509448 [Note] InnoDB: Using mutexes to ref count buffer pool pages
2017-12-13  1:08:54 139637414509448 [Note] InnoDB: The InnoDB memory heap is disabled
2017-12-13  1:08:54 139637414509448 [Note] InnoDB: Mutexes and rw_locks use GCC atomic builtins
2017-12-13  1:08:54 139637414509448 [Note] InnoDB: GCC builtin __atomic_thread_fence() is used for memory barrier
2017-12-13  1:08:54 139637414509448 [Note] InnoDB: Compressed tables use zlib 1.2.11
2017-12-13  1:08:54 139637414509448 [Note] InnoDB: Using Linux native AIO
2017-12-13  1:08:54 139637414509448 [Note] InnoDB: Using generic crc32 instructions
2017-12-13  1:08:54 139637414509448 [Note] InnoDB: Initializing buffer pool, size = 16.0M
2017-12-13  1:08:54 139637414509448 [Note] InnoDB: Completed initialization of buffer pool
2017-12-13  1:08:54 139637414509448 [Note] InnoDB: Highest supported file format is Barracuda.
2017-12-13  1:08:54 139637414509448 [Note] InnoDB: The log sequence number 1616724 in ibdata file do not match the log sequence number 11650492 in the ib_logfiles!
2017-12-13  1:08:54 139637414509448 [Note] InnoDB: Restoring possible half-written data pages from the doublewrite buffer...
InnoDB: Last MySQL binlog file position 0 96680, file name ./mysql-bin.000017
2017-12-13  1:08:54 139637414509448 [Note] InnoDB: 128 rollback segment(s) are active.
2017-12-13  1:08:54 139637414509448 [Note] InnoDB: Waiting for purge to start
2017-12-13  1:08:54 139637414509448 [Note] InnoDB:  Percona XtraDB (http://www.percona.com) 5.6.36-82.2 started; log sequence number 11650492
2017-12-13  1:08:54 139637194164968 [Note] InnoDB: Dumping buffer pool(s) not yet started
2017-12-13  1:08:54 139637414509448 [Note] Plugin 'FEEDBACK' is disabled.
2017-12-13  1:08:54 139637414509448 [Note] Recovering after a crash using mysql-bin
2017-12-13  1:08:54 139637414509448 [Note] Starting crash recovery...
2017-12-13  1:08:54 139637414509448 [Note] Crash recovery finished.
2017-12-13  1:08:54 139637414509448 [Note] Server socket created on IP: '::'.
2017-12-13  1:08:54 139637414509448 [Note] /usr/bin/mysqld: ready for connections.
Version: '10.1.28-MariaDB'  socket: '/run/mysqld/mysqld.sock'  port: 3306  MariaDB Server
171213 01:12:43 mysqld_safe Starting mysqld daemon with databases from /var/lib/mysql
2017-12-13  1:12:43 139630097804168 [Note] /usr/bin/mysqld (mysqld 10.1.28-MariaDB) starting as process 181 ...
2017-12-13  1:12:43 139630097804168 [Note] InnoDB: innodb_empty_free_list_algorithm has been changed to legacy because of small buffer pool size. In order to use backoff, increase buffer pool at least up to 20MB.

2017-12-13  1:12:43 139630097804168 [Note] InnoDB: Using mutexes to ref count buffer pool pages
2017-12-13  1:12:43 139630097804168 [Note] InnoDB: The InnoDB memory heap is disabled
2017-12-13  1:12:43 139630097804168 [Note] InnoDB: Mutexes and rw_locks use GCC atomic builtins
2017-12-13  1:12:43 139630097804168 [Note] InnoDB: GCC builtin __atomic_thread_fence() is used for memory barrier
2017-12-13  1:12:43 139630097804168 [Note] InnoDB: Compressed tables use zlib 1.2.11
2017-12-13  1:12:43 139630097804168 [Note] InnoDB: Using Linux native AIO
2017-12-13  1:12:43 139630097804168 [Note] InnoDB: Using generic crc32 instructions
2017-12-13  1:12:43 139630097804168 [Note] InnoDB: Initializing buffer pool, size = 16.0M
2017-12-13  1:12:43 139630097804168 [Note] InnoDB: Completed initialization of buffer pool
2017-12-13  1:12:43 139630097804168 [Note] InnoDB: Highest supported file format is Barracuda.
2017-12-13  1:12:43 139630097804168 [Note] InnoDB: The log sequence number 1616724 in ibdata file do not match the log sequence number 11650502 in the ib_logfiles!
2017-12-13  1:12:43 139630097804168 [Note] InnoDB: Restoring possible half-written data pages from the doublewrite buffer...
InnoDB: Last MySQL binlog file position 0 96680, file name ./mysql-bin.000017
2017-12-13  1:12:43 139630097804168 [Note] InnoDB: 128 rollback segment(s) are active.
2017-12-13  1:12:43 139630097804168 [Note] InnoDB: Waiting for purge to start
2017-12-13  1:12:43 139630097804168 [Note] InnoDB:  Percona XtraDB (http://www.percona.com) 5.6.36-82.2 started; log sequence number 11650502
2017-12-13  1:12:43 139629877459688 [Note] InnoDB: Dumping buffer pool(s) not yet started
2017-12-13  1:12:43 139630097804168 [Note] Plugin 'FEEDBACK' is disabled.
2017-12-13  1:12:43 139630097804168 [Note] Recovering after a crash using mysql-bin
2017-12-13  1:12:43 139630097804168 [Note] Starting crash recovery...
2017-12-13  1:12:43 139630097804168 [Note] Crash recovery finished.
2017-12-13  1:12:43 139630097804168 [Note] Server socket created on IP: '::'.
2017-12-13  1:12:43 139630097804168 [Note] /usr/bin/mysqld: ready for connections.
Version: '10.1.28-MariaDB'  socket: '/run/mysqld/mysqld.sock'  port: 3306  MariaDB Server
171213 01:14:28 mysqld_safe Starting mysqld daemon with databases from /var/lib/mysql
2017-12-13  1:14:28 140004157729672 [Note] /usr/bin/mysqld (mysqld 10.1.28-MariaDB) starting as process 178 ...
2017-12-13  1:14:28 140004157729672 [Note] InnoDB: innodb_empty_free_list_algorithm has been changed to legacy because of small buffer pool size. In order to use backoff, increase buffer pool at least up to 20MB.

2017-12-13  1:14:29 140004157729672 [Note] InnoDB: Using mutexes to ref count buffer pool pages
2017-12-13  1:14:29 140004157729672 [Note] InnoDB: The InnoDB memory heap is disabled
2017-12-13  1:14:29 140004157729672 [Note] InnoDB: Mutexes and rw_locks use GCC atomic builtins
2017-12-13  1:14:29 140004157729672 [Note] InnoDB: GCC builtin __atomic_thread_fence() is used for memory barrier
2017-12-13  1:14:29 140004157729672 [Note] InnoDB: Compressed tables use zlib 1.2.11
2017-12-13  1:14:29 140004157729672 [Note] InnoDB: Using Linux native AIO
2017-12-13  1:14:29 140004157729672 [Note] InnoDB: Using generic crc32 instructions
2017-12-13  1:14:29 140004157729672 [Note] InnoDB: Initializing buffer pool, size = 16.0M
2017-12-13  1:14:29 140004157729672 [Note] InnoDB: Completed initialization of buffer pool
2017-12-13  1:14:29 140004157729672 [Note] InnoDB: Highest supported file format is Barracuda.
2017-12-13  1:14:29 140004157729672 [Note] InnoDB: The log sequence number 1616724 in ibdata file do not match the log sequence number 11672221 in the ib_logfiles!
2017-12-13  1:14:29 140004157729672 [Note] InnoDB: Restoring possible half-written data pages from the doublewrite buffer...
InnoDB: Last MySQL binlog file position 0 12115, file name ./mysql-bin.000019
2017-12-13  1:14:29 140004157729672 [Note] InnoDB: 128 rollback segment(s) are active.
2017-12-13  1:14:29 140004157729672 [Note] InnoDB: Waiting for purge to start
2017-12-13  1:14:29 140004157729672 [Note] InnoDB:  Percona XtraDB (http://www.percona.com) 5.6.36-82.2 started; log sequence number 11672221
2017-12-13  1:14:29 140003937385192 [Note] InnoDB: Dumping buffer pool(s) not yet started
2017-12-13  1:14:29 140004157729672 [Note] Plugin 'FEEDBACK' is disabled.
2017-12-13  1:14:29 140004157729672 [Note] Recovering after a crash using mysql-bin
2017-12-13  1:14:29 140004157729672 [Note] Starting crash recovery...
2017-12-13  1:14:29 140004157729672 [Note] Crash recovery finished.
2017-12-13  1:14:29 140004157729672 [Note] Server socket created on IP: '::'.
2017-12-13  1:14:29 140004157729672 [Note] /usr/bin/mysqld: ready for connections.
Version: '10.1.28-MariaDB'  socket: '/run/mysqld/mysqld.sock'  port: 3306  MariaDB Server
