171212 00:17:58 mysqld_safe Starting mysqld daemon with databases from /var/lib/mysql
2017-12-12  0:17:58 140183065312136 [Note] /usr/bin/mysqld (mysqld 10.1.28-MariaDB) starting as process 302 ...
2017-12-12  0:17:58 140183065312136 [Note] InnoDB: innodb_empty_free_list_algorithm has been changed to legacy because of small buffer pool size. In order to use backoff, increase buffer pool at least up to 20MB.

2017-12-12  0:17:59 140183065312136 [Note] InnoDB: Using mutexes to ref count buffer pool pages
2017-12-12  0:17:59 140183065312136 [Note] InnoDB: The InnoDB memory heap is disabled
2017-12-12  0:17:59 140183065312136 [Note] InnoDB: Mutexes and rw_locks use GCC atomic builtins
2017-12-12  0:17:59 140183065312136 [Note] InnoDB: GCC builtin __atomic_thread_fence() is used for memory barrier
2017-12-12  0:17:59 140183065312136 [Note] InnoDB: Compressed tables use zlib 1.2.11
2017-12-12  0:17:59 140183065312136 [Note] InnoDB: Using Linux native AIO
2017-12-12  0:17:59 140183065312136 [Note] InnoDB: Using generic crc32 instructions
2017-12-12  0:17:59 140183065312136 [Note] InnoDB: Initializing buffer pool, size = 16.0M
2017-12-12  0:17:59 140183065312136 [Note] InnoDB: Completed initialization of buffer pool
2017-12-12  0:17:59 140183065312136 [Note] InnoDB: Highest supported file format is Barracuda.
2017-12-12  0:17:59 140183065312136 [Note] InnoDB: 128 rollback segment(s) are active.
2017-12-12  0:17:59 140183065312136 [Note] InnoDB: Waiting for purge to start
2017-12-12  0:17:59 140183065312136 [Note] InnoDB:  Percona XtraDB (http://www.percona.com) 5.6.36-82.2 started; log sequence number 1616724
2017-12-12  0:18:00 140182844967656 [Note] InnoDB: Dumping buffer pool(s) not yet started
2017-12-12  0:18:00 140183065312136 [Note] Plugin 'FEEDBACK' is disabled.
2017-12-12  0:18:00 140183065312136 [Note] Server socket created on IP: '::'.
2017-12-12  0:18:00 140183065312136 [Note] /usr/bin/mysqld: ready for connections.
Version: '10.1.28-MariaDB'  socket: '/run/mysqld/mysqld.sock'  port: 3306  MariaDB Server
171212 01:27:46 mysqld_safe Starting mysqld daemon with databases from /var/lib/mysql
2017-12-12  1:27:46 139921545173896 [Note] /usr/bin/mysqld (mysqld 10.1.28-MariaDB) starting as process 179 ...
2017-12-12  1:27:46 139921545173896 [Note] InnoDB: innodb_empty_free_list_algorithm has been changed to legacy because of small buffer pool size. In order to use backoff, increase buffer pool at least up to 20MB.

2017-12-12  1:27:46 139921545173896 [Note] InnoDB: Using mutexes to ref count buffer pool pages
2017-12-12  1:27:46 139921545173896 [Note] InnoDB: The InnoDB memory heap is disabled
2017-12-12  1:27:46 139921545173896 [Note] InnoDB: Mutexes and rw_locks use GCC atomic builtins
2017-12-12  1:27:46 139921545173896 [Note] InnoDB: GCC builtin __atomic_thread_fence() is used for memory barrier
2017-12-12  1:27:46 139921545173896 [Note] InnoDB: Compressed tables use zlib 1.2.11
2017-12-12  1:27:46 139921545173896 [Note] InnoDB: Using Linux native AIO
2017-12-12  1:27:46 139921545173896 [Note] InnoDB: Using generic crc32 instructions
2017-12-12  1:27:46 139921545173896 [Note] InnoDB: Initializing buffer pool, size = 16.0M
2017-12-12  1:27:46 139921545173896 [Note] InnoDB: Completed initialization of buffer pool
2017-12-12  1:27:46 139921545173896 [Note] InnoDB: Highest supported file format is Barracuda.
2017-12-12  1:27:47 139921545173896 [Note] InnoDB: The log sequence number 1616724 in ibdata file do not match the log sequence number 4140923 in the ib_logfiles!
2017-12-12  1:27:47 139921545173896 [Note] InnoDB: Restoring possible half-written data pages from the doublewrite buffer...
InnoDB: Last MySQL binlog file position 0 875940, file name ./mysql-bin.000004
2017-12-12  1:27:47 139921545173896 [Note] InnoDB: 128 rollback segment(s) are active.
2017-12-12  1:27:47 139921545173896 [Note] InnoDB: Waiting for purge to start
2017-12-12  1:27:47 139921545173896 [Note] InnoDB:  Percona XtraDB (http://www.percona.com) 5.6.36-82.2 started; log sequence number 4140923
2017-12-12  1:27:47 139921545173896 [Note] Plugin 'FEEDBACK' is disabled.
2017-12-12  1:27:47 139921545173896 [Note] Recovering after a crash using mysql-bin
2017-12-12  1:27:47 139921324829416 [Note] InnoDB: Dumping buffer pool(s) not yet started
2017-12-12  1:27:47 139921545173896 [Note] Starting crash recovery...
2017-12-12  1:27:47 139921545173896 [Note] Crash recovery finished.
2017-12-12  1:27:47 139921545173896 [Note] Server socket created on IP: '::'.
2017-12-12  1:27:47 139921545173896 [ERROR] mysqld: Table './mysql/user' is marked as crashed and should be repaired
2017-12-12  1:27:47 139921545173896 [Warning] Checking table:   './mysql/user'
2017-12-12  1:27:47 139921545173896 [ERROR] mysql.user: 1 client is using or hasn't closed the table properly
2017-12-12  1:27:47 139921545173896 [ERROR] mysqld: Table './mysql/db' is marked as crashed and should be repaired
2017-12-12  1:27:47 139921545173896 [Warning] Checking table:   './mysql/db'
2017-12-12  1:27:47 139921545173896 [ERROR] mysql.db: 1 client is using or hasn't closed the table properly
2017-12-12  1:27:47 139921545173896 [Note] /usr/bin/mysqld: ready for connections.
Version: '10.1.28-MariaDB'  socket: '/run/mysqld/mysqld.sock'  port: 3306  MariaDB Server
171212 01:30:31 mysqld_safe Starting mysqld daemon with databases from /var/lib/mysql
2017-12-12  1:30:31 140621993933704 [Note] /usr/bin/mysqld (mysqld 10.1.28-MariaDB) starting as process 179 ...
2017-12-12  1:30:31 140621993933704 [Note] InnoDB: innodb_empty_free_list_algorithm has been changed to legacy because of small buffer pool size. In order to use backoff, increase buffer pool at least up to 20MB.

2017-12-12  1:30:31 140621993933704 [Note] InnoDB: Using mutexes to ref count buffer pool pages
2017-12-12  1:30:31 140621993933704 [Note] InnoDB: The InnoDB memory heap is disabled
2017-12-12  1:30:31 140621993933704 [Note] InnoDB: Mutexes and rw_locks use GCC atomic builtins
2017-12-12  1:30:31 140621993933704 [Note] InnoDB: GCC builtin __atomic_thread_fence() is used for memory barrier
2017-12-12  1:30:31 140621993933704 [Note] InnoDB: Compressed tables use zlib 1.2.11
2017-12-12  1:30:31 140621993933704 [Note] InnoDB: Using Linux native AIO
2017-12-12  1:30:31 140621993933704 [Note] InnoDB: Using generic crc32 instructions
2017-12-12  1:30:31 140621993933704 [Note] InnoDB: Initializing buffer pool, size = 16.0M
2017-12-12  1:30:31 140621993933704 [Note] InnoDB: Completed initialization of buffer pool
2017-12-12  1:30:31 140621993933704 [Note] InnoDB: Highest supported file format is Barracuda.
2017-12-12  1:30:31 140621993933704 [Note] InnoDB: The log sequence number 1616724 in ibdata file do not match the log sequence number 4140933 in the ib_logfiles!
2017-12-12  1:30:31 140621993933704 [Note] InnoDB: Restoring possible half-written data pages from the doublewrite buffer...
InnoDB: Last MySQL binlog file position 0 875940, file name ./mysql-bin.000004
2017-12-12  1:30:31 140621993933704 [Note] InnoDB: 128 rollback segment(s) are active.
2017-12-12  1:30:31 140621993933704 [Note] InnoDB: Waiting for purge to start
2017-12-12  1:30:31 140621993933704 [Note] InnoDB:  Percona XtraDB (http://www.percona.com) 5.6.36-82.2 started; log sequence number 4140933
2017-12-12  1:30:31 140621993933704 [Note] Plugin 'FEEDBACK' is disabled.
2017-12-12  1:30:31 140621993933704 [Note] Recovering after a crash using mysql-bin
2017-12-12  1:30:31 140621993933704 [Note] Starting crash recovery...
2017-12-12  1:30:31 140621993933704 [Note] Crash recovery finished.
2017-12-12  1:30:31 140621773589224 [Note] InnoDB: Dumping buffer pool(s) not yet started
2017-12-12  1:30:31 140621993933704 [Note] Server socket created on IP: '::'.
2017-12-12  1:30:31 140621993933704 [Note] /usr/bin/mysqld: ready for connections.
Version: '10.1.28-MariaDB'  socket: '/run/mysqld/mysqld.sock'  port: 3306  MariaDB Server
171212 01:40:05 mysqld_safe Starting mysqld daemon with databases from /var/lib/mysql
2017-12-12  1:40:05 140364642184072 [Note] /usr/bin/mysqld (mysqld 10.1.28-MariaDB) starting as process 180 ...
2017-12-12  1:40:05 140364642184072 [Note] InnoDB: innodb_empty_free_list_algorithm has been changed to legacy because of small buffer pool size. In order to use backoff, increase buffer pool at least up to 20MB.

2017-12-12  1:40:05 140364642184072 [Note] InnoDB: Using mutexes to ref count buffer pool pages
2017-12-12  1:40:05 140364642184072 [Note] InnoDB: The InnoDB memory heap is disabled
2017-12-12  1:40:05 140364642184072 [Note] InnoDB: Mutexes and rw_locks use GCC atomic builtins
2017-12-12  1:40:05 140364642184072 [Note] InnoDB: GCC builtin __atomic_thread_fence() is used for memory barrier
2017-12-12  1:40:05 140364642184072 [Note] InnoDB: Compressed tables use zlib 1.2.11
2017-12-12  1:40:05 140364642184072 [Note] InnoDB: Using Linux native AIO
2017-12-12  1:40:05 140364642184072 [Note] InnoDB: Using generic crc32 instructions
2017-12-12  1:40:05 140364642184072 [Note] InnoDB: Initializing buffer pool, size = 16.0M
2017-12-12  1:40:05 140364642184072 [Note] InnoDB: Completed initialization of buffer pool
2017-12-12  1:40:05 140364642184072 [Note] InnoDB: Highest supported file format is Barracuda.
2017-12-12  1:40:05 140364642184072 [Note] InnoDB: The log sequence number 1616724 in ibdata file do not match the log sequence number 4366112 in the ib_logfiles!
2017-12-12  1:40:05 140364642184072 [Note] InnoDB: Restoring possible half-written data pages from the doublewrite buffer...
InnoDB: Last MySQL binlog file position 0 111968, file name ./mysql-bin.000006
2017-12-12  1:40:06 140364642184072 [Note] InnoDB: 128 rollback segment(s) are active.
2017-12-12  1:40:06 140364642184072 [Note] InnoDB: Waiting for purge to start
2017-12-12  1:40:06 140364642184072 [Note] InnoDB:  Percona XtraDB (http://www.percona.com) 5.6.36-82.2 started; log sequence number 4366112
2017-12-12  1:40:06 140364421839592 [Note] InnoDB: Dumping buffer pool(s) not yet started
2017-12-12  1:40:06 140364642184072 [Note] Plugin 'FEEDBACK' is disabled.
2017-12-12  1:40:06 140364642184072 [Note] Recovering after a crash using mysql-bin
2017-12-12  1:40:06 140364642184072 [Note] Starting crash recovery...
2017-12-12  1:40:06 140364642184072 [Note] Crash recovery finished.
2017-12-12  1:40:06 140364642184072 [Note] Server socket created on IP: '::'.
2017-12-12  1:40:06 140364642184072 [Note] /usr/bin/mysqld: ready for connections.
Version: '10.1.28-MariaDB'  socket: '/run/mysqld/mysqld.sock'  port: 3306  MariaDB Server
171212 01:47:15 mysqld_safe Starting mysqld daemon with databases from /var/lib/mysql
2017-12-12  1:47:15 139851679767432 [Note] /usr/bin/mysqld (mysqld 10.1.28-MariaDB) starting as process 179 ...
2017-12-12  1:47:15 139851679767432 [Note] InnoDB: innodb_empty_free_list_algorithm has been changed to legacy because of small buffer pool size. In order to use backoff, increase buffer pool at least up to 20MB.

2017-12-12  1:47:16 139851679767432 [Note] InnoDB: Using mutexes to ref count buffer pool pages
2017-12-12  1:47:16 139851679767432 [Note] InnoDB: The InnoDB memory heap is disabled
2017-12-12  1:47:16 139851679767432 [Note] InnoDB: Mutexes and rw_locks use GCC atomic builtins
2017-12-12  1:47:16 139851679767432 [Note] InnoDB: GCC builtin __atomic_thread_fence() is used for memory barrier
2017-12-12  1:47:16 139851679767432 [Note] InnoDB: Compressed tables use zlib 1.2.11
2017-12-12  1:47:16 139851679767432 [Note] InnoDB: Using Linux native AIO
2017-12-12  1:47:16 139851679767432 [Note] InnoDB: Using generic crc32 instructions
2017-12-12  1:47:16 139851679767432 [Note] InnoDB: Initializing buffer pool, size = 16.0M
2017-12-12  1:47:16 139851679767432 [Note] InnoDB: Completed initialization of buffer pool
2017-12-12  1:47:16 139851679767432 [Note] InnoDB: Highest supported file format is Barracuda.
2017-12-12  1:47:16 139851679767432 [Note] InnoDB: The log sequence number 1616724 in ibdata file do not match the log sequence number 4498391 in the ib_logfiles!
2017-12-12  1:47:16 139851679767432 [Note] InnoDB: Restoring possible half-written data pages from the doublewrite buffer...
InnoDB: Last MySQL binlog file position 0 70587, file name ./mysql-bin.000007
2017-12-12  1:47:16 139851679767432 [Note] InnoDB: 128 rollback segment(s) are active.
2017-12-12  1:47:16 139851679767432 [Note] InnoDB: Waiting for purge to start
2017-12-12  1:47:16 139851679767432 [Note] InnoDB:  Percona XtraDB (http://www.percona.com) 5.6.36-82.2 started; log sequence number 4498391
2017-12-12  1:47:17 139851459422952 [Note] InnoDB: Dumping buffer pool(s) not yet started
2017-12-12  1:47:17 139851679767432 [Note] Plugin 'FEEDBACK' is disabled.
2017-12-12  1:47:17 139851679767432 [Note] Recovering after a crash using mysql-bin
2017-12-12  1:47:17 139851679767432 [Note] Starting crash recovery...
2017-12-12  1:47:17 139851679767432 [Note] Crash recovery finished.
2017-12-12  1:47:17 139851679767432 [Note] Server socket created on IP: '::'.
2017-12-12  1:47:17 139851679767432 [Note] /usr/bin/mysqld: ready for connections.
Version: '10.1.28-MariaDB'  socket: '/run/mysqld/mysqld.sock'  port: 3306  MariaDB Server
